#
# There is insufficient memory for the Java Runtime Environment to continue.
# Native memory allocation (mmap) failed to map 209715200 bytes for G1 virtual space
# Possible reasons:
#   The system is out of physical RAM or swap space
#   The process is running with CompressedOops enabled, and the Java Heap may be blocking the growth of the native heap
# Possible solutions:
#   Reduce memory load on the system
#   Increase physical memory or swap space
#   Check if swap backing store is full
#   Decrease Java heap size (-Xmx/-Xms)
#   Decrease number of Java threads
#   Decrease Java thread stack sizes (-Xss)
#   Set larger code cache with -XX:ReservedCodeCacheSize=
#   JVM is running with Unscaled Compressed Oops mode in which the Java heap is
#     placed in the first 4GB address space. The Java Heap base address is the
#     maximum limit for the native heap growth. Please use -XX:HeapBaseMinAddress
#     to set the Java Heap base and to place the Java Heap above 4GB virtual address.
# This output file may be truncated or incomplete.
#
#  Out of Memory Error (os_windows.cpp:3541), pid=3644, tid=412
#
# JRE version: OpenJDK Runtime Environment Temurin-17.0.4.1+1 (17.0.4.1+1) (build 17.0.4.1+1)
# Java VM: OpenJDK 64-Bit Server VM Temurin-17.0.4.1+1 (17.0.4.1+1, mixed mode, emulated-client, tiered, compressed oops, compressed class ptrs, g1 gc, windows-amd64)
# No core dump will be written. Minidumps are not enabled by default on client versions of Windows
#

---------------  S U M M A R Y ------------

Command Line: -Dsts.lsp.client=vscode -Dsts.log.file=/dev/null -XX:TieredStopAtLevel=1 -Xlog:jni+resolve=off -Dspring.config.location=file:c:\Users\wmaluc\.vscode\extensions\pivotal.vscode-spring-boot-1.40.0\language-server\BOOT-INF\classes\application.properties org.springframework.ide.vscode.boot.app.BootLanguageServerBootApp

Host: Intel(R) Core(TM) i7-3610QM CPU @ 2.30GHz, 8 cores, 7G,  Windows 10 , 64 bit Build 19041 (10.0.19041.2251)
Time: Sat Nov 19 10:38:57 2022 Hora est. Pacífico, Sudamérica elapsed time: 47.868372 seconds (0d 0h 0m 47s)

---------------  T H R E A D  ---------------

Current thread (0x000001c0315f8b50):  VMThread "VM Thread" [stack: 0x0000003bbce00000,0x0000003bbcf00000] [id=412]

Stack: [0x0000003bbce00000,0x0000003bbcf00000]
Native frames: (J=compiled Java code, j=interpreted, Vv=VM code, C=native code)
V  [jvm.dll+0x67731a]
V  [jvm.dll+0x832284]
V  [jvm.dll+0x833a2e]
V  [jvm.dll+0x834093]
V  [jvm.dll+0x245775]
V  [jvm.dll+0x674209]
V  [jvm.dll+0x668a92]
V  [jvm.dll+0x30471b]
V  [jvm.dll+0x30bc66]
V  [jvm.dll+0x35ba9e]
V  [jvm.dll+0x35bccf]
V  [jvm.dll+0x2db5b8]
V  [jvm.dll+0x2d986c]
V  [jvm.dll+0x2d8e3c]
V  [jvm.dll+0x31cd9b]
V  [jvm.dll+0x83853b]
V  [jvm.dll+0x839274]
V  [jvm.dll+0x83978c]
V  [jvm.dll+0x839b64]
V  [jvm.dll+0x839c30]
V  [jvm.dll+0x7e240a]
V  [jvm.dll+0x6761a5]
C  [ucrtbase.dll+0x21bb2]
C  [KERNEL32.DLL+0x174b4]
C  [ntdll.dll+0x526a1]

VM_Operation (0x0000003bbfafe0f0): G1CollectForAllocation, mode: safepoint, requested by thread 0x000001c034237e10


---------------  P R O C E S S  ---------------

Threads class SMR info:
_java_thread_list=0x000001c0340562a0, length=42, elements={
0x000001c031612750, 0x000001c031613ca0, 0x000001c031644130, 0x000001c031646a10,
0x000001c031647a70, 0x000001c03200b030, 0x000001c03200c090, 0x000001c03200f8f0,
0x000001c0321ff760, 0x000001c0321ffc30, 0x000001c0321fcc10, 0x000001c0321fe420,
0x000001c0321ff290, 0x000001c0321fe8f0, 0x000001c0322005d0, 0x000001c0321fedc0,
0x000001c032200100, 0x000001c0321fd0e0, 0x000001c0321fd5b0, 0x000001c0321fdf50,
0x000001c0321fda80, 0x000001c0342322a0, 0x000001c034236600, 0x000001c034232c40,
0x000001c034234df0, 0x000001c034238c80, 0x000001c0342352c0, 0x000001c034235c60,
0x000001c034233ab0, 0x000001c034236fa0, 0x000001c034237470, 0x000001c034234450,
0x000001c034234920, 0x000001c034239150, 0x000001c034237e10, 0x000001c034239620,
0x000001c034236ad0, 0x000001c034236130, 0x000001c034237940, 0x000001c0342382e0,
0x000001c034232770, 0x000001c0342387b0
}

Java Threads: ( => current thread )
  0x000001c031612750 JavaThread "Reference Handler" daemon [_thread_blocked, id=2844, stack(0x0000003bbcf00000,0x0000003bbd000000)]
  0x000001c031613ca0 JavaThread "Finalizer" daemon [_thread_blocked, id=15016, stack(0x0000003bbd000000,0x0000003bbd100000)]
  0x000001c031644130 JavaThread "Signal Dispatcher" daemon [_thread_blocked, id=11008, stack(0x0000003bbd100000,0x0000003bbd200000)]
  0x000001c031646a10 JavaThread "Attach Listener" daemon [_thread_blocked, id=12840, stack(0x0000003bbd200000,0x0000003bbd300000)]
  0x000001c031647a70 JavaThread "Service Thread" daemon [_thread_blocked, id=6336, stack(0x0000003bbd300000,0x0000003bbd400000)]
  0x000001c03200b030 JavaThread "Monitor Deflation Thread" daemon [_thread_blocked, id=2604, stack(0x0000003bbd400000,0x0000003bbd500000)]
  0x000001c03200c090 JavaThread "C1 CompilerThread0" daemon [_thread_blocked, id=22160, stack(0x0000003bbd500000,0x0000003bbd600000)]
  0x000001c03200f8f0 JavaThread "Sweeper thread" daemon [_thread_blocked, id=2512, stack(0x0000003bbd600000,0x0000003bbd700000)]
  0x000001c0321ff760 JavaThread "Notification Thread" daemon [_thread_blocked, id=6148, stack(0x0000003bbd700000,0x0000003bbd800000)]
  0x000001c0321ffc30 JavaThread "Common-Cleaner" daemon [_thread_blocked, id=10456, stack(0x0000003bbd900000,0x0000003bbda00000)]
  0x000001c0321fcc10 JavaThread "boundedElastic-evictor-1" daemon [_thread_blocked, id=12320, stack(0x0000003bbdc00000,0x0000003bbdd00000)]
  0x000001c0321fe420 JavaThread "pool-9-thread-1" [_thread_blocked, id=17864, stack(0x0000003bbda00000,0x0000003bbdb00000)]
  0x000001c0321ff290 JavaThread "LanguageServerApp-lifecycle" [_thread_blocked, id=9520, stack(0x0000003bbdb00000,0x0000003bbdc00000)]
  0x000001c0321fe8f0 JavaThread "DestroyJavaVM" [_thread_blocked, id=396, stack(0x0000003bbc800000,0x0000003bbc900000)]
  0x000001c0322005d0 JavaThread "pool-10-thread-1" [_thread_in_native, id=14520, stack(0x0000003bbe400000,0x0000003bbe500000)]
  0x000001c0321fedc0 JavaThread "Simple-Language-Server main thread" daemon [_thread_blocked, id=20780, stack(0x0000003bbe600000,0x0000003bbe700000)]
  0x000001c032200100 JavaThread "ForkJoinPool.commonPool-worker-1" daemon [_thread_blocked, id=17844, stack(0x0000003bbe700000,0x0000003bbe800000)]
  0x000001c0321fd0e0 JavaThread "pool-7-thread-1" [_thread_blocked, id=19404, stack(0x0000003bbe900000,0x0000003bbea00000)]
  0x000001c0321fd5b0 JavaThread "parallel-1" daemon [_thread_blocked, id=15212, stack(0x0000003bbea00000,0x0000003bbeb00000)]
  0x000001c0321fdf50 JavaThread "Reconciler-1" daemon [_thread_blocked, id=1308, stack(0x0000003bbeb00000,0x0000003bbec00000)]
  0x000001c0321fda80 JavaThread "ClassGraph-worker-0" daemon [_thread_blocked, id=15176, stack(0x0000003bbec00000,0x0000003bbed00000)]
  0x000001c0342322a0 JavaThread "pool-4-thread-1" [_thread_blocked, id=11576, stack(0x0000003bbed00000,0x0000003bbee00000)]
  0x000001c034236600 JavaThread "ClassGraph-worker-1" daemon [_thread_blocked, id=872, stack(0x0000003bbee00000,0x0000003bbef00000)]
  0x000001c034232c40 JavaThread "ClassGraph-worker-2" daemon [_thread_blocked, id=20084, stack(0x0000003bbef00000,0x0000003bbf000000)]
  0x000001c034234df0 JavaThread "ClassGraph-worker-3" daemon [_thread_blocked, id=10420, stack(0x0000003bbf000000,0x0000003bbf100000)]
  0x000001c034238c80 JavaThread "ClassGraph-worker-4" daemon [_thread_blocked, id=4780, stack(0x0000003bbf100000,0x0000003bbf200000)]
  0x000001c0342352c0 JavaThread "ClassGraph-worker-5" daemon [_thread_blocked, id=12920, stack(0x0000003bbf200000,0x0000003bbf300000)]
  0x000001c034235c60 JavaThread "ClassGraph-worker-6" daemon [_thread_blocked, id=15540, stack(0x0000003bbf300000,0x0000003bbf400000)]
  0x000001c034233ab0 JavaThread "ClassGraph-worker-7" daemon [_thread_blocked, id=18128, stack(0x0000003bbf400000,0x0000003bbf500000)]
  0x000001c034236fa0 JavaThread "ClassGraph-worker-8" daemon [_thread_blocked, id=10032, stack(0x0000003bbf500000,0x0000003bbf600000)]
  0x000001c034237470 JavaThread "ClassGraph-worker-9" daemon [_thread_blocked, id=13252, stack(0x0000003bbf600000,0x0000003bbf700000)]
  0x000001c034234450 JavaThread "ForkJoinPool.commonPool-worker-2" daemon [_thread_blocked, id=12340, stack(0x0000003bbf700000,0x0000003bbf800000)]
  0x000001c034234920 JavaThread "ClassGraph-worker-10" daemon [_thread_blocked, id=12236, stack(0x0000003bbf800000,0x0000003bbf900000)]
  0x000001c034239150 JavaThread "ClassGraph-worker-11" daemon [_thread_blocked, id=15456, stack(0x0000003bbf900000,0x0000003bbfa00000)]
  0x000001c034237e10 JavaThread "ClassGraph-worker-12" daemon [_thread_blocked, id=18440, stack(0x0000003bbfa00000,0x0000003bbfb00000)]
  0x000001c034239620 JavaThread "ClassGraph-worker-13" daemon [_thread_blocked, id=3088, stack(0x0000003bbfb00000,0x0000003bbfc00000)]
  0x000001c034236ad0 JavaThread "pool-4-thread-2" [_thread_blocked, id=11924, stack(0x0000003bbfc00000,0x0000003bbfd00000)]
  0x000001c034236130 JavaThread "parallel-2" daemon [_thread_blocked, id=13972, stack(0x0000003bbfd00000,0x0000003bbfe00000)]
  0x000001c034237940 JavaThread "pool-5-thread-1" [_thread_blocked, id=3400, stack(0x0000003bc0100000,0x0000003bc0200000)]
  0x000001c0342382e0 JavaThread "parallel-3" daemon [_thread_blocked, id=16508, stack(0x0000003bbe800000,0x0000003bbe900000)]
  0x000001c034232770 JavaThread "parallel-4" daemon [_thread_blocked, id=2172, stack(0x0000003bc0000000,0x0000003bc0100000)]
  0x000001c0342387b0 JavaThread "Project-Reconciler-1" daemon [_thread_blocked, id=11564, stack(0x0000003bc0200000,0x0000003bc0300000)]

Other Threads:
=>0x000001c0315f8b50 VMThread "VM Thread" [stack: 0x0000003bbce00000,0x0000003bbcf00000] [id=412]
  0x000001c024740bf0 WatcherThread [stack: 0x0000003bbd800000,0x0000003bbd900000] [id=15536]
  0x000001c024728010 GCTaskThread "GC Thread#0" [stack: 0x0000003bbc900000,0x0000003bbca00000] [id=14624]
  0x000001c032673820 GCTaskThread "GC Thread#1" [stack: 0x0000003bbdd00000,0x0000003bbde00000] [id=3144]
  0x000001c032b3f4a0 GCTaskThread "GC Thread#2" [stack: 0x0000003bbde00000,0x0000003bbdf00000] [id=20688]
  0x000001c032b307b0 GCTaskThread "GC Thread#3" [stack: 0x0000003bbdf00000,0x0000003bbe000000] [id=15864]
  0x000001c032b7c7e0 GCTaskThread "GC Thread#4" [stack: 0x0000003bbe000000,0x0000003bbe100000] [id=14616]
  0x000001c032b7ca90 GCTaskThread "GC Thread#5" [stack: 0x0000003bbe100000,0x0000003bbe200000] [id=13124]
  0x000001c0329a52a0 GCTaskThread "GC Thread#6" [stack: 0x0000003bbe200000,0x0000003bbe300000] [id=2720]
  0x000001c032907d80 GCTaskThread "GC Thread#7" [stack: 0x0000003bbe300000,0x0000003bbe400000] [id=11520]
  0x000001c024739650 ConcurrentGCThread "G1 Main Marker" [stack: 0x0000003bbca00000,0x0000003bbcb00000] [id=3076]
  0x000001c02473a060 ConcurrentGCThread "G1 Conc#0" [stack: 0x0000003bbcb00000,0x0000003bbcc00000] [id=2216]
  0x000001c0339f5440 ConcurrentGCThread "G1 Conc#1" [stack: 0x0000003bbe500000,0x0000003bbe600000] [id=7756]
  0x000001c02479e1c0 ConcurrentGCThread "G1 Refine#0" [stack: 0x0000003bbcc00000,0x0000003bbcd00000] [id=11808]
  0x000001c035e62f30 ConcurrentGCThread "G1 Refine#1" [stack: 0x0000003bbfe00000,0x0000003bbff00000] [id=21112]
  0x000001c03437f470 ConcurrentGCThread "G1 Refine#2" [stack: 0x0000003bbff00000,0x0000003bc0000000] [id=14416]
  0x000001c02479ebe0 ConcurrentGCThread "G1 Service" [stack: 0x0000003bbcd00000,0x0000003bbce00000] [id=5984]

Threads with active compile tasks:

VM state: at safepoint (normal execution)

VM Mutex/Monitor currently owned by a thread:  ([mutex/lock_event])
[0x000001c0224b9f60] Threads_lock - owner thread: 0x000001c0315f8b50
[0x000001c0246c99b0] Heap_lock - owner thread: 0x000001c034237e10

Heap address: 0x0000000088c00000, size: 1908 MB, Compressed Oops mode: 32-bit

CDS archive(s) not mapped
Compressed class space mapped at: 0x0000000100000000-0x0000000140000000, reserved size: 1073741824
Narrow klass base: 0x0000000000000000, Narrow klass shift: 3, Narrow klass range: 0x140000000

GC Precious Log:
 CPUs: 8 total, 8 available
 Memory: 7629M
 Large Page Support: Disabled
 NUMA Support: Disabled
 Compressed Oops: Enabled (32-bit)
 Heap Region Size: 1M
 Heap Min Capacity: 8M
 Heap Initial Capacity: 120M
 Heap Max Capacity: 1908M
 Pre-touch: Disabled
 Parallel Workers: 8
 Concurrent Workers: 2
 Concurrent Refinement Workers: 8
 Periodic GC: Disabled

Heap:
 garbage-first heap   total 280576K, used 111010K [0x0000000088c00000, 0x0000000100000000)
  region size 1024K, 11 young (11264K), 11 survivors (11264K)
 Metaspace       used 39244K, committed 39616K, reserved 1089536K
  class space    used 5000K, committed 5184K, reserved 1048576K

Heap Regions: E=young(eden), S=young(survivor), O=old, HS=humongous(starts), HC=humongous(continues), CS=collection set, F=free, OA=open archive, CA=closed archive, TAMS=top-at-mark-start (previous, next)
|   0|0x0000000088c00000, 0x0000000088d00000, 0x0000000088d00000|100%| O|  |TAMS 0x0000000088d00000, 0x0000000088c00000| Untracked 
|   1|0x0000000088d00000, 0x0000000088e00000, 0x0000000088e00000|100%| O|  |TAMS 0x0000000088e00000, 0x0000000088d00000| Untracked 
|   2|0x0000000088e00000, 0x0000000088f00000, 0x0000000088f00000|100%| O|  |TAMS 0x0000000088f00000, 0x0000000088e00000| Untracked 
|   3|0x0000000088f00000, 0x0000000089000000, 0x0000000089000000|100%| O|  |TAMS 0x0000000089000000, 0x0000000088f00000| Untracked 
|   4|0x0000000089000000, 0x0000000089100000, 0x0000000089100000|100%| O|  |TAMS 0x0000000089100000, 0x0000000089000000| Untracked 
|   5|0x0000000089100000, 0x0000000089200000, 0x0000000089200000|100%| O|  |TAMS 0x0000000089200000, 0x0000000089100000| Untracked 
|   6|0x0000000089200000, 0x0000000089300000, 0x0000000089300000|100%| O|  |TAMS 0x0000000089300000, 0x0000000089200000| Untracked 
|   7|0x0000000089300000, 0x0000000089400000, 0x0000000089400000|100%| O|  |TAMS 0x0000000089400000, 0x0000000089300000| Untracked 
|   8|0x0000000089400000, 0x0000000089500000, 0x0000000089500000|100%|HS|  |TAMS 0x0000000089400000, 0x0000000089400000| Complete 
|   9|0x0000000089500000, 0x0000000089600000, 0x0000000089600000|100%| O|  |TAMS 0x0000000089600000, 0x0000000089500000| Untracked 
|  10|0x0000000089600000, 0x0000000089700000, 0x0000000089700000|100%| O|  |TAMS 0x0000000089700000, 0x0000000089600000| Untracked 
|  11|0x0000000089700000, 0x0000000089800000, 0x0000000089800000|100%| O|  |TAMS 0x0000000089800000, 0x0000000089700000| Untracked 
|  12|0x0000000089800000, 0x0000000089900000, 0x0000000089900000|100%| O|  |TAMS 0x0000000089900000, 0x0000000089800000| Untracked 
|  13|0x0000000089900000, 0x0000000089a00000, 0x0000000089a00000|100%| O|  |TAMS 0x0000000089a00000, 0x0000000089900000| Untracked 
|  14|0x0000000089a00000, 0x0000000089b00000, 0x0000000089b00000|100%| O|  |TAMS 0x0000000089b00000, 0x0000000089a00000| Untracked 
|  15|0x0000000089b00000, 0x0000000089c00000, 0x0000000089c00000|100%| O|  |TAMS 0x0000000089c00000, 0x0000000089b00000| Untracked 
|  16|0x0000000089c00000, 0x0000000089d00000, 0x0000000089d00000|100%| O|  |TAMS 0x0000000089d00000, 0x0000000089c00000| Untracked 
|  17|0x0000000089d00000, 0x0000000089e00000, 0x0000000089e00000|100%| O|  |TAMS 0x0000000089e00000, 0x0000000089d00000| Untracked 
|  18|0x0000000089e00000, 0x0000000089f00000, 0x0000000089f00000|100%| O|  |TAMS 0x0000000089f00000, 0x0000000089e00000| Untracked 
|  19|0x0000000089f00000, 0x000000008a000000, 0x000000008a000000|100%| O|  |TAMS 0x000000008a000000, 0x0000000089f00000| Untracked 
|  20|0x000000008a000000, 0x000000008a100000, 0x000000008a100000|100%| O|  |TAMS 0x000000008a100000, 0x000000008a000000| Untracked 
|  21|0x000000008a100000, 0x000000008a200000, 0x000000008a200000|100%| O|  |TAMS 0x000000008a200000, 0x000000008a100000| Untracked 
|  22|0x000000008a200000, 0x000000008a300000, 0x000000008a300000|100%| O|  |TAMS 0x000000008a300000, 0x000000008a200000| Untracked 
|  23|0x000000008a300000, 0x000000008a400000, 0x000000008a400000|100%| O|  |TAMS 0x000000008a400000, 0x000000008a300000| Untracked 
|  24|0x000000008a400000, 0x000000008a500000, 0x000000008a500000|100%| O|  |TAMS 0x000000008a500000, 0x000000008a400000| Untracked 
|  25|0x000000008a500000, 0x000000008a600000, 0x000000008a600000|100%| O|  |TAMS 0x000000008a600000, 0x000000008a500000| Untracked 
|  26|0x000000008a600000, 0x000000008a700000, 0x000000008a700000|100%| O|  |TAMS 0x000000008a700000, 0x000000008a600000| Untracked 
|  27|0x000000008a700000, 0x000000008a800000, 0x000000008a800000|100%| O|  |TAMS 0x000000008a800000, 0x000000008a700000| Untracked 
|  28|0x000000008a800000, 0x000000008a900000, 0x000000008a900000|100%| O|  |TAMS 0x000000008a900000, 0x000000008a800000| Untracked 
|  29|0x000000008a900000, 0x000000008aa00000, 0x000000008aa00000|100%| O|  |TAMS 0x000000008aa00000, 0x000000008a900000| Untracked 
|  30|0x000000008aa00000, 0x000000008ab00000, 0x000000008ab00000|100%| O|  |TAMS 0x000000008ab00000, 0x000000008aa00000| Untracked 
|  31|0x000000008ab00000, 0x000000008ac00000, 0x000000008ac00000|100%| O|  |TAMS 0x000000008ac00000, 0x000000008ab00000| Untracked 
|  32|0x000000008ac00000, 0x000000008ad00000, 0x000000008ad00000|100%| O|  |TAMS 0x000000008ad00000, 0x000000008ac00000| Untracked 
|  33|0x000000008ad00000, 0x000000008ae00000, 0x000000008ae00000|100%| O|  |TAMS 0x000000008ae00000, 0x000000008ad00000| Untracked 
|  34|0x000000008ae00000, 0x000000008af00000, 0x000000008af00000|100%| O|  |TAMS 0x000000008af00000, 0x000000008ae00000| Untracked 
|  35|0x000000008af00000, 0x000000008b000000, 0x000000008b000000|100%| O|  |TAMS 0x000000008b000000, 0x000000008af00000| Untracked 
|  36|0x000000008b000000, 0x000000008b100000, 0x000000008b100000|100%| O|  |TAMS 0x000000008b100000, 0x000000008b000000| Untracked 
|  37|0x000000008b100000, 0x000000008b200000, 0x000000008b200000|100%| O|  |TAMS 0x000000008b200000, 0x000000008b100000| Untracked 
|  38|0x000000008b200000, 0x000000008b300000, 0x000000008b300000|100%| O|  |TAMS 0x000000008b300000, 0x000000008b200000| Untracked 
|  39|0x000000008b300000, 0x000000008b400000, 0x000000008b400000|100%| O|  |TAMS 0x000000008b400000, 0x000000008b300000| Untracked 
|  40|0x000000008b400000, 0x000000008b500000, 0x000000008b500000|100%| O|  |TAMS 0x000000008b500000, 0x000000008b400000| Untracked 
|  41|0x000000008b500000, 0x000000008b600000, 0x000000008b600000|100%| O|  |TAMS 0x000000008b600000, 0x000000008b500000| Untracked 
|  42|0x000000008b600000, 0x000000008b700000, 0x000000008b700000|100%| O|  |TAMS 0x000000008b700000, 0x000000008b600000| Untracked 
|  43|0x000000008b700000, 0x000000008b800000, 0x000000008b800000|100%| O|  |TAMS 0x000000008b700000, 0x000000008b700000| Untracked 
|  44|0x000000008b800000, 0x000000008b900000, 0x000000008b900000|100%|HS|  |TAMS 0x000000008b900000, 0x000000008b800000| Complete 
|  45|0x000000008b900000, 0x000000008ba00000, 0x000000008ba00000|100%| O|  |TAMS 0x000000008ba00000, 0x000000008b900000| Untracked 
|  46|0x000000008ba00000, 0x000000008bb00000, 0x000000008bb00000|100%| O|  |TAMS 0x000000008bb00000, 0x000000008ba00000| Untracked 
|  47|0x000000008bb00000, 0x000000008bc00000, 0x000000008bc00000|100%| O|  |TAMS 0x000000008bc00000, 0x000000008bb00000| Untracked 
|  48|0x000000008bc00000, 0x000000008bd00000, 0x000000008bd00000|100%| O|  |TAMS 0x000000008bd00000, 0x000000008bc00000| Untracked 
|  49|0x000000008bd00000, 0x000000008be00000, 0x000000008be00000|100%| O|  |TAMS 0x000000008be00000, 0x000000008bd00000| Untracked 
|  50|0x000000008be00000, 0x000000008bf00000, 0x000000008bf00000|100%| O|  |TAMS 0x000000008bf00000, 0x000000008be00000| Untracked 
|  51|0x000000008bf00000, 0x000000008c000000, 0x000000008c000000|100%| O|  |TAMS 0x000000008c000000, 0x000000008bf00000| Untracked 
|  52|0x000000008c000000, 0x000000008c100000, 0x000000008c100000|100%| O|  |TAMS 0x000000008c100000, 0x000000008c000000| Untracked 
|  53|0x000000008c100000, 0x000000008c200000, 0x000000008c200000|100%| O|  |TAMS 0x000000008c200000, 0x000000008c100000| Untracked 
|  54|0x000000008c200000, 0x000000008c300000, 0x000000008c300000|100%| O|  |TAMS 0x000000008c200000, 0x000000008c200000| Untracked 
|  55|0x000000008c300000, 0x000000008c400000, 0x000000008c400000|100%| O|  |TAMS 0x000000008c400000, 0x000000008c300000| Untracked 
|  56|0x000000008c400000, 0x000000008c500000, 0x000000008c500000|100%| O|  |TAMS 0x000000008c500000, 0x000000008c400000| Untracked 
|  57|0x000000008c500000, 0x000000008c600000, 0x000000008c600000|100%| O|  |TAMS 0x000000008c600000, 0x000000008c500000| Untracked 
|  58|0x000000008c600000, 0x000000008c700000, 0x000000008c700000|100%| O|  |TAMS 0x000000008c700000, 0x000000008c600000| Untracked 
|  59|0x000000008c700000, 0x000000008c800000, 0x000000008c800000|100%| O|  |TAMS 0x000000008c800000, 0x000000008c700000| Untracked 
|  60|0x000000008c800000, 0x000000008c900000, 0x000000008c900000|100%| O|  |TAMS 0x000000008c900000, 0x000000008c800000| Untracked 
|  61|0x000000008c900000, 0x000000008ca00000, 0x000000008ca00000|100%| O|  |TAMS 0x000000008c9cc600, 0x000000008c900000| Untracked 
|  62|0x000000008ca00000, 0x000000008cb00000, 0x000000008cb00000|100%| O|  |TAMS 0x000000008ca00000, 0x000000008ca00000| Untracked 
|  63|0x000000008cb00000, 0x000000008cc00000, 0x000000008cc00000|100%| O|  |TAMS 0x000000008cb00000, 0x000000008cb00000| Untracked 
|  64|0x000000008cc00000, 0x000000008cd00000, 0x000000008cd00000|100%| O|  |TAMS 0x000000008cc00000, 0x000000008cc00000| Untracked 
|  65|0x000000008cd00000, 0x000000008ce00000, 0x000000008ce00000|100%| O|  |TAMS 0x000000008cd00000, 0x000000008cd00000| Untracked 
|  66|0x000000008ce00000, 0x000000008cf00000, 0x000000008cf00000|100%| O|  |TAMS 0x000000008ce00000, 0x000000008ce00000| Untracked 
|  67|0x000000008cf00000, 0x000000008d000000, 0x000000008d000000|100%| O|  |TAMS 0x000000008cf00000, 0x000000008cf00000| Untracked 
|  68|0x000000008d000000, 0x000000008d100000, 0x000000008d100000|100%| O|  |TAMS 0x000000008d000000, 0x000000008d000000| Untracked 
|  69|0x000000008d100000, 0x000000008d200000, 0x000000008d200000|100%| O|  |TAMS 0x000000008d100000, 0x000000008d100000| Untracked 
|  70|0x000000008d200000, 0x000000008d300000, 0x000000008d300000|100%| O|  |TAMS 0x000000008d200000, 0x000000008d200000| Untracked 
|  71|0x000000008d300000, 0x000000008d400000, 0x000000008d400000|100%| O|  |TAMS 0x000000008d300000, 0x000000008d300000| Untracked 
|  72|0x000000008d400000, 0x000000008d500000, 0x000000008d500000|100%| O|  |TAMS 0x000000008d400000, 0x000000008d400000| Untracked 
|  73|0x000000008d500000, 0x000000008d600000, 0x000000008d600000|100%| O|  |TAMS 0x000000008d500000, 0x000000008d500000| Untracked 
|  74|0x000000008d600000, 0x000000008d700000, 0x000000008d700000|100%| O|  |TAMS 0x000000008d600000, 0x000000008d600000| Untracked 
|  75|0x000000008d700000, 0x000000008d800000, 0x000000008d800000|100%| O|  |TAMS 0x000000008d700000, 0x000000008d700000| Untracked 
|  76|0x000000008d800000, 0x000000008d900000, 0x000000008d900000|100%| O|  |TAMS 0x000000008d800000, 0x000000008d800000| Untracked 
|  77|0x000000008d900000, 0x000000008da00000, 0x000000008da00000|100%| O|  |TAMS 0x000000008d900000, 0x000000008d900000| Untracked 
|  78|0x000000008da00000, 0x000000008db00000, 0x000000008db00000|100%| O|  |TAMS 0x000000008da00000, 0x000000008da00000| Untracked 
|  79|0x000000008db00000, 0x000000008dc00000, 0x000000008dc00000|100%| O|  |TAMS 0x000000008db00000, 0x000000008db00000| Untracked 
|  80|0x000000008dc00000, 0x000000008dd00000, 0x000000008dd00000|100%| O|  |TAMS 0x000000008dc00000, 0x000000008dc00000| Untracked 
|  81|0x000000008dd00000, 0x000000008de00000, 0x000000008de00000|100%| O|  |TAMS 0x000000008dd00000, 0x000000008dd00000| Untracked 
|  82|0x000000008de00000, 0x000000008df00000, 0x000000008df00000|100%| O|  |TAMS 0x000000008de00000, 0x000000008de00000| Untracked 
|  83|0x000000008df00000, 0x000000008e000000, 0x000000008e000000|100%| O|  |TAMS 0x000000008df00000, 0x000000008df00000| Untracked 
|  84|0x000000008e000000, 0x000000008e100000, 0x000000008e100000|100%| O|  |TAMS 0x000000008e000000, 0x000000008e000000| Untracked 
|  85|0x000000008e100000, 0x000000008e200000, 0x000000008e200000|100%| O|  |TAMS 0x000000008e100000, 0x000000008e100000| Untracked 
|  86|0x000000008e200000, 0x000000008e300000, 0x000000008e300000|100%| O|  |TAMS 0x000000008e200000, 0x000000008e200000| Untracked 
|  87|0x000000008e300000, 0x000000008e400000, 0x000000008e400000|100%| O|  |TAMS 0x000000008e300000, 0x000000008e300000| Untracked 
|  88|0x000000008e400000, 0x000000008e500000, 0x000000008e500000|100%| O|  |TAMS 0x000000008e400000, 0x000000008e400000| Untracked 
|  89|0x000000008e500000, 0x000000008e600000, 0x000000008e600000|100%| O|  |TAMS 0x000000008e500000, 0x000000008e500000| Untracked 
|  90|0x000000008e600000, 0x000000008e700000, 0x000000008e700000|100%| O|  |TAMS 0x000000008e600000, 0x000000008e600000| Untracked 
|  91|0x000000008e700000, 0x000000008e800000, 0x000000008e800000|100%| O|  |TAMS 0x000000008e700000, 0x000000008e700000| Untracked 
|  92|0x000000008e800000, 0x000000008e900000, 0x000000008e900000|100%| O|  |TAMS 0x000000008e800000, 0x000000008e800000| Untracked 
|  93|0x000000008e900000, 0x000000008ea00000, 0x000000008ea00000|100%| O|  |TAMS 0x000000008e900000, 0x000000008e900000| Untracked 
|  94|0x000000008ea00000, 0x000000008eb00000, 0x000000008eb00000|100%| O|  |TAMS 0x000000008ea00000, 0x000000008ea00000| Untracked 
|  95|0x000000008eb00000, 0x000000008ec00000, 0x000000008ec00000|100%| O|  |TAMS 0x000000008eb00000, 0x000000008eb00000| Untracked 
|  96|0x000000008ec00000, 0x000000008ed00000, 0x000000008ed00000|100%| O|  |TAMS 0x000000008ec00000, 0x000000008ec00000| Untracked 
|  97|0x000000008ed00000, 0x000000008ee00000, 0x000000008ee00000|100%| O|  |TAMS 0x000000008ed00000, 0x000000008ed00000| Untracked 
|  98|0x000000008ee00000, 0x000000008ee20600, 0x000000008ef00000| 12%| O|  |TAMS 0x000000008ee00000, 0x000000008ee00000| Untracked 
|  99|0x000000008ef00000, 0x000000008ef00000, 0x000000008f000000|  0%| F|  |TAMS 0x000000008ef00000, 0x000000008ef00000| Untracked 
| 100|0x000000008f000000, 0x000000008f000000, 0x000000008f100000|  0%| F|  |TAMS 0x000000008f000000, 0x000000008f000000| Untracked 
| 101|0x000000008f100000, 0x000000008f100000, 0x000000008f200000|  0%| F|  |TAMS 0x000000008f100000, 0x000000008f100000| Untracked 
| 102|0x000000008f200000, 0x000000008f200000, 0x000000008f300000|  0%| F|  |TAMS 0x000000008f200000, 0x000000008f200000| Untracked 
| 103|0x000000008f300000, 0x000000008f300000, 0x000000008f400000|  0%| F|  |TAMS 0x000000008f300000, 0x000000008f300000| Untracked 
| 104|0x000000008f400000, 0x000000008f400000, 0x000000008f500000|  0%| F|  |TAMS 0x000000008f400000, 0x000000008f400000| Untracked 
| 105|0x000000008f500000, 0x000000008f500000, 0x000000008f600000|  0%| F|  |TAMS 0x000000008f500000, 0x000000008f500000| Untracked 
| 106|0x000000008f600000, 0x000000008f600000, 0x000000008f700000|  0%| F|  |TAMS 0x000000008f600000, 0x000000008f600000| Untracked 
| 107|0x000000008f700000, 0x000000008f700000, 0x000000008f800000|  0%| F|  |TAMS 0x000000008f700000, 0x000000008f700000| Untracked 
| 108|0x000000008f800000, 0x000000008f800000, 0x000000008f900000|  0%| F|  |TAMS 0x000000008f800000, 0x000000008f800000| Untracked 
| 109|0x000000008f900000, 0x000000008f900000, 0x000000008fa00000|  0%| F|  |TAMS 0x000000008f900000, 0x000000008f900000| Untracked 
| 110|0x000000008fa00000, 0x000000008fa00000, 0x000000008fb00000|  0%| F|  |TAMS 0x000000008fa00000, 0x000000008fa00000| Untracked 
| 111|0x000000008fb00000, 0x000000008fb00000, 0x000000008fc00000|  0%| F|  |TAMS 0x000000008fb00000, 0x000000008fb00000| Untracked 
| 112|0x000000008fc00000, 0x000000008fc00000, 0x000000008fd00000|  0%| F|  |TAMS 0x000000008fc00000, 0x000000008fc00000| Untracked 
| 113|0x000000008fd00000, 0x000000008fd00000, 0x000000008fe00000|  0%| F|  |TAMS 0x000000008fd00000, 0x000000008fd00000| Untracked 
| 114|0x000000008fe00000, 0x000000008fe00000, 0x000000008ff00000|  0%| F|  |TAMS 0x000000008fe00000, 0x000000008fe00000| Untracked 
| 115|0x000000008ff00000, 0x000000008ff00000, 0x0000000090000000|  0%| F|  |TAMS 0x000000008ff00000, 0x000000008ff00000| Untracked 
| 116|0x0000000090000000, 0x0000000090000000, 0x0000000090100000|  0%| F|  |TAMS 0x0000000090000000, 0x0000000090000000| Untracked 
| 117|0x0000000090100000, 0x0000000090100000, 0x0000000090200000|  0%| F|  |TAMS 0x0000000090100000, 0x0000000090100000| Untracked 
| 118|0x0000000090200000, 0x0000000090200000, 0x0000000090300000|  0%| F|  |TAMS 0x0000000090200000, 0x0000000090200000| Untracked 
| 119|0x0000000090300000, 0x0000000090300000, 0x0000000090400000|  0%| F|  |TAMS 0x0000000090300000, 0x0000000090300000| Untracked 
| 120|0x0000000090400000, 0x0000000090400000, 0x0000000090500000|  0%| F|  |TAMS 0x0000000090400000, 0x0000000090400000| Untracked 
| 121|0x0000000090500000, 0x0000000090500000, 0x0000000090600000|  0%| F|  |TAMS 0x0000000090500000, 0x0000000090500000| Untracked 
| 122|0x0000000090600000, 0x0000000090600000, 0x0000000090700000|  0%| F|  |TAMS 0x0000000090600000, 0x0000000090600000| Untracked 
| 123|0x0000000090700000, 0x0000000090700000, 0x0000000090800000|  0%| F|  |TAMS 0x0000000090700000, 0x0000000090700000| Untracked 
| 124|0x0000000090800000, 0x0000000090800000, 0x0000000090900000|  0%| F|  |TAMS 0x0000000090800000, 0x0000000090800000| Untracked 
| 125|0x0000000090900000, 0x0000000090900000, 0x0000000090a00000|  0%| F|  |TAMS 0x0000000090900000, 0x0000000090900000| Untracked 
| 126|0x0000000090a00000, 0x0000000090a00000, 0x0000000090b00000|  0%| F|  |TAMS 0x0000000090a00000, 0x0000000090a00000| Untracked 
| 127|0x0000000090b00000, 0x0000000090b00000, 0x0000000090c00000|  0%| F|  |TAMS 0x0000000090b00000, 0x0000000090b00000| Untracked 
| 128|0x0000000090c00000, 0x0000000090c00000, 0x0000000090d00000|  0%| F|  |TAMS 0x0000000090c00000, 0x0000000090c00000| Untracked 
| 129|0x0000000090d00000, 0x0000000090d00000, 0x0000000090e00000|  0%| F|  |TAMS 0x0000000090d00000, 0x0000000090d00000| Untracked 
| 130|0x0000000090e00000, 0x0000000090e00000, 0x0000000090f00000|  0%| F|  |TAMS 0x0000000090e00000, 0x0000000090e00000| Untracked 
| 131|0x0000000090f00000, 0x0000000090f00000, 0x0000000091000000|  0%| F|  |TAMS 0x0000000090f00000, 0x0000000090f00000| Untracked 
| 132|0x0000000091000000, 0x0000000091048568, 0x0000000091100000| 28%| S|CS|TAMS 0x0000000091000000, 0x0000000091000000| Complete 
| 133|0x0000000091100000, 0x0000000091200000, 0x0000000091200000|100%| S|CS|TAMS 0x0000000091100000, 0x0000000091100000| Complete 
| 134|0x0000000091200000, 0x0000000091300000, 0x0000000091300000|100%| S|CS|TAMS 0x0000000091200000, 0x0000000091200000| Complete 
| 135|0x0000000091300000, 0x0000000091400000, 0x0000000091400000|100%| S|CS|TAMS 0x0000000091300000, 0x0000000091300000| Complete 
| 136|0x0000000091400000, 0x0000000091500000, 0x0000000091500000|100%| S|CS|TAMS 0x0000000091400000, 0x0000000091400000| Complete 
| 137|0x0000000091500000, 0x0000000091500000, 0x0000000091600000|  0%| F|  |TAMS 0x0000000091500000, 0x0000000091500000| Untracked 
| 138|0x0000000091600000, 0x0000000091600000, 0x0000000091700000|  0%| F|  |TAMS 0x0000000091600000, 0x0000000091600000| Untracked 
| 139|0x0000000091700000, 0x0000000091700000, 0x0000000091800000|  0%| F|  |TAMS 0x0000000091700000, 0x0000000091700000| Untracked 
| 140|0x0000000091800000, 0x0000000091800000, 0x0000000091900000|  0%| F|  |TAMS 0x0000000091800000, 0x0000000091800000| Untracked 
| 141|0x0000000091900000, 0x0000000091900000, 0x0000000091a00000|  0%| F|  |TAMS 0x0000000091900000, 0x0000000091900000| Untracked 
| 142|0x0000000091a00000, 0x0000000091a00000, 0x0000000091b00000|  0%| F|  |TAMS 0x0000000091a00000, 0x0000000091a00000| Untracked 
| 143|0x0000000091b00000, 0x0000000091c00000, 0x0000000091c00000|100%| S|CS|TAMS 0x0000000091b00000, 0x0000000091b00000| Complete 
| 144|0x0000000091c00000, 0x0000000091c00000, 0x0000000091d00000|  0%| F|  |TAMS 0x0000000091c00000, 0x0000000091c00000| Untracked 
| 145|0x0000000091d00000, 0x0000000091e00000, 0x0000000091e00000|100%| S|CS|TAMS 0x0000000091d00000, 0x0000000091d00000| Complete 
| 146|0x0000000091e00000, 0x0000000091e00000, 0x0000000091f00000|  0%| F|  |TAMS 0x0000000091e00000, 0x0000000091e00000| Untracked 
| 147|0x0000000091f00000, 0x0000000091f00000, 0x0000000092000000|  0%| F|  |TAMS 0x0000000091f00000, 0x0000000091f00000| Untracked 
| 148|0x0000000092000000, 0x0000000092000000, 0x0000000092100000|  0%| F|  |TAMS 0x0000000092000000, 0x0000000092000000| Untracked 
| 149|0x0000000092100000, 0x0000000092100000, 0x0000000092200000|  0%| F|  |TAMS 0x0000000092100000, 0x0000000092100000| Untracked 
| 150|0x0000000092200000, 0x0000000092200000, 0x0000000092300000|  0%| F|  |TAMS 0x0000000092200000, 0x0000000092200000| Untracked 
| 151|0x0000000092300000, 0x0000000092400000, 0x0000000092400000|100%| S|CS|TAMS 0x0000000092300000, 0x0000000092300000| Complete 
| 152|0x0000000092400000, 0x0000000092500000, 0x0000000092500000|100%| S|CS|TAMS 0x0000000092400000, 0x0000000092400000| Complete 
| 153|0x0000000092500000, 0x0000000092600000, 0x0000000092600000|100%| S|CS|TAMS 0x0000000092500000, 0x0000000092500000| Complete 
| 154|0x0000000092600000, 0x0000000092700000, 0x0000000092700000|100%| S|CS|TAMS 0x0000000092600000, 0x0000000092600000| Complete 
| 155|0x0000000092700000, 0x0000000092700000, 0x0000000092800000|  0%| F|  |TAMS 0x0000000092700000, 0x0000000092700000| Untracked 
| 156|0x0000000092800000, 0x0000000092800000, 0x0000000092900000|  0%| F|  |TAMS 0x0000000092800000, 0x0000000092800000| Untracked 
| 157|0x0000000092900000, 0x0000000092900000, 0x0000000092a00000|  0%| F|  |TAMS 0x0000000092900000, 0x0000000092900000| Untracked 
| 158|0x0000000092a00000, 0x0000000092a00000, 0x0000000092b00000|  0%| F|  |TAMS 0x0000000092a00000, 0x0000000092a00000| Untracked 
| 159|0x0000000092b00000, 0x0000000092b00000, 0x0000000092c00000|  0%| F|  |TAMS 0x0000000092b00000, 0x0000000092b00000| Untracked 
| 160|0x0000000092c00000, 0x0000000092c00000, 0x0000000092d00000|  0%| F|  |TAMS 0x0000000092c00000, 0x0000000092c00000| Untracked 
| 161|0x0000000092d00000, 0x0000000092d00000, 0x0000000092e00000|  0%| F|  |TAMS 0x0000000092d00000, 0x0000000092d00000| Untracked 
| 162|0x0000000092e00000, 0x0000000092e00000, 0x0000000092f00000|  0%| F|  |TAMS 0x0000000092e00000, 0x0000000092e00000| Untracked 
| 163|0x0000000092f00000, 0x0000000092f00000, 0x0000000093000000|  0%| F|  |TAMS 0x0000000092f00000, 0x0000000092f00000| Untracked 
| 164|0x0000000093000000, 0x0000000093000000, 0x0000000093100000|  0%| F|  |TAMS 0x0000000093000000, 0x0000000093000000| Untracked 
| 165|0x0000000093100000, 0x0000000093100000, 0x0000000093200000|  0%| F|  |TAMS 0x0000000093100000, 0x0000000093100000| Untracked 
| 166|0x0000000093200000, 0x0000000093200000, 0x0000000093300000|  0%| F|  |TAMS 0x0000000093200000, 0x0000000093200000| Untracked 
| 167|0x0000000093300000, 0x0000000093300000, 0x0000000093400000|  0%| F|  |TAMS 0x0000000093300000, 0x0000000093300000| Untracked 
| 168|0x0000000093400000, 0x0000000093400000, 0x0000000093500000|  0%| F|  |TAMS 0x0000000093400000, 0x0000000093400000| Untracked 
| 169|0x0000000093500000, 0x0000000093500000, 0x0000000093600000|  0%| F|  |TAMS 0x0000000093500000, 0x0000000093500000| Untracked 
| 170|0x0000000093600000, 0x0000000093600000, 0x0000000093700000|  0%| F|  |TAMS 0x0000000093600000, 0x0000000093600000| Untracked 
| 171|0x0000000093700000, 0x0000000093700000, 0x0000000093800000|  0%| F|  |TAMS 0x0000000093700000, 0x0000000093700000| Untracked 
| 172|0x0000000093800000, 0x0000000093800000, 0x0000000093900000|  0%| F|  |TAMS 0x0000000093800000, 0x0000000093800000| Untracked 
| 173|0x0000000093900000, 0x0000000093900000, 0x0000000093a00000|  0%| F|  |TAMS 0x0000000093900000, 0x0000000093900000| Untracked 
| 174|0x0000000093a00000, 0x0000000093a00000, 0x0000000093b00000|  0%| F|  |TAMS 0x0000000093a00000, 0x0000000093a00000| Untracked 
| 175|0x0000000093b00000, 0x0000000093b00000, 0x0000000093c00000|  0%| F|  |TAMS 0x0000000093b00000, 0x0000000093b00000| Untracked 
| 176|0x0000000093c00000, 0x0000000093c00000, 0x0000000093d00000|  0%| F|  |TAMS 0x0000000093c00000, 0x0000000093c00000| Untracked 
| 177|0x0000000093d00000, 0x0000000093d00000, 0x0000000093e00000|  0%| F|  |TAMS 0x0000000093d00000, 0x0000000093d00000| Untracked 
| 178|0x0000000093e00000, 0x0000000093e00000, 0x0000000093f00000|  0%| F|  |TAMS 0x0000000093e00000, 0x0000000093e00000| Untracked 
| 179|0x0000000093f00000, 0x0000000093f00000, 0x0000000094000000|  0%| F|  |TAMS 0x0000000093f00000, 0x0000000093f00000| Untracked 
| 180|0x0000000094000000, 0x0000000094000000, 0x0000000094100000|  0%| F|  |TAMS 0x0000000094000000, 0x0000000094000000| Untracked 
| 181|0x0000000094100000, 0x0000000094100000, 0x0000000094200000|  0%| F|  |TAMS 0x0000000094100000, 0x0000000094100000| Untracked 
| 182|0x0000000094200000, 0x0000000094200000, 0x0000000094300000|  0%| F|  |TAMS 0x0000000094200000, 0x0000000094200000| Untracked 
| 183|0x0000000094300000, 0x0000000094300000, 0x0000000094400000|  0%| F|  |TAMS 0x0000000094300000, 0x0000000094300000| Untracked 
| 184|0x0000000094400000, 0x0000000094400000, 0x0000000094500000|  0%| F|  |TAMS 0x0000000094400000, 0x0000000094400000| Untracked 
| 185|0x0000000094500000, 0x0000000094500000, 0x0000000094600000|  0%| F|  |TAMS 0x0000000094500000, 0x0000000094500000| Untracked 
| 186|0x0000000094600000, 0x0000000094600000, 0x0000000094700000|  0%| F|  |TAMS 0x0000000094600000, 0x0000000094600000| Untracked 
| 187|0x0000000094700000, 0x0000000094700000, 0x0000000094800000|  0%| F|  |TAMS 0x0000000094700000, 0x0000000094700000| Untracked 
| 188|0x0000000094800000, 0x0000000094800000, 0x0000000094900000|  0%| F|  |TAMS 0x0000000094800000, 0x0000000094800000| Untracked 
| 189|0x0000000094900000, 0x0000000094900000, 0x0000000094a00000|  0%| F|  |TAMS 0x0000000094900000, 0x0000000094900000| Untracked 
| 190|0x0000000094a00000, 0x0000000094a00000, 0x0000000094b00000|  0%| F|  |TAMS 0x0000000094a00000, 0x0000000094a00000| Untracked 
| 191|0x0000000094b00000, 0x0000000094b00000, 0x0000000094c00000|  0%| F|  |TAMS 0x0000000094b00000, 0x0000000094b00000| Untracked 
| 192|0x0000000094c00000, 0x0000000094c00000, 0x0000000094d00000|  0%| F|  |TAMS 0x0000000094c00000, 0x0000000094c00000| Untracked 
| 193|0x0000000094d00000, 0x0000000094d00000, 0x0000000094e00000|  0%| F|  |TAMS 0x0000000094d00000, 0x0000000094d00000| Untracked 
| 194|0x0000000094e00000, 0x0000000094e00000, 0x0000000094f00000|  0%| F|  |TAMS 0x0000000094e00000, 0x0000000094e00000| Untracked 
| 195|0x0000000094f00000, 0x0000000094f00000, 0x0000000095000000|  0%| F|  |TAMS 0x0000000094f00000, 0x0000000094f00000| Untracked 
| 196|0x0000000095000000, 0x0000000095000000, 0x0000000095100000|  0%| F|  |TAMS 0x0000000095000000, 0x0000000095000000| Untracked 
| 197|0x0000000095100000, 0x0000000095100000, 0x0000000095200000|  0%| F|  |TAMS 0x0000000095100000, 0x0000000095100000| Untracked 
| 198|0x0000000095200000, 0x0000000095200000, 0x0000000095300000|  0%| F|  |TAMS 0x0000000095200000, 0x0000000095200000| Untracked 
| 199|0x0000000095300000, 0x0000000095300000, 0x0000000095400000|  0%| F|  |TAMS 0x0000000095300000, 0x0000000095300000| Untracked 
| 200|0x0000000095400000, 0x0000000095400000, 0x0000000095500000|  0%| F|  |TAMS 0x0000000095400000, 0x0000000095400000| Untracked 
| 201|0x0000000095500000, 0x0000000095500000, 0x0000000095600000|  0%| F|  |TAMS 0x0000000095500000, 0x0000000095500000| Untracked 
| 202|0x0000000095600000, 0x0000000095600000, 0x0000000095700000|  0%| F|  |TAMS 0x0000000095600000, 0x0000000095600000| Untracked 
| 203|0x0000000095700000, 0x0000000095700000, 0x0000000095800000|  0%| F|  |TAMS 0x0000000095700000, 0x0000000095700000| Untracked 
| 204|0x0000000095800000, 0x0000000095800000, 0x0000000095900000|  0%| F|  |TAMS 0x0000000095800000, 0x0000000095800000| Untracked 
| 205|0x0000000095900000, 0x0000000095900000, 0x0000000095a00000|  0%| F|  |TAMS 0x0000000095900000, 0x0000000095900000| Untracked 
| 206|0x0000000095a00000, 0x0000000095a00000, 0x0000000095b00000|  0%| F|  |TAMS 0x0000000095a00000, 0x0000000095a00000| Untracked 
| 207|0x0000000095b00000, 0x0000000095b00000, 0x0000000095c00000|  0%| F|  |TAMS 0x0000000095b00000, 0x0000000095b00000| Untracked 
| 208|0x0000000095c00000, 0x0000000095c00000, 0x0000000095d00000|  0%| F|  |TAMS 0x0000000095c00000, 0x0000000095c00000| Untracked 
| 209|0x0000000095d00000, 0x0000000095d00000, 0x0000000095e00000|  0%| F|  |TAMS 0x0000000095d00000, 0x0000000095d00000| Untracked 
| 210|0x0000000095e00000, 0x0000000095e00000, 0x0000000095f00000|  0%| F|  |TAMS 0x0000000095e00000, 0x0000000095e00000| Untracked 
| 211|0x0000000095f00000, 0x0000000095f00000, 0x0000000096000000|  0%| F|  |TAMS 0x0000000095f00000, 0x0000000095f00000| Untracked 
| 212|0x0000000096000000, 0x0000000096000000, 0x0000000096100000|  0%| F|  |TAMS 0x0000000096000000, 0x0000000096000000| Untracked 
| 213|0x0000000096100000, 0x0000000096100000, 0x0000000096200000|  0%| F|  |TAMS 0x0000000096100000, 0x0000000096100000| Untracked 
| 214|0x0000000096200000, 0x0000000096200000, 0x0000000096300000|  0%| F|  |TAMS 0x0000000096200000, 0x0000000096200000| Untracked 
| 215|0x0000000096300000, 0x0000000096300000, 0x0000000096400000|  0%| F|  |TAMS 0x0000000096300000, 0x0000000096300000| Untracked 
| 216|0x0000000096400000, 0x0000000096400000, 0x0000000096500000|  0%| F|  |TAMS 0x0000000096400000, 0x0000000096400000| Untracked 
| 217|0x0000000096500000, 0x0000000096500000, 0x0000000096600000|  0%| F|  |TAMS 0x0000000096500000, 0x0000000096500000| Untracked 
| 218|0x0000000096600000, 0x0000000096600000, 0x0000000096700000|  0%| F|  |TAMS 0x0000000096600000, 0x0000000096600000| Untracked 
| 219|0x0000000096700000, 0x0000000096700000, 0x0000000096800000|  0%| F|  |TAMS 0x0000000096700000, 0x0000000096700000| Untracked 
| 220|0x0000000096800000, 0x0000000096800000, 0x0000000096900000|  0%| F|  |TAMS 0x0000000096800000, 0x0000000096800000| Untracked 
| 221|0x0000000096900000, 0x0000000096900000, 0x0000000096a00000|  0%| F|  |TAMS 0x0000000096900000, 0x0000000096900000| Untracked 
| 222|0x0000000096a00000, 0x0000000096a00000, 0x0000000096b00000|  0%| F|  |TAMS 0x0000000096a00000, 0x0000000096a00000| Untracked 
| 223|0x0000000096b00000, 0x0000000096b00000, 0x0000000096c00000|  0%| F|  |TAMS 0x0000000096b00000, 0x0000000096b00000| Untracked 
| 224|0x0000000096c00000, 0x0000000096c00000, 0x0000000096d00000|  0%| F|  |TAMS 0x0000000096c00000, 0x0000000096c00000| Untracked 
| 225|0x0000000096d00000, 0x0000000096d00000, 0x0000000096e00000|  0%| F|  |TAMS 0x0000000096d00000, 0x0000000096d00000| Untracked 
| 226|0x0000000096e00000, 0x0000000096e00000, 0x0000000096f00000|  0%| F|  |TAMS 0x0000000096e00000, 0x0000000096e00000| Untracked 
| 227|0x0000000096f00000, 0x0000000096f00000, 0x0000000097000000|  0%| F|  |TAMS 0x0000000096f00000, 0x0000000096f00000| Untracked 
| 228|0x0000000097000000, 0x0000000097000000, 0x0000000097100000|  0%| F|  |TAMS 0x0000000097000000, 0x0000000097000000| Untracked 
| 229|0x0000000097100000, 0x0000000097100000, 0x0000000097200000|  0%| F|  |TAMS 0x0000000097100000, 0x0000000097100000| Untracked 
| 230|0x0000000097200000, 0x0000000097200000, 0x0000000097300000|  0%| F|  |TAMS 0x0000000097200000, 0x0000000097200000| Untracked 
| 231|0x0000000097300000, 0x0000000097300000, 0x0000000097400000|  0%| F|  |TAMS 0x0000000097300000, 0x0000000097300000| Untracked 
| 232|0x0000000097400000, 0x0000000097400000, 0x0000000097500000|  0%| F|  |TAMS 0x0000000097400000, 0x0000000097400000| Untracked 
| 233|0x0000000097500000, 0x0000000097500000, 0x0000000097600000|  0%| F|  |TAMS 0x0000000097500000, 0x0000000097500000| Untracked 
| 234|0x0000000097600000, 0x0000000097600000, 0x0000000097700000|  0%| F|  |TAMS 0x0000000097600000, 0x0000000097600000| Untracked 
| 235|0x0000000097700000, 0x0000000097700000, 0x0000000097800000|  0%| F|  |TAMS 0x0000000097700000, 0x0000000097700000| Untracked 
| 236|0x0000000097800000, 0x0000000097800000, 0x0000000097900000|  0%| F|  |TAMS 0x0000000097800000, 0x0000000097800000| Untracked 
| 237|0x0000000097900000, 0x0000000097900000, 0x0000000097a00000|  0%| F|  |TAMS 0x0000000097900000, 0x0000000097900000| Untracked 
| 238|0x0000000097a00000, 0x0000000097a00000, 0x0000000097b00000|  0%| F|  |TAMS 0x0000000097a00000, 0x0000000097a00000| Untracked 
| 239|0x0000000097b00000, 0x0000000097b00000, 0x0000000097c00000|  0%| F|  |TAMS 0x0000000097b00000, 0x0000000097b00000| Untracked 
| 240|0x0000000097c00000, 0x0000000097c00000, 0x0000000097d00000|  0%| F|  |TAMS 0x0000000097c00000, 0x0000000097c00000| Untracked 
| 241|0x0000000097d00000, 0x0000000097d00000, 0x0000000097e00000|  0%| F|  |TAMS 0x0000000097d00000, 0x0000000097d00000| Untracked 
| 242|0x0000000097e00000, 0x0000000097e00000, 0x0000000097f00000|  0%| F|  |TAMS 0x0000000097e00000, 0x0000000097e00000| Untracked 
| 243|0x0000000097f00000, 0x0000000097f00000, 0x0000000098000000|  0%| F|  |TAMS 0x0000000097f00000, 0x0000000097f00000| Untracked 
| 244|0x0000000098000000, 0x0000000098000000, 0x0000000098100000|  0%| F|  |TAMS 0x0000000098000000, 0x0000000098000000| Untracked 
| 245|0x0000000098100000, 0x0000000098100000, 0x0000000098200000|  0%| F|  |TAMS 0x0000000098100000, 0x0000000098100000| Untracked 
| 246|0x0000000098200000, 0x0000000098200000, 0x0000000098300000|  0%| F|  |TAMS 0x0000000098200000, 0x0000000098200000| Untracked 
| 247|0x0000000098300000, 0x0000000098300000, 0x0000000098400000|  0%| F|  |TAMS 0x0000000098300000, 0x0000000098300000| Untracked 
| 248|0x0000000098400000, 0x0000000098400000, 0x0000000098500000|  0%| F|  |TAMS 0x0000000098400000, 0x0000000098400000| Untracked 
| 249|0x0000000098500000, 0x0000000098500000, 0x0000000098600000|  0%| F|  |TAMS 0x0000000098500000, 0x0000000098500000| Untracked 
| 250|0x0000000098600000, 0x0000000098600000, 0x0000000098700000|  0%| F|  |TAMS 0x0000000098600000, 0x0000000098600000| Untracked 
| 251|0x0000000098700000, 0x0000000098700000, 0x0000000098800000|  0%| F|  |TAMS 0x0000000098700000, 0x0000000098700000| Untracked 
| 252|0x0000000098800000, 0x0000000098800000, 0x0000000098900000|  0%| F|  |TAMS 0x0000000098800000, 0x0000000098800000| Untracked 
| 253|0x0000000098900000, 0x0000000098900000, 0x0000000098a00000|  0%| F|  |TAMS 0x0000000098900000, 0x0000000098900000| Untracked 
| 254|0x0000000098a00000, 0x0000000098a00000, 0x0000000098b00000|  0%| F|  |TAMS 0x0000000098a00000, 0x0000000098a00000| Untracked 
| 255|0x0000000098b00000, 0x0000000098b00000, 0x0000000098c00000|  0%| F|  |TAMS 0x0000000098b00000, 0x0000000098b00000| Untracked 
| 256|0x0000000098c00000, 0x0000000098c00000, 0x0000000098d00000|  0%| F|  |TAMS 0x0000000098c00000, 0x0000000098c00000| Untracked 
| 257|0x0000000098d00000, 0x0000000098d00000, 0x0000000098e00000|  0%| F|  |TAMS 0x0000000098d00000, 0x0000000098d00000| Untracked 
| 258|0x0000000098e00000, 0x0000000098e00000, 0x0000000098f00000|  0%| F|  |TAMS 0x0000000098e00000, 0x0000000098e00000| Untracked 
| 259|0x0000000098f00000, 0x0000000098f00000, 0x0000000099000000|  0%| F|  |TAMS 0x0000000098f00000, 0x0000000098f00000| Untracked 
| 260|0x0000000099000000, 0x0000000099000000, 0x0000000099100000|  0%| F|  |TAMS 0x0000000099000000, 0x0000000099000000| Untracked 
| 261|0x0000000099100000, 0x0000000099100000, 0x0000000099200000|  0%| F|  |TAMS 0x0000000099100000, 0x0000000099100000| Untracked 
| 262|0x0000000099200000, 0x0000000099200000, 0x0000000099300000|  0%| F|  |TAMS 0x0000000099200000, 0x0000000099200000| Untracked 
| 263|0x0000000099300000, 0x0000000099300000, 0x0000000099400000|  0%| F|  |TAMS 0x0000000099300000, 0x0000000099300000| Untracked 
| 264|0x0000000099400000, 0x0000000099400000, 0x0000000099500000|  0%| F|  |TAMS 0x0000000099400000, 0x0000000099400000| Untracked 
| 265|0x0000000099500000, 0x0000000099500000, 0x0000000099600000|  0%| F|  |TAMS 0x0000000099500000, 0x0000000099500000| Untracked 
| 266|0x0000000099600000, 0x0000000099600000, 0x0000000099700000|  0%| F|  |TAMS 0x0000000099600000, 0x0000000099600000| Untracked 
| 267|0x0000000099700000, 0x0000000099700000, 0x0000000099800000|  0%| F|  |TAMS 0x0000000099700000, 0x0000000099700000| Untracked 
| 268|0x0000000099800000, 0x0000000099800000, 0x0000000099900000|  0%| F|  |TAMS 0x0000000099800000, 0x0000000099800000| Untracked 
| 269|0x0000000099900000, 0x0000000099900000, 0x0000000099a00000|  0%| F|  |TAMS 0x0000000099900000, 0x0000000099900000| Untracked 
| 270|0x0000000099a00000, 0x0000000099a00000, 0x0000000099b00000|  0%| F|  |TAMS 0x0000000099a00000, 0x0000000099a00000| Untracked 
| 271|0x0000000099b00000, 0x0000000099b00000, 0x0000000099c00000|  0%| F|  |TAMS 0x0000000099b00000, 0x0000000099b00000| Untracked 
| 272|0x0000000099c00000, 0x0000000099c00000, 0x0000000099d00000|  0%| F|  |TAMS 0x0000000099c00000, 0x0000000099c00000| Untracked 
| 273|0x0000000099d00000, 0x0000000099d00000, 0x0000000099e00000|  0%| F|  |TAMS 0x0000000099d00000, 0x0000000099d00000| Untracked 

Card table byte_map: [0x000001c02a830000,0x000001c02abf0000] _byte_map_base: 0x000001c02a3ea000

Marking Bits (Prev, Next): (CMBitMap*) 0x000001c024729630, (CMBitMap*) 0x000001c024729670
 Prev Bits: [0x000001c02afb0000, 0x000001c02cd80000)
 Next Bits: [0x000001c02cd80000, 0x000001c02eb50000)

Polling page: 0x000001c0226c0000

Metaspace:

Usage:
  Non-class:     33.44 MB used.
      Class:      4.88 MB used.
       Both:     38.32 MB used.

Virtual space:
  Non-class space:       40.00 MB reserved,      33.62 MB ( 84%) committed,  5 nodes.
      Class space:        1.00 GB reserved,       5.06 MB ( <1%) committed,  1 nodes.
             Both:        1.04 GB reserved,      38.69 MB (  4%) committed. 

Chunk freelists:
   Non-Class:  1.98 MB
       Class:  2.95 MB
        Both:  4.94 MB

MaxMetaspaceSize: unlimited
CompressedClassSpaceSize: 1.00 GB
Initial GC threshold: 21.00 MB
Current GC threshold: 63.56 MB
CDS: off
MetaspaceReclaimPolicy: balanced
 - commit_granule_bytes: 65536.
 - commit_granule_words: 8192.
 - virtual_space_node_default_size: 1048576.
 - enlarge_chunks_in_place: 1.
 - new_chunks_are_fully_committed: 0.
 - uncommit_free_chunks: 1.
 - use_allocation_guard: 0.
 - handle_deallocations: 1.


Internal statistics:

num_allocs_failed_limit: 5.
num_arena_births: 412.
num_arena_deaths: 4.
num_vsnodes_births: 6.
num_vsnodes_deaths: 0.
num_space_committed: 619.
num_space_uncommitted: 0.
num_chunks_returned_to_freelist: 11.
num_chunks_taken_from_freelist: 1600.
num_chunk_merges: 5.
num_chunk_splits: 1078.
num_chunks_enlarged: 822.
num_purges: 2.
num_inconsistent_stats: 0.

CodeCache: size=49152Kb used=7976Kb max_used=8992Kb free=41175Kb
 bounds [0x000001c027360000, 0x000001c027c30000, 0x000001c02a360000]
 total_blobs=4650 nmethods=4117 adapters=460
 compilation: enabled
              stopped_count=0, restarted_count=0
 full_count=0

Compilation events (20 events):
Event: 47.098 Thread 0x000001c03200c090 4108       1       java.lang.StackTraceElement::<init> (10 bytes)
Event: 47.098 Thread 0x000001c03200c090 nmethod 4108 0x000001c027b85e90 code [0x000001c027b86020, 0x000001c027b860f8]
Event: 47.098 Thread 0x000001c03200c090 4109  s!   1       java.lang.StackTraceElement::computeFormat (71 bytes)
Event: 47.100 Thread 0x000001c03200c090 nmethod 4109 0x000001c027b85790 code [0x000001c027b85940, 0x000001c027b85cb8]
Event: 47.100 Thread 0x000001c03200c090 4110       1       java.lang.StackTraceElement::isHashedInJavaBase (31 bytes)
Event: 47.101 Thread 0x000001c03200c090 nmethod 4110 0x000001c027b85310 code [0x000001c027b854c0, 0x000001c027b85678]
Event: 47.101 Thread 0x000001c03200c090 4114       1       java.lang.StringUTF16::inflate (42 bytes)
Event: 47.101 Thread 0x000001c03200c090 nmethod 4114 0x000001c027b84e90 code [0x000001c027b85020, 0x000001c027b85188]
Event: 47.101 Thread 0x000001c03200c090 4113       1       ch.qos.logback.classic.spi.StackTraceElementProxy::<init> (24 bytes)
Event: 47.102 Thread 0x000001c03200c090 nmethod 4113 0x000001c027b84a90 code [0x000001c027b84c40, 0x000001c027b84e08]
Event: 47.102 Thread 0x000001c03200c090 4111       1       java.util.stream.ReduceOps$ReduceOp::<init> (10 bytes)
Event: 47.102 Thread 0x000001c03200c090 nmethod 4111 0x000001c027b84790 code [0x000001c027b84920, 0x000001c027b84a38]
Event: 47.102 Thread 0x000001c03200c090 4112       1       java.util.stream.ReduceOps$ReduceOp::evaluateSequential (18 bytes)
Event: 47.102 Thread 0x000001c03200c090 nmethod 4112 0x000001c027b84390 code [0x000001c027b84540, 0x000001c027b846c8]
Event: 47.184 Thread 0x000001c03200c090 4115       1       com.google.gson.stream.JsonWriter::value (24 bytes)
Event: 47.184 Thread 0x000001c03200c090 nmethod 4115 0x000001c027b83e90 code [0x000001c027b84060, 0x000001c027b84248]
Event: 47.184 Thread 0x000001c03200c090 4116       1       com.google.gson.stream.JsonWriter::beforeName (47 bytes)
Event: 47.184 Thread 0x000001c03200c090 nmethod 4116 0x000001c027b83810 code [0x000001c027b839e0, 0x000001c027b83c98]
Event: 47.601 Thread 0x000001c03200c090 4117   !   1       jdk.internal.reflect.GeneratedMethodAccessor27::invoke (61 bytes)
Event: 47.602 Thread 0x000001c03200c090 nmethod 4117 0x000001c027b82e10 code [0x000001c027b83020, 0x000001c027b834a8]

GC Heap History (20 events):
Event: 43.873 GC heap after
{Heap after GC invocations=20 (full 0):
 garbage-first heap   total 119808K, used 68401K [0x0000000088c00000, 0x0000000100000000)
  region size 1024K, 5 young (5120K), 5 survivors (5120K)
 Metaspace       used 38616K, committed 38976K, reserved 1089536K
  class space    used 4874K, committed 5056K, reserved 1048576K
}
Event: 43.929 GC heap before
{Heap before GC invocations=20 (full 0):
 garbage-first heap   total 119808K, used 88881K [0x0000000088c00000, 0x0000000100000000)
  region size 1024K, 26 young (26624K), 5 survivors (5120K)
 Metaspace       used 38627K, committed 38976K, reserved 1089536K
  class space    used 4876K, committed 5056K, reserved 1048576K
}
Event: 43.935 GC heap after
{Heap after GC invocations=21 (full 0):
 garbage-first heap   total 119808K, used 71073K [0x0000000088c00000, 0x0000000100000000)
  region size 1024K, 2 young (2048K), 2 survivors (2048K)
 Metaspace       used 38627K, committed 38976K, reserved 1089536K
  class space    used 4876K, committed 5056K, reserved 1048576K
}
Event: 43.996 GC heap before
{Heap before GC invocations=21 (full 0):
 garbage-first heap   total 119808K, used 91553K [0x0000000088c00000, 0x0000000100000000)
  region size 1024K, 23 young (23552K), 2 survivors (2048K)
 Metaspace       used 38640K, committed 38976K, reserved 1089536K
  class space    used 4878K, committed 5056K, reserved 1048576K
}
Event: 44.006 GC heap after
{Heap after GC invocations=22 (full 0):
 garbage-first heap   total 280576K, used 71425K [0x0000000088c00000, 0x0000000100000000)
  region size 1024K, 3 young (3072K), 3 survivors (3072K)
 Metaspace       used 38640K, committed 38976K, reserved 1089536K
  class space    used 4878K, committed 5056K, reserved 1048576K
}
Event: 44.732 GC heap before
{Heap before GC invocations=23 (full 0):
 garbage-first heap   total 280576K, used 186113K [0x0000000088c00000, 0x0000000100000000)
  region size 1024K, 117 young (119808K), 3 survivors (3072K)
 Metaspace       used 39007K, committed 39360K, reserved 1089536K
  class space    used 4937K, committed 5120K, reserved 1048576K
}
Event: 44.741 GC heap after
{Heap after GC invocations=24 (full 0):
 garbage-first heap   total 280576K, used 75475K [0x0000000088c00000, 0x0000000100000000)
  region size 1024K, 7 young (7168K), 7 survivors (7168K)
 Metaspace       used 39007K, committed 39360K, reserved 1089536K
  class space    used 4937K, committed 5120K, reserved 1048576K
}
Event: 44.764 GC heap before
{Heap before GC invocations=24 (full 0):
 garbage-first heap   total 280576K, used 80595K [0x0000000088c00000, 0x0000000100000000)
  region size 1024K, 13 young (13312K), 7 survivors (7168K)
 Metaspace       used 39038K, committed 39424K, reserved 1089536K
  class space    used 4944K, committed 5120K, reserved 1048576K
}
Event: 44.770 GC heap after
{Heap after GC invocations=25 (full 0):
 garbage-first heap   total 280576K, used 74584K [0x0000000088c00000, 0x0000000100000000)
  region size 1024K, 1 young (1024K), 1 survivors (1024K)
 Metaspace       used 39038K, committed 39424K, reserved 1089536K
  class space    used 4944K, committed 5120K, reserved 1048576K
}
Event: 45.428 GC heap before
{Heap before GC invocations=25 (full 0):
 garbage-first heap   total 280576K, used 207704K [0x0000000088c00000, 0x0000000100000000)
  region size 1024K, 131 young (134144K), 1 survivors (1024K)
 Metaspace       used 39062K, committed 39424K, reserved 1089536K
  class space    used 4950K, committed 5120K, reserved 1048576K
}
Event: 45.435 GC heap after
{Heap after GC invocations=26 (full 0):
 garbage-first heap   total 280576K, used 80140K [0x0000000088c00000, 0x0000000100000000)
  region size 1024K, 6 young (6144K), 6 survivors (6144K)
 Metaspace       used 39062K, committed 39424K, reserved 1089536K
  class space    used 4950K, committed 5120K, reserved 1048576K
}
Event: 45.728 GC heap before
{Heap before GC invocations=26 (full 0):
 garbage-first heap   total 280576K, used 212236K [0x0000000088c00000, 0x0000000100000000)
  region size 1024K, 136 young (139264K), 6 survivors (6144K)
 Metaspace       used 39062K, committed 39424K, reserved 1089536K
  class space    used 4950K, committed 5120K, reserved 1048576K
}
Event: 45.741 GC heap after
{Heap after GC invocations=27 (full 0):
 garbage-first heap   total 280576K, used 86694K [0x0000000088c00000, 0x0000000100000000)
  region size 1024K, 12 young (12288K), 12 survivors (12288K)
 Metaspace       used 39062K, committed 39424K, reserved 1089536K
  class space    used 4950K, committed 5120K, reserved 1048576K
}
Event: 46.122 GC heap before
{Heap before GC invocations=27 (full 0):
 garbage-first heap   total 280576K, used 217766K [0x0000000088c00000, 0x0000000100000000)
  region size 1024K, 141 young (144384K), 12 survivors (12288K)
 Metaspace       used 39063K, committed 39424K, reserved 1089536K
  class space    used 4950K, committed 5120K, reserved 1048576K
}
Event: 46.137 GC heap after
{Heap after GC invocations=28 (full 0):
 garbage-first heap   total 280576K, used 93153K [0x0000000088c00000, 0x0000000100000000)
  region size 1024K, 13 young (13312K), 13 survivors (13312K)
 Metaspace       used 39063K, committed 39424K, reserved 1089536K
  class space    used 4950K, committed 5120K, reserved 1048576K
}
Event: 46.649 GC heap before
{Heap before GC invocations=28 (full 0):
 garbage-first heap   total 280576K, used 223201K [0x0000000088c00000, 0x0000000100000000)
  region size 1024K, 141 young (144384K), 13 survivors (13312K)
 Metaspace       used 39063K, committed 39424K, reserved 1089536K
  class space    used 4950K, committed 5120K, reserved 1048576K
}
Event: 46.661 GC heap after
{Heap after GC invocations=29 (full 0):
 garbage-first heap   total 280576K, used 100710K [0x0000000088c00000, 0x0000000100000000)
  region size 1024K, 14 young (14336K), 14 survivors (14336K)
 Metaspace       used 39063K, committed 39424K, reserved 1089536K
  class space    used 4950K, committed 5120K, reserved 1048576K
}
Event: 47.220 GC heap before
{Heap before GC invocations=29 (full 0):
 garbage-first heap   total 280576K, used 225638K [0x0000000088c00000, 0x0000000100000000)
  region size 1024K, 137 young (140288K), 14 survivors (14336K)
 Metaspace       used 39244K, committed 39616K, reserved 1089536K
  class space    used 5000K, committed 5184K, reserved 1048576K
}
Event: 47.235 GC heap after
{Heap after GC invocations=30 (full 0):
 garbage-first heap   total 280576K, used 106783K [0x0000000088c00000, 0x0000000100000000)
  region size 1024K, 14 young (14336K), 14 survivors (14336K)
 Metaspace       used 39244K, committed 39616K, reserved 1089536K
  class space    used 5000K, committed 5184K, reserved 1048576K
}
Event: 47.754 GC heap before
{Heap before GC invocations=30 (full 0):
 garbage-first heap   total 280576K, used 227615K [0x0000000088c00000, 0x0000000100000000)
  region size 1024K, 133 young (136192K), 14 survivors (14336K)
 Metaspace       used 39244K, committed 39616K, reserved 1089536K
  class space    used 5000K, committed 5184K, reserved 1048576K
}

Deoptimization events (14 events):
Event: 20.745 Thread 0x000001c0246cce30 DEOPT PACKING pc=0x000001c0278bf819 sp=0x0000003bbc8fd010
Event: 20.745 Thread 0x000001c0246cce30 DEOPT UNPACKING pc=0x000001c0273b2b43 sp=0x0000003bbc8fc4f0 mode 3
Event: 32.656 Thread 0x000001c0246cce30 DEOPT PACKING pc=0x000001c0279a5e99 sp=0x0000003bbc8fc3f0
Event: 32.656 Thread 0x000001c0246cce30 DEOPT UNPACKING pc=0x000001c0273b2b43 sp=0x0000003bbc8fb8d0 mode 3
Event: 36.515 Thread 0x000001c0321fedc0 DEOPT PACKING pc=0x000001c0275af735 sp=0x0000003bbe6fd730
Event: 36.515 Thread 0x000001c0321fedc0 DEOPT UNPACKING pc=0x000001c0273b2b43 sp=0x0000003bbe6fcc48 mode 3
Event: 37.797 Thread 0x000001c032200100 DEOPT PACKING pc=0x000001c02759632b sp=0x0000003bbe7fe4a0
Event: 37.797 Thread 0x000001c032200100 DEOPT UNPACKING pc=0x000001c0273b2b43 sp=0x0000003bbe7fd9e8 mode 3
Event: 38.712 Thread 0x000001c034233ab0 DEOPT PACKING pc=0x000001c0278bdf01 sp=0x0000003bbf4fec40
Event: 38.712 Thread 0x000001c034233ab0 DEOPT UNPACKING pc=0x000001c0273b2b43 sp=0x0000003bbf4fe0d0 mode 3
Event: 38.713 Thread 0x000001c034234920 DEOPT PACKING pc=0x000001c0278bac97 sp=0x0000003bbf8ff2f0
Event: 38.713 Thread 0x000001c034238c80 DEOPT PACKING pc=0x000001c0278bac97 sp=0x0000003bbf1fec60
Event: 38.713 Thread 0x000001c034234920 DEOPT UNPACKING pc=0x000001c0273b2b43 sp=0x0000003bbf8fe748 mode 3
Event: 38.713 Thread 0x000001c034238c80 DEOPT UNPACKING pc=0x000001c0273b2b43 sp=0x0000003bbf1fe0b8 mode 3

Classes unloaded (2 events):
Event: 38.625 Thread 0x000001c0315f8b50 Unloading class 0x000000010020b800 'java/lang/invoke/LambdaForm$MH+0x000000010020b800'
Event: 38.625 Thread 0x000001c0315f8b50 Unloading class 0x000000010020ac00 'java/lang/invoke/LambdaForm$MH+0x000000010020ac00'

Classes redefined (0 events):
No events

Internal exceptions (20 events):
Event: 38.159 Thread 0x000001c0321fda80 Exception <a 'sun/nio/fs/WindowsException'{0x000000008b292450}> (0x000000008b292450) 
thrown [s\src\hotspot\share\prims\jni.cpp, line 516]
Event: 38.159 Thread 0x000001c0321fda80 Exception <a 'sun/nio/fs/WindowsException'{0x000000008b292840}> (0x000000008b292840) 
thrown [s\src\hotspot\share\prims\jni.cpp, line 516]
Event: 38.160 Thread 0x000001c0321fda80 Exception <a 'sun/nio/fs/WindowsException'{0x000000008b293270}> (0x000000008b293270) 
thrown [s\src\hotspot\share\prims\jni.cpp, line 516]
Event: 38.160 Thread 0x000001c0321fda80 Exception <a 'sun/nio/fs/WindowsException'{0x000000008b293660}> (0x000000008b293660) 
thrown [s\src\hotspot\share\prims\jni.cpp, line 516]
Event: 38.273 Thread 0x000001c0321fedc0 Exception <a 'java/lang/NoSuchMethodError'{0x000000008ae5a340}: 'int java.lang.invoke.DirectMethodHandle$Holder.invokeStatic(java.lang.Object)'> (0x000000008ae5a340) 
thrown [s\src\hotspot\share\interpreter\linkResolver.cpp, line 759]
Event: 38.274 Thread 0x000001c0321fedc0 Exception <a 'java/lang/NoSuchMethodError'{0x000000008ae5d9e8}: 'int java.lang.invoke.DirectMethodHandle$Holder.invokeStaticInit(java.lang.Object)'> (0x000000008ae5d9e8) 
thrown [s\src\hotspot\share\interpreter\linkResolver.cpp, line 759]
Event: 43.681 Thread 0x000001c0321fedc0 Exception <a 'java/lang/NoSuchMethodError'{0x000000008f59c578}: 'java.lang.Object java.lang.invoke.Invokers$Holder.invoke_MT(java.lang.Object, java.lang.Object, java.lang.Object)'> (0x000000008f59c578) 
thrown [s\src\hotspot\share\interpreter\linkResolver.cpp, line 759]
Event: 44.584 Thread 0x000001c0321fedc0 Exception <a 'java/lang/NoSuchMethodError'{0x0000000094b1da90}: 'java.lang.Object java.lang.invoke.DirectMethodHandle$Holder.newInvokeSpecial(java.lang.Object, java.lang.Object, int)'> (0x0000000094b1da90) 
thrown [s\src\hotspot\share\interpreter\linkResolver.cpp, line 759]
Event: 44.645 Thread 0x000001c034237940 Exception <a 'java/lang/NoSuchMethodError'{0x00000000939e8018}: 'java.lang.Object java.lang.invoke.Invokers$Holder.linkToTargetMethod(java.lang.Object, long, java.lang.Object)'> (0x00000000939e8018) 
thrown [s\src\hotspot\share\interpreter\linkResolver.cpp, line 759]
Event: 44.792 Thread 0x000001c034237940 Exception <a 'sun/nio/fs/WindowsException'{0x0000000099940e50}> (0x0000000099940e50) 
thrown [s\src\hotspot\share\prims\jni.cpp, line 516]
Event: 46.955 Thread 0x000001c034237940 Exception <a 'sun/nio/fs/WindowsException'{0x00000000963ab148}> (0x00000000963ab148) 
thrown [s\src\hotspot\share\prims\jni.cpp, line 516]
Event: 46.955 Thread 0x000001c034237940 Exception <a 'sun/nio/fs/WindowsException'{0x00000000963abee0}> (0x00000000963abee0) 
thrown [s\src\hotspot\share\prims\jni.cpp, line 516]
Event: 46.957 Thread 0x000001c034237940 Exception <a 'sun/nio/fs/WindowsException'{0x00000000963acc28}> (0x00000000963acc28) 
thrown [s\src\hotspot\share\prims\jni.cpp, line 516]
Event: 46.958 Thread 0x000001c034237940 Exception <a 'sun/nio/fs/WindowsException'{0x00000000963ada88}> (0x00000000963ada88) 
thrown [s\src\hotspot\share\prims\jni.cpp, line 516]
Event: 46.973 Thread 0x000001c034237940 Exception <a 'sun/nio/fs/WindowsException'{0x00000000963ae968}> (0x00000000963ae968) 
thrown [s\src\hotspot\share\prims\jni.cpp, line 516]
Event: 46.979 Thread 0x000001c034237940 Exception <a 'sun/nio/fs/WindowsException'{0x0000000095648300}> (0x0000000095648300) 
thrown [s\src\hotspot\share\prims\jni.cpp, line 516]
Event: 46.980 Thread 0x000001c034237940 Exception <a 'sun/nio/fs/WindowsException'{0x0000000095649098}> (0x0000000095649098) 
thrown [s\src\hotspot\share\prims\jni.cpp, line 516]
Event: 46.980 Thread 0x000001c034237940 Exception <a 'sun/nio/fs/WindowsException'{0x0000000095649de0}> (0x0000000095649de0) 
thrown [s\src\hotspot\share\prims\jni.cpp, line 516]
Event: 46.980 Thread 0x000001c034237940 Exception <a 'sun/nio/fs/WindowsException'{0x000000009564ac40}> (0x000000009564ac40) 
thrown [s\src\hotspot\share\prims\jni.cpp, line 516]
Event: 46.980 Thread 0x000001c034237940 Exception <a 'sun/nio/fs/WindowsException'{0x000000009564bb20}> (0x000000009564bb20) 
thrown [s\src\hotspot\share\prims\jni.cpp, line 516]

VM Operations (20 events):
Event: 45.436 Executing VM operation: G1CollectForAllocation done
Event: 45.728 Executing VM operation: G1CollectForAllocation
Event: 45.728 Executing VM operation: G1CollectForAllocation done
Event: 45.728 Executing VM operation: G1CollectForAllocation
Event: 45.741 Executing VM operation: G1CollectForAllocation done
Event: 46.121 Executing VM operation: G1CollectForAllocation
Event: 46.122 Executing VM operation: G1CollectForAllocation done
Event: 46.122 Executing VM operation: G1CollectForAllocation
Event: 46.138 Executing VM operation: G1CollectForAllocation done
Event: 46.648 Executing VM operation: G1CollectForAllocation
Event: 46.649 Executing VM operation: G1CollectForAllocation done
Event: 46.649 Executing VM operation: G1CollectForAllocation
Event: 46.661 Executing VM operation: G1CollectForAllocation done
Event: 47.201 Executing VM operation: G1CollectForAllocation
Event: 47.220 Executing VM operation: G1CollectForAllocation done
Event: 47.220 Executing VM operation: G1CollectForAllocation
Event: 47.235 Executing VM operation: G1CollectForAllocation done
Event: 47.723 Executing VM operation: G1CollectForAllocation
Event: 47.751 Executing VM operation: G1CollectForAllocation done
Event: 47.754 Executing VM operation: G1CollectForAllocation

Events (20 events):
Event: 44.665 loading class sun/security/provider/ByteArrayAccess$LE done
Event: 45.663 Thread 0x000001c03409fa40 Thread exited: 0x000001c03409fa40
Event: 46.166 Thread 0x000001c033e5d510 Thread exited: 0x000001c033e5d510
Event: 46.695 loading class java/util/concurrent/CompletableFuture$BiRelay
Event: 46.695 loading class java/util/concurrent/CompletableFuture$BiCompletion
Event: 46.695 loading class java/util/concurrent/CompletableFuture$BiCompletion done
Event: 46.695 loading class java/util/concurrent/CompletableFuture$BiRelay done
Event: 46.695 loading class java/util/concurrent/CompletableFuture$CoCompletion
Event: 46.696 loading class java/util/concurrent/CompletableFuture$CoCompletion done
Event: 46.703 loading class java/nio/file/FileTreeIterator
Event: 46.704 loading class java/nio/file/FileTreeIterator done
Event: 46.707 loading class java/util/stream/ForEachOps$ForEachOp$OfRef
Event: 46.707 loading class java/util/stream/ForEachOps$ForEachOp$OfRef done
Event: 46.869 loading class jdk/internal/reflect/UnsafeQualifiedObjectFieldAccessorImpl
Event: 46.870 loading class jdk/internal/reflect/UnsafeQualifiedObjectFieldAccessorImpl done
Event: 46.870 loading class jdk/internal/reflect/UnsafeQualifiedLongFieldAccessorImpl
Event: 46.870 loading class jdk/internal/reflect/UnsafeQualifiedLongFieldAccessorImpl done
Event: 46.997 Thread 0x000001c0342382e0 Thread added: 0x000001c0342382e0
Event: 47.042 Thread 0x000001c034232770 Thread added: 0x000001c034232770
Event: 47.157 Thread 0x000001c0342387b0 Thread added: 0x000001c0342387b0


Dynamic libraries:
0x00007ff6d7100000 - 0x00007ff6d710e000 	c:\Users\wmaluc\.vscode\extensions\redhat.java-1.12.0-win32-x64\jre\17.0.4.1-win32-x86_64\bin\java.exe
0x00007ff82a450000 - 0x00007ff82a648000 	C:\WINDOWS\SYSTEM32\ntdll.dll
0x00007ffff6d70000 - 0x00007ffff6d87000 	C:\Program Files\Avast Software\Avast\aswhook.dll
0x00007ff829640000 - 0x00007ff8296ff000 	C:\WINDOWS\System32\KERNEL32.DLL
0x00007ff8281c0000 - 0x00007ff828492000 	C:\WINDOWS\System32\KERNELBASE.dll
0x00007ff827da0000 - 0x00007ff827ea0000 	C:\WINDOWS\System32\ucrtbase.dll
0x00007ff81afc0000 - 0x00007ff81afd8000 	c:\Users\wmaluc\.vscode\extensions\redhat.java-1.12.0-win32-x64\jre\17.0.4.1-win32-x86_64\bin\jli.dll
0x00007ff81ad20000 - 0x00007ff81ad39000 	c:\Users\wmaluc\.vscode\extensions\redhat.java-1.12.0-win32-x64\jre\17.0.4.1-win32-x86_64\bin\VCRUNTIME140.dll
0x00007ff8291f0000 - 0x00007ff82938d000 	C:\WINDOWS\System32\USER32.dll
0x00007ff827b50000 - 0x00007ff827b72000 	C:\WINDOWS\System32\win32u.dll
0x00007ff818260000 - 0x00007ff8184fa000 	C:\WINDOWS\WinSxS\amd64_microsoft.windows.common-controls_6595b64144ccf1df_6.0.19041.1110_none_60b5254171f9507e\COMCTL32.dll
0x00007ff828b80000 - 0x00007ff828bab000 	C:\WINDOWS\System32\GDI32.dll
0x00007ff828ae0000 - 0x00007ff828b7e000 	C:\WINDOWS\System32\msvcrt.dll
0x00007ff828000000 - 0x00007ff82810f000 	C:\WINDOWS\System32\gdi32full.dll
0x00007ff827f60000 - 0x00007ff827ffd000 	C:\WINDOWS\System32\msvcp_win.dll
0x00007ff828e10000 - 0x00007ff828e42000 	C:\WINDOWS\System32\IMM32.DLL
0x00007ff821b50000 - 0x00007ff821b5c000 	c:\Users\wmaluc\.vscode\extensions\redhat.java-1.12.0-win32-x64\jre\17.0.4.1-win32-x86_64\bin\vcruntime140_1.dll
0x00007ff804b70000 - 0x00007ff804c01000 	c:\Users\wmaluc\.vscode\extensions\redhat.java-1.12.0-win32-x64\jre\17.0.4.1-win32-x86_64\bin\msvcp140.dll
0x00007fffcbb90000 - 0x00007fffcc7d6000 	c:\Users\wmaluc\.vscode\extensions\redhat.java-1.12.0-win32-x64\jre\17.0.4.1-win32-x86_64\bin\server\jvm.dll
0x00007ff828830000 - 0x00007ff8288de000 	C:\WINDOWS\System32\ADVAPI32.dll
0x00007ff828ef0000 - 0x00007ff828f8c000 	C:\WINDOWS\System32\sechost.dll
0x00007ff8290c0000 - 0x00007ff8291e5000 	C:\WINDOWS\System32\RPCRT4.dll
0x00007ff829630000 - 0x00007ff829638000 	C:\WINDOWS\System32\PSAPI.DLL
0x00007ff819870000 - 0x00007ff819897000 	C:\WINDOWS\SYSTEM32\WINMM.dll
0x00007ff811030000 - 0x00007ff811039000 	C:\WINDOWS\SYSTEM32\WSOCK32.dll
0x00007ff829050000 - 0x00007ff8290bb000 	C:\WINDOWS\System32\WS2_32.dll
0x00007ff8207f0000 - 0x00007ff8207fa000 	C:\WINDOWS\SYSTEM32\VERSION.dll
0x00007ff825a10000 - 0x00007ff825a22000 	C:\WINDOWS\SYSTEM32\kernel.appcore.dll
0x00007ff81c480000 - 0x00007ff81c48a000 	c:\Users\wmaluc\.vscode\extensions\redhat.java-1.12.0-win32-x64\jre\17.0.4.1-win32-x86_64\bin\jimage.dll
0x00007ff8203d0000 - 0x00007ff8205b4000 	C:\WINDOWS\SYSTEM32\DBGHELP.DLL
0x00007ff81bef0000 - 0x00007ff81bf1c000 	C:\WINDOWS\SYSTEM32\dbgcore.DLL
0x00007ff827ed0000 - 0x00007ff827f52000 	C:\WINDOWS\System32\bcryptPrimitives.dll
0x00007ff81a830000 - 0x00007ff81a855000 	c:\Users\wmaluc\.vscode\extensions\redhat.java-1.12.0-win32-x64\jre\17.0.4.1-win32-x86_64\bin\java.dll
0x00007ff8199b0000 - 0x00007ff8199c8000 	c:\Users\wmaluc\.vscode\extensions\redhat.java-1.12.0-win32-x64\jre\17.0.4.1-win32-x86_64\bin\zip.dll
0x00007ff829c40000 - 0x00007ff82a383000 	C:\WINDOWS\System32\SHELL32.dll
0x00007ff825c10000 - 0x00007ff8263a2000 	C:\WINDOWS\SYSTEM32\windows.storage.dll
0x00007ff8284d0000 - 0x00007ff828824000 	C:\WINDOWS\System32\combase.dll
0x00007ff8275b0000 - 0x00007ff8275e0000 	C:\WINDOWS\SYSTEM32\Wldp.dll
0x00007ff828d60000 - 0x00007ff828e0d000 	C:\WINDOWS\System32\SHCORE.dll
0x00007ff828ff0000 - 0x00007ff829045000 	C:\WINDOWS\System32\shlwapi.dll
0x00007ff827a90000 - 0x00007ff827aaf000 	C:\WINDOWS\SYSTEM32\profapi.dll
0x00007ff819460000 - 0x00007ff819479000 	C:\Users\wmaluc\.vscode\extensions\redhat.java-1.12.0-win32-x64\jre\17.0.4.1-win32-x86_64\bin\net.dll
0x00007ff818870000 - 0x00007ff81897c000 	C:\WINDOWS\SYSTEM32\WINHTTP.dll
0x00007ff827310000 - 0x00007ff82737a000 	C:\WINDOWS\system32\mswsock.dll
0x00007ff818b70000 - 0x00007ff818b85000 	C:\Users\wmaluc\.vscode\extensions\redhat.java-1.12.0-win32-x64\jre\17.0.4.1-win32-x86_64\bin\nio.dll
0x00007ff81b860000 - 0x00007ff81b870000 	c:\Users\wmaluc\.vscode\extensions\redhat.java-1.12.0-win32-x64\jre\17.0.4.1-win32-x86_64\bin\verify.dll
0x00007ff81adb0000 - 0x00007ff81adb9000 	C:\Users\wmaluc\.vscode\extensions\redhat.java-1.12.0-win32-x64\jre\17.0.4.1-win32-x86_64\bin\management.dll
0x00007ff81ada0000 - 0x00007ff81adab000 	C:\Users\wmaluc\.vscode\extensions\redhat.java-1.12.0-win32-x64\jre\17.0.4.1-win32-x86_64\bin\management_ext.dll
0x00007ff8091b0000 - 0x00007ff8091c7000 	C:\WINDOWS\system32\napinsp.dll
0x00007ff809190000 - 0x00007ff8091ab000 	C:\WINDOWS\system32\pnrpnsp.dll
0x00007ff822a20000 - 0x00007ff822a35000 	C:\WINDOWS\system32\wshbth.dll
0x00007ff8234f0000 - 0x00007ff82350d000 	C:\WINDOWS\system32\NLAapi.dll
0x00007ff826fb0000 - 0x00007ff826feb000 	C:\WINDOWS\SYSTEM32\IPHLPAPI.DLL
0x00007ff827000000 - 0x00007ff8270ca000 	C:\WINDOWS\SYSTEM32\DNSAPI.dll
0x00007ff8284c0000 - 0x00007ff8284c8000 	C:\WINDOWS\System32\NSI.dll
0x00007ff809170000 - 0x00007ff809182000 	C:\WINDOWS\System32\winrnr.dll
0x00007ff812b00000 - 0x00007ff812b0a000 	C:\Windows\System32\rasadhlp.dll
0x00007ff816eb0000 - 0x00007ff816f30000 	C:\WINDOWS\System32\fwpuclnt.dll
0x00007ff827ea0000 - 0x00007ff827ec7000 	C:\WINDOWS\System32\bcrypt.dll
0x00007ff827510000 - 0x00007ff827528000 	C:\WINDOWS\SYSTEM32\CRYPTSP.dll
0x00007ff826b50000 - 0x00007ff826b84000 	C:\WINDOWS\system32\rsaenh.dll
0x00007ff827a50000 - 0x00007ff827a7e000 	C:\WINDOWS\SYSTEM32\USERENV.dll
0x00007ff827500000 - 0x00007ff82750c000 	C:\WINDOWS\SYSTEM32\CRYPTBASE.dll
0x00007ff81c760000 - 0x00007ff81c777000 	C:\WINDOWS\SYSTEM32\dhcpcsvc6.DLL
0x00007ff81ddf0000 - 0x00007ff81de0d000 	C:\WINDOWS\SYSTEM32\dhcpcsvc.DLL

dbghelp: loaded successfully - version: 4.0.5 - missing functions: none
symbol engine: initialized successfully - sym options: 0x614 - pdb path: .;c:\Users\wmaluc\.vscode\extensions\redhat.java-1.12.0-win32-x64\jre\17.0.4.1-win32-x86_64\bin;C:\WINDOWS\SYSTEM32;C:\Program Files\Avast Software\Avast;C:\WINDOWS\WinSxS\amd64_microsoft.windows.common-controls_6595b64144ccf1df_6.0.19041.1110_none_60b5254171f9507e;c:\Users\wmaluc\.vscode\extensions\redhat.java-1.12.0-win32-x64\jre\17.0.4.1-win32-x86_64\bin\server

VM Arguments:
jvm_args: -Dsts.lsp.client=vscode -Dsts.log.file=/dev/null -XX:TieredStopAtLevel=1 -Xlog:jni+resolve=off -Dspring.config.location=file:c:\Users\wmaluc\.vscode\extensions\pivotal.vscode-spring-boot-1.40.0\language-server\BOOT-INF\classes\application.properties 
java_command: org.springframework.ide.vscode.boot.app.BootLanguageServerBootApp
java_class_path (initial): c:\Users\wmaluc\.vscode\extensions\pivotal.vscode-spring-boot-1.40.0\language-server\BOOT-INF\classes;c:\Users\wmaluc\.vscode\extensions\pivotal.vscode-spring-boot-1.40.0\language-server\BOOT-INF\lib\annotations-23.0.0.jar;c:\Users\wmaluc\.vscode\extensions\pivotal.vscode-spring-boot-1.40.0\language-server\BOOT-INF\lib\ant-1.10.12.jar;c:\Users\wmaluc\.vscode\extensions\pivotal.vscode-spring-boot-1.40.0\language-server\BOOT-INF\lib\ant-launcher-1.10.12.jar;c:\Users\wmaluc\.vscode\extensions\pivotal.vscode-spring-boot-1.40.0\language-server\BOOT-INF\lib\antlr-runtime-3.5.2.jar;c:\Users\wmaluc\.vscode\extensions\pivotal.vscode-spring-boot-1.40.0\language-server\BOOT-INF\lib\antlr4-4.9.3.jar;c:\Users\wmaluc\.vscode\extensions\pivotal.vscode-spring-boot-1.40.0\language-server\BOOT-INF\lib\antlr4-runtime-4.9.3.jar;c:\Users\wmaluc\.vscode\extensions\pivotal.vscode-spring-boot-1.40.0\language-server\BOOT-INF\lib\asm-9.3.jar;c:\Users\wmaluc\.vscode\extensions\pivotal.vscode-spring-boot-1.40.0\language-server\BOOT-INF\lib\asm-analysis-9.3.jar;c:\Users\wmaluc\.vscode\extensions\pivotal.vscode-spring-boot-1.40.0\language-server\BOOT-INF\lib\asm-tree-9.3.jar;c:\Users\wmaluc\.vscode\extensions\pivotal.vscode-spring-boot-1.40.0\language-server\BOOT-INF\lib\asm-util-9.3.jar;c:\Users\wmaluc\.vscode\extensions\pivotal.vscode-spring-boot-1.40.0\language-server\BOOT-INF\lib\byte-buddy-1.12.13.jar;c:\Users\wmaluc\.vscode\extensions\pivotal.vscode-spring-boot-1.40.0\language-server\BOOT-INF\lib\caffeine-2.9.3.jar;c:\Users\wmaluc\.vscode\extensions\pivotal.vscode-spring-boot-1.40.0\language-server\BOOT-INF\lib\checker-qual-3.12.0.jar;c:\Users\wmaluc\.vscode\extensions\pivotal.vscode-spring-boot-1.40.0\language-server\BOOT-INF\lib\classgraph-4.8.149.jar;c:\Users\wmaluc\.vscode\extensions\pivotal.vscode-spring-boot-1.40.0\language-server\BOOT-INF\lib\commons-codec-1.15.jar;c:\Users\wmaluc\.vscode\extensions\pivotal.vscode-spring-boot-1.40.0\language-server\BOOT-
Launcher Type: SUN_STANDARD

[Global flags]
     intx CICompilerCount                          = 4                                         {product} {ergonomic}
     uint ConcGCThreads                            = 2                                         {product} {ergonomic}
     uint G1ConcRefinementThreads                  = 8                                         {product} {ergonomic}
   size_t G1HeapRegionSize                         = 1048576                                   {product} {ergonomic}
    uintx GCDrainStackTargetSize                   = 64                                        {product} {ergonomic}
   size_t InitialHeapSize                          = 125829120                                 {product} {ergonomic}
   size_t MarkStackSize                            = 4194304                                   {product} {ergonomic}
   size_t MaxHeapSize                              = 2000683008                                {product} {ergonomic}
   size_t MaxNewSize                               = 1199570944                                {product} {ergonomic}
   size_t MinHeapDeltaBytes                        = 1048576                                   {product} {ergonomic}
   size_t MinHeapSize                              = 8388608                                   {product} {ergonomic}
    uintx NonProfiledCodeHeapSize                  = 0                                      {pd product} {ergonomic}
     bool ProfileInterpreter                       = false                                  {pd product} {command line}
    uintx ProfiledCodeHeapSize                     = 0                                      {pd product} {ergonomic}
   size_t SoftMaxHeapSize                          = 2000683008                             {manageable} {ergonomic}
     intx TieredStopAtLevel                        = 1                                         {product} {command line}
     bool UseCompressedClassPointers               = true                           {product lp64_product} {ergonomic}
     bool UseCompressedOops                        = true                           {product lp64_product} {ergonomic}
     bool UseG1GC                                  = true                                      {product} {ergonomic}
     bool UseLargePagesIndividualAllocation        = false                                  {pd product} {ergonomic}

Logging:
Log output configuration:
 #0: stdout all=warning,jni+resolve=off uptime,level,tags
 #1: stderr all=off uptime,level,tags

Environment Variables:
JAVA_HOME=C:\Program Files\Eclipse Adoptium\jdk-17.0.4.101-hotspot\
PATH=C:\Users\wmaluc\AppData\Local\cloud-code\installer\google-cloud-sdk\bin;C:\Python311\Scripts\;C:\Python311\;C:\Python310\Scripts\;C:\Python310\;C:\Program Files\Eclipse Adoptium\jdk-17.0.4.101-hotspot\bin;C:\Program Files\Eclipse Adoptium\jdk-11.0.15.10-hotspot\bin;C:\Program Files\Common Files\Oracle\Java\javapath;C:\WINDOWS\system32;C:\WINDOWS;C:\WINDOWS\System32\Wbem;C:\WINDOWS\System32\WindowsPowerShell\v1.0\;C:\WINDOWS\System32\OpenSSH\;C:\Program Files (x86)\NVIDIA Corporation\PhysX\Common;C:\WINDOWS\system32;C:\WINDOWS;C:\WINDOWS\System32\Wbem;C:\WINDOWS\System32\WindowsPowerShell\v1.0\;C:\WINDOWS\System32\OpenSSH\;C:\Program Files\Git\cmd;C:\ProgramData\chocolatey\bin;C:\Program Files\nodejs\;C:\Program Files\MySQL\MySQL Shell 8.0\bin\;C:\Users\wmaluc\AppData\Local\Programs\Python\Python39\Scripts\;C:\Users\wmaluc\AppData\Local\Programs\Python\Python39\;C:\Users\wmaluc\AppData\Local\Microsoft\WindowsApps;C:\Program Files\JetBrains\PyCharm Community Edition 2022.1.1\bin;;C:\Users\wmaluc\AppData\Local\Programs\Microsoft VS Code\bin;C:\Program Files\apache-maven-3.8.6\bin;C:\Users\wmaluc\AppData\Local\GitHubDesktop\bin;C:\Users\wmaluc\AppData\Roaming\npm;C:\Users\wmaluc\AppData\Local\Google\Cloud SDK\google-cloud-sdk\bin;C:\Program Files (x86)\Google\Cloud SDK\google-cloud-sdk\bin;C:\Program Files\Google\Cloud SDK\google-cloud-sdk\bin
USERNAME=wmaluc
OS=Windows_NT
PROCESSOR_IDENTIFIER=Intel64 Family 6 Model 58 Stepping 9, GenuineIntel
TMP=C:\Users\wmaluc\AppData\Local\Temp
TEMP=C:\Users\wmaluc\AppData\Local\Temp



---------------  S Y S T E M  ---------------

OS:
 Windows 10 , 64 bit Build 19041 (10.0.19041.2251)
OS uptime: 6 days 16:20 hours

CPU: total 8 (initial active 8) (4 cores per cpu, 2 threads per core) family 6 model 58 stepping 9 microcode 0x21, cx8, cmov, fxsr, ht, mmx, sse, sse2, sse3, ssse3, sse4.1, sse4.2, popcnt, tsc, tscinvbit, avx, aes, erms, clmul, vzeroupper, clflush

Memory: 4k page, system-wide physical 7629M (390M free)
TotalPageFile size 19849M (AvailPageFile size 97M)
current process WorkingSet (physical memory assigned to process): 323M, peak: 380M
current process commit charge ("private bytes"): 420M, peak: 620M

vm_info: OpenJDK 64-Bit Server VM (17.0.4.1+1) for windows-amd64 JRE (17.0.4.1+1), built on Aug 17 2022 07:42:43 by "temurin" with MS VC++ 16.7 (VS2019)

END.
