#
# There is insufficient memory for the Java Runtime Environment to continue.
# Native memory allocation (malloc) failed to allocate 1048576 bytes for AllocateHeap
# Possible reasons:
#   The system is out of physical RAM or swap space
#   The process is running with CompressedOops enabled, and the Java Heap may be blocking the growth of the native heap
# Possible solutions:
#   Reduce memory load on the system
#   Increase physical memory or swap space
#   Check if swap backing store is full
#   Decrease Java heap size (-Xmx/-Xms)
#   Decrease number of Java threads
#   Decrease Java thread stack sizes (-Xss)
#   Set larger code cache with -XX:ReservedCodeCacheSize=
#   JVM is running with Unscaled Compressed Oops mode in which the Java heap is
#     placed in the first 4GB address space. The Java Heap base address is the
#     maximum limit for the native heap growth. Please use -XX:HeapBaseMinAddress
#     to set the Java Heap base and to place the Java Heap above 4GB virtual address.
# This output file may be truncated or incomplete.
#
#  Out of Memory Error (allocation.cpp:44), pid=2452, tid=9004
#
# JRE version: OpenJDK Runtime Environment Temurin-17.0.4.1+1 (17.0.4.1+1) (build 17.0.4.1+1)
# Java VM: OpenJDK 64-Bit Server VM Temurin-17.0.4.1+1 (17.0.4.1+1, mixed mode, emulated-client, tiered, compressed oops, compressed class ptrs, g1 gc, windows-amd64)
# No core dump will be written. Minidumps are not enabled by default on client versions of Windows
#

---------------  S U M M A R Y ------------

Command Line: -Dsts.lsp.client=vscode -Dsts.log.file=/dev/null -XX:TieredStopAtLevel=1 -Xlog:jni+resolve=off -Dspring.config.location=file:c:\Users\wmaluc\.vscode\extensions\pivotal.vscode-spring-boot-1.40.0\language-server\BOOT-INF\classes\application.properties org.springframework.ide.vscode.boot.app.BootLanguageServerBootApp

Host: Intel(R) Core(TM) i7-3610QM CPU @ 2.30GHz, 8 cores, 7G,  Windows 10 , 64 bit Build 19041 (10.0.19041.2251)
Time: Sat Nov 19 10:37:48 2022 Hora est. Pacífico, Sudamérica elapsed time: 352.628413 seconds (0d 0h 5m 52s)

---------------  T H R E A D  ---------------

Current thread (0x000001fc7832ba10):  VMThread "VM Thread" [stack: 0x0000006224500000,0x0000006224600000] [id=9004]

Stack: [0x0000006224500000,0x0000006224600000]
Native frames: (J=compiled Java code, j=interpreted, Vv=VM code, C=native code)
V  [jvm.dll+0x67731a]
V  [jvm.dll+0x832284]
V  [jvm.dll+0x833a2e]
V  [jvm.dll+0x834093]
V  [jvm.dll+0x245775]
V  [jvm.dll+0xa6393]
V  [jvm.dll+0x2f5933]
V  [jvm.dll+0x2f1640]
V  [jvm.dll+0x2d9d27]
V  [jvm.dll+0x31ce37]
V  [jvm.dll+0x83853b]
V  [jvm.dll+0x839274]
V  [jvm.dll+0x83978c]
V  [jvm.dll+0x839b64]
V  [jvm.dll+0x839c30]
V  [jvm.dll+0x7e240a]
V  [jvm.dll+0x6761a5]
C  [ucrtbase.dll+0x21bb2]
C  [KERNEL32.DLL+0x174b4]
C  [ntdll.dll+0x526a1]

VM_Operation (0x0000006225afee00): G1CollectFull, mode: safepoint, requested by thread 0x000001fc78d2b9d0


---------------  P R O C E S S  ---------------

Threads class SMR info:
_java_thread_list=0x000001fc7ce2b340, length=25, elements={
0x000001fc78343750, 0x000001fc78344160, 0x000001fc78378130, 0x000001fc7837c630,
0x000001fc78d2a1c0, 0x000001fc78d28e80, 0x000001fc78d3a400, 0x000001fc78d3a910,
0x000001fc78d29350, 0x000001fc78d29820, 0x000001fc78d2ab60, 0x000001fc78d2b9d0,
0x000001fc78d29cf0, 0x000001fc78d2a690, 0x000001fc78d2bea0, 0x000001fc78d2b030,
0x000001fc78d284e0, 0x000001fc78d289b0, 0x000001fc7ac2f7d0, 0x000001fc7ac30fe0,
0x000001fc7ac2e960, 0x000001fc7ac30170, 0x000001fc7ac30640, 0x000001fc7ce7d9c0,
0x000001fc7ab89cd0
}

Java Threads: ( => current thread )
  0x000001fc78343750 JavaThread "Reference Handler" daemon [_thread_blocked, id=16568, stack(0x0000006224600000,0x0000006224700000)]
  0x000001fc78344160 JavaThread "Finalizer" daemon [_thread_blocked, id=10924, stack(0x0000006224700000,0x0000006224800000)]
  0x000001fc78378130 JavaThread "Signal Dispatcher" daemon [_thread_blocked, id=18796, stack(0x0000006224800000,0x0000006224900000)]
  0x000001fc7837c630 JavaThread "Attach Listener" daemon [_thread_blocked, id=13668, stack(0x0000006224900000,0x0000006224a00000)]
  0x000001fc78d2a1c0 JavaThread "Service Thread" daemon [_thread_blocked, id=11204, stack(0x0000006224a00000,0x0000006224b00000)]
  0x000001fc78d28e80 JavaThread "Monitor Deflation Thread" daemon [_thread_blocked, id=7344, stack(0x0000006224b00000,0x0000006224c00000)]
  0x000001fc78d3a400 JavaThread "C1 CompilerThread0" daemon [_thread_blocked, id=22148, stack(0x0000006224c00000,0x0000006224d00000)]
  0x000001fc78d3a910 JavaThread "Sweeper thread" daemon [_thread_blocked, id=18288, stack(0x0000006224d00000,0x0000006224e00000)]
  0x000001fc78d29350 JavaThread "Notification Thread" daemon [_thread_blocked, id=9304, stack(0x0000006224e00000,0x0000006224f00000)]
  0x000001fc78d29820 JavaThread "Common-Cleaner" daemon [_thread_blocked, id=17952, stack(0x0000006225000000,0x0000006225100000)]
  0x000001fc78d2ab60 JavaThread "boundedElastic-evictor-1" daemon [_thread_blocked, id=13652, stack(0x0000006225c00000,0x0000006225d00000)]
  0x000001fc78d2b9d0 JavaThread "pool-9-thread-1" [_thread_blocked, id=11248, stack(0x0000006225a00000,0x0000006225b00000)]
  0x000001fc78d29cf0 JavaThread "LanguageServerApp-lifecycle" [_thread_blocked, id=11748, stack(0x0000006225d00000,0x0000006225e00000)]
  0x000001fc78d2a690 JavaThread "DestroyJavaVM" [_thread_blocked, id=7104, stack(0x0000006223f00000,0x0000006224000000)]
  0x000001fc78d2bea0 JavaThread "pool-10-thread-1" [_thread_in_native, id=8484, stack(0x0000006225e00000,0x0000006225f00000)]
  0x000001fc78d2b030 JavaThread "Simple-Language-Server main thread" daemon [_thread_blocked, id=14724, stack(0x0000006225f00000,0x0000006226000000)]
  0x000001fc78d284e0 JavaThread "pool-7-thread-1" [_thread_blocked, id=4112, stack(0x0000006226100000,0x0000006226200000)]
  0x000001fc78d289b0 JavaThread "parallel-1" daemon [_thread_blocked, id=5152, stack(0x0000006226200000,0x0000006226300000)]
  0x000001fc7ac2f7d0 JavaThread "Reconciler-1" daemon [_thread_blocked, id=22488, stack(0x0000006226300000,0x0000006226400000)]
  0x000001fc7ac30fe0 JavaThread "parallel-2" daemon [_thread_blocked, id=12924, stack(0x0000006227400000,0x0000006227500000)]
  0x000001fc7ac2e960 JavaThread "pool-5-thread-1" [_thread_blocked, id=8196, stack(0x0000006227700000,0x0000006227800000)]
  0x000001fc7ac30170 JavaThread "parallel-3" daemon [_thread_blocked, id=14584, stack(0x0000006225100000,0x0000006225200000)]
  0x000001fc7ac30640 JavaThread "parallel-4" daemon [_thread_blocked, id=11136, stack(0x0000006227600000,0x0000006227700000)]
  0x000001fc7ce7d9c0 JavaThread "parallel-5" daemon [_thread_blocked, id=13944, stack(0x0000006226400000,0x0000006226500000)]
  0x000001fc7ab89cd0 JavaThread "parallel-6" daemon [_thread_blocked, id=19232, stack(0x0000006226500000,0x0000006226600000)]

Other Threads:
=>0x000001fc7832ba10 VMThread "VM Thread" [stack: 0x0000006224500000,0x0000006224600000] [id=9004]
  0x000001fc6b465d80 WatcherThread [stack: 0x0000006224f00000,0x0000006225000000] [id=21024]
  0x000001fc6b448310 GCTaskThread "GC Thread#0" [stack: 0x0000006224000000,0x0000006224100000] [id=6652]
  0x000001fc79606820 GCTaskThread "GC Thread#1" [stack: 0x0000006225200000,0x0000006225300000] [id=4244]
  0x000001fc798238f0 GCTaskThread "GC Thread#2" [stack: 0x0000006225300000,0x0000006225400000] [id=1672]
  0x000001fc78d90760 GCTaskThread "GC Thread#3" [stack: 0x0000006225400000,0x0000006225500000] [id=14308]
  0x000001fc78d91220 GCTaskThread "GC Thread#4" [stack: 0x0000006225500000,0x0000006225600000] [id=20620]
  0x000001fc78d914d0 GCTaskThread "GC Thread#5" [stack: 0x0000006225600000,0x0000006225700000] [id=16192]
  0x000001fc7a440780 GCTaskThread "GC Thread#6" [stack: 0x0000006225800000,0x0000006225900000] [id=2128]
  0x000001fc796a5d10 GCTaskThread "GC Thread#7" [stack: 0x0000006225900000,0x0000006225a00000] [id=3064]
  0x000001fc6b4591b0 ConcurrentGCThread "G1 Main Marker" [stack: 0x0000006224100000,0x0000006224200000] [id=21192]
  0x000001fc6b45a360 ConcurrentGCThread "G1 Conc#0" [stack: 0x0000006224200000,0x0000006224300000] [id=10776]
  0x000001fc7a6530a0 ConcurrentGCThread "G1 Conc#1" [stack: 0x0000006225b00000,0x0000006225c00000] [id=17316]
  0x000001fc7819a0e0 ConcurrentGCThread "G1 Refine#0" [stack: 0x0000006224300000,0x0000006224400000] [id=2248]
  0x000001fc79606ad0 ConcurrentGCThread "G1 Refine#1" [stack: 0x0000006225700000,0x0000006225800000] [id=14504]
  0x000001fc7b3c4450 ConcurrentGCThread "G1 Refine#2" [stack: 0x0000006227500000,0x0000006227600000] [id=19596]
  0x000001fc6b4bd730 ConcurrentGCThread "G1 Service" [stack: 0x0000006224400000,0x0000006224500000] [id=21876]

Threads with active compile tasks:

VM state: at safepoint (normal execution)

VM Mutex/Monitor currently owned by a thread:  ([mutex/lock_event])
[0x000001fc691db820] Threads_lock - owner thread: 0x000001fc7832ba10
[0x000001fc6b3ee3c0] Heap_lock - owner thread: 0x000001fc78d2b9d0

Heap address: 0x0000000088c00000, size: 1908 MB, Compressed Oops mode: 32-bit

CDS archive(s) not mapped
Compressed class space mapped at: 0x0000000100000000-0x0000000140000000, reserved size: 1073741824
Narrow klass base: 0x0000000000000000, Narrow klass shift: 3, Narrow klass range: 0x140000000

GC Precious Log:
 CPUs: 8 total, 8 available
 Memory: 7629M
 Large Page Support: Disabled
 NUMA Support: Disabled
 Compressed Oops: Enabled (32-bit)
 Heap Region Size: 1M
 Heap Min Capacity: 8M
 Heap Initial Capacity: 120M
 Heap Max Capacity: 1908M
 Pre-touch: Disabled
 Parallel Workers: 8
 Concurrent Workers: 2
 Concurrent Refinement Workers: 8
 Periodic GC: Disabled

Heap:
 garbage-first heap   total 112640K, used 32693K [0x0000000088c00000, 0x0000000100000000)
  region size 1024K, 1 young (1024K), 0 survivors (0K)
 Metaspace       used 53094K, committed 53696K, reserved 1097728K
  class space    used 7044K, committed 7296K, reserved 1048576K

Heap Regions: E=young(eden), S=young(survivor), O=old, HS=humongous(starts), HC=humongous(continues), CS=collection set, F=free, OA=open archive, CA=closed archive, TAMS=top-at-mark-start (previous, next)
|   0|0x0000000088c00000, 0x0000000088d00000, 0x0000000088d00000|100%| O|  |TAMS 0x0000000088d00000, 0x0000000088c00000| Untracked 
|   1|0x0000000088d00000, 0x0000000088dffff8, 0x0000000088e00000| 99%| O|  |TAMS 0x0000000088dffff8, 0x0000000088d00000| Untracked 
|   2|0x0000000088e00000, 0x0000000088efff68, 0x0000000088f00000| 99%| O|  |TAMS 0x0000000088efff68, 0x0000000088e00000| Untracked 
|   3|0x0000000088f00000, 0x0000000089000000, 0x0000000089000000|100%| O|  |TAMS 0x0000000089000000, 0x0000000088f00000| Untracked 
|   4|0x0000000089000000, 0x00000000890fffe0, 0x0000000089100000| 99%| O|  |TAMS 0x00000000890fffe0, 0x0000000089000000| Untracked 
|   5|0x0000000089100000, 0x00000000891ffff0, 0x0000000089200000| 99%| O|  |TAMS 0x00000000891ffff0, 0x0000000089100000| Untracked 
|   6|0x0000000089200000, 0x0000000089300000, 0x0000000089300000|100%| O|  |TAMS 0x0000000089300000, 0x0000000089200000| Untracked 
|   7|0x0000000089300000, 0x0000000089400000, 0x0000000089400000|100%| O|  |TAMS 0x0000000089400000, 0x0000000089300000| Untracked 
|   8|0x0000000089400000, 0x00000000894ffff0, 0x0000000089500000| 99%| O|  |TAMS 0x00000000894ffff0, 0x0000000089400000| Untracked 
|   9|0x0000000089500000, 0x00000000895fffe0, 0x0000000089600000| 99%| O|  |TAMS 0x00000000895fffe0, 0x0000000089500000| Untracked 
|  10|0x0000000089600000, 0x00000000896fffe0, 0x0000000089700000| 99%| O|  |TAMS 0x00000000896fffe0, 0x0000000089600000| Untracked 
|  11|0x0000000089700000, 0x00000000897fffc0, 0x0000000089800000| 99%| O|  |TAMS 0x00000000897fffc0, 0x0000000089700000| Untracked 
|  12|0x0000000089800000, 0x00000000898fffa8, 0x0000000089900000| 99%| O|  |TAMS 0x00000000898fffa8, 0x0000000089800000| Untracked 
|  13|0x0000000089900000, 0x00000000899ffff8, 0x0000000089a00000| 99%| O|  |TAMS 0x00000000899ffff8, 0x0000000089900000| Untracked 
|  14|0x0000000089a00000, 0x0000000089aff658, 0x0000000089b00000| 99%| O|  |TAMS 0x0000000089aff658, 0x0000000089a00000| Untracked 
|  15|0x0000000089b00000, 0x0000000089c00000, 0x0000000089c00000|100%| O|  |TAMS 0x0000000089c00000, 0x0000000089b00000| Untracked 
|  16|0x0000000089c00000, 0x0000000089cfffe8, 0x0000000089d00000| 99%| O|  |TAMS 0x0000000089cfffe8, 0x0000000089c00000| Untracked 
|  17|0x0000000089d00000, 0x0000000089e00000, 0x0000000089e00000|100%| O|  |TAMS 0x0000000089e00000, 0x0000000089d00000| Untracked 
|  18|0x0000000089e00000, 0x0000000089effff0, 0x0000000089f00000| 99%| O|  |TAMS 0x0000000089effff0, 0x0000000089e00000| Untracked 
|  19|0x0000000089f00000, 0x0000000089ff7a58, 0x000000008a000000| 96%| O|  |TAMS 0x0000000089ff7a58, 0x0000000089f00000| Untracked 
|  20|0x000000008a000000, 0x000000008a0ffff0, 0x000000008a100000| 99%| O|  |TAMS 0x000000008a0ffff0, 0x000000008a000000| Untracked 
|  21|0x000000008a100000, 0x000000008a1fffb8, 0x000000008a200000| 99%| O|  |TAMS 0x000000008a1fffb8, 0x000000008a100000| Untracked 
|  22|0x000000008a200000, 0x000000008a2ffff0, 0x000000008a300000| 99%| O|  |TAMS 0x000000008a2ffff0, 0x000000008a200000| Untracked 
|  23|0x000000008a300000, 0x000000008a3ffff0, 0x000000008a400000| 99%| O|  |TAMS 0x000000008a3ffff0, 0x000000008a300000| Untracked 
|  24|0x000000008a400000, 0x000000008a4fad30, 0x000000008a500000| 97%| O|  |TAMS 0x000000008a4fad30, 0x000000008a400000| Untracked 
|  25|0x000000008a500000, 0x000000008a5ff598, 0x000000008a600000| 99%| O|  |TAMS 0x000000008a5ff598, 0x000000008a500000| Untracked 
|  26|0x000000008a600000, 0x000000008a6ffea8, 0x000000008a700000| 99%| O|  |TAMS 0x000000008a6ffea8, 0x000000008a600000| Untracked 
|  27|0x000000008a700000, 0x000000008a7ffee0, 0x000000008a800000| 99%| O|  |TAMS 0x000000008a7ffee0, 0x000000008a700000| Untracked 
|  28|0x000000008a800000, 0x000000008a8952b8, 0x000000008a900000| 58%| O|  |TAMS 0x000000008a800000, 0x000000008a800000| Untracked 
|  29|0x000000008a900000, 0x000000008a967670, 0x000000008aa00000| 40%| O|  |TAMS 0x000000008a900000, 0x000000008a900000| Untracked 
|  30|0x000000008aa00000, 0x000000008aa00000, 0x000000008ab00000|  0%| F|  |TAMS 0x000000008aa00000, 0x000000008aa00000| Untracked 
|  31|0x000000008ab00000, 0x000000008ac00000, 0x000000008ac00000|100%| O|  |TAMS 0x000000008ac00000, 0x000000008ab00000| Untracked 
|  32|0x000000008ac00000, 0x000000008ac00000, 0x000000008ad00000|  0%| F|  |TAMS 0x000000008ac00000, 0x000000008ac00000| Untracked 
|  33|0x000000008ad00000, 0x000000008ad00000, 0x000000008ae00000|  0%| F|  |TAMS 0x000000008ad00000, 0x000000008ad00000| Untracked 
|  34|0x000000008ae00000, 0x000000008ae00000, 0x000000008af00000|  0%| F|  |TAMS 0x000000008ae00000, 0x000000008ae00000| Untracked 
|  35|0x000000008af00000, 0x000000008afffff8, 0x000000008b000000| 99%| O|  |TAMS 0x000000008afffff8, 0x000000008af00000| Untracked 
|  36|0x000000008b000000, 0x000000008b000000, 0x000000008b100000|  0%| F|  |TAMS 0x000000008b000000, 0x000000008b000000| Untracked 
|  37|0x000000008b100000, 0x000000008b100000, 0x000000008b200000|  0%| F|  |TAMS 0x000000008b100000, 0x000000008b100000| Untracked 
|  38|0x000000008b200000, 0x000000008b200000, 0x000000008b300000|  0%| F|  |TAMS 0x000000008b200000, 0x000000008b200000| Untracked 
|  39|0x000000008b300000, 0x000000008b300000, 0x000000008b400000|  0%| F|  |TAMS 0x000000008b300000, 0x000000008b300000| Untracked 
|  40|0x000000008b400000, 0x000000008b400000, 0x000000008b500000|  0%| F|  |TAMS 0x000000008b400000, 0x000000008b400000| Untracked 
|  41|0x000000008b500000, 0x000000008b500000, 0x000000008b600000|  0%| F|  |TAMS 0x000000008b500000, 0x000000008b500000| Untracked 
|  42|0x000000008b600000, 0x000000008b600000, 0x000000008b700000|  0%| F|  |TAMS 0x000000008b600000, 0x000000008b600000| Untracked 
|  43|0x000000008b700000, 0x000000008b700000, 0x000000008b800000|  0%| F|  |TAMS 0x000000008b700000, 0x000000008b700000| Untracked 
|  44|0x000000008b800000, 0x000000008b800000, 0x000000008b900000|  0%| F|  |TAMS 0x000000008b800000, 0x000000008b800000| Untracked 
|  45|0x000000008b900000, 0x000000008b900000, 0x000000008ba00000|  0%| F|  |TAMS 0x000000008b900000, 0x000000008b900000| Untracked 
|  46|0x000000008ba00000, 0x000000008ba00000, 0x000000008bb00000|  0%| F|  |TAMS 0x000000008ba00000, 0x000000008ba00000| Untracked 
|  47|0x000000008bb00000, 0x000000008bb00000, 0x000000008bc00000|  0%| F|  |TAMS 0x000000008bb00000, 0x000000008bb00000| Untracked 
|  48|0x000000008bc00000, 0x000000008bc00000, 0x000000008bd00000|  0%| F|  |TAMS 0x000000008bc00000, 0x000000008bc00000| Untracked 
|  49|0x000000008bd00000, 0x000000008bd00000, 0x000000008be00000|  0%| F|  |TAMS 0x000000008bd00000, 0x000000008bd00000| Untracked 
|  50|0x000000008be00000, 0x000000008be00000, 0x000000008bf00000|  0%| F|  |TAMS 0x000000008be00000, 0x000000008be00000| Untracked 
|  51|0x000000008bf00000, 0x000000008c000000, 0x000000008c000000|100%|HS|  |TAMS 0x000000008c000000, 0x000000008bf00000| Untracked 
|  52|0x000000008c000000, 0x000000008c000000, 0x000000008c100000|  0%| F|  |TAMS 0x000000008c000000, 0x000000008c000000| Untracked 
|  53|0x000000008c100000, 0x000000008c100000, 0x000000008c200000|  0%| F|  |TAMS 0x000000008c100000, 0x000000008c100000| Untracked 
|  54|0x000000008c200000, 0x000000008c200000, 0x000000008c300000|  0%| F|  |TAMS 0x000000008c200000, 0x000000008c200000| Untracked 
|  55|0x000000008c300000, 0x000000008c300000, 0x000000008c400000|  0%| F|  |TAMS 0x000000008c300000, 0x000000008c300000| Untracked 
|  56|0x000000008c400000, 0x000000008c400000, 0x000000008c500000|  0%| F|  |TAMS 0x000000008c400000, 0x000000008c400000| Untracked 
|  57|0x000000008c500000, 0x000000008c500000, 0x000000008c600000|  0%| F|  |TAMS 0x000000008c500000, 0x000000008c500000| Untracked 
|  58|0x000000008c600000, 0x000000008c600000, 0x000000008c700000|  0%| F|  |TAMS 0x000000008c600000, 0x000000008c600000| Untracked 
|  59|0x000000008c700000, 0x000000008c700000, 0x000000008c800000|  0%| F|  |TAMS 0x000000008c700000, 0x000000008c700000| Untracked 
|  60|0x000000008c800000, 0x000000008c800000, 0x000000008c900000|  0%| F|  |TAMS 0x000000008c800000, 0x000000008c800000| Untracked 
|  61|0x000000008c900000, 0x000000008c900000, 0x000000008ca00000|  0%| F|  |TAMS 0x000000008c900000, 0x000000008c900000| Untracked 
|  62|0x000000008ca00000, 0x000000008ca00000, 0x000000008cb00000|  0%| F|  |TAMS 0x000000008ca00000, 0x000000008ca00000| Untracked 
|  63|0x000000008cb00000, 0x000000008cb00000, 0x000000008cc00000|  0%| F|  |TAMS 0x000000008cb00000, 0x000000008cb00000| Untracked 
|  64|0x000000008cc00000, 0x000000008cc00000, 0x000000008cd00000|  0%| F|  |TAMS 0x000000008cc00000, 0x000000008cc00000| Untracked 
|  65|0x000000008cd00000, 0x000000008cd00000, 0x000000008ce00000|  0%| F|  |TAMS 0x000000008cd00000, 0x000000008cd00000| Untracked 
|  66|0x000000008ce00000, 0x000000008ce00000, 0x000000008cf00000|  0%| F|  |TAMS 0x000000008ce00000, 0x000000008ce00000| Untracked 
|  67|0x000000008cf00000, 0x000000008cf00000, 0x000000008d000000|  0%| F|  |TAMS 0x000000008cf00000, 0x000000008cf00000| Untracked 
|  68|0x000000008d000000, 0x000000008d000000, 0x000000008d100000|  0%| F|  |TAMS 0x000000008d000000, 0x000000008d000000| Untracked 
|  69|0x000000008d100000, 0x000000008d100000, 0x000000008d200000|  0%| F|  |TAMS 0x000000008d100000, 0x000000008d100000| Untracked 
|  70|0x000000008d200000, 0x000000008d200000, 0x000000008d300000|  0%| F|  |TAMS 0x000000008d200000, 0x000000008d200000| Untracked 
|  71|0x000000008d300000, 0x000000008d300000, 0x000000008d400000|  0%| F|  |TAMS 0x000000008d300000, 0x000000008d300000| Untracked 
|  72|0x000000008d400000, 0x000000008d400000, 0x000000008d500000|  0%| F|  |TAMS 0x000000008d400000, 0x000000008d400000| Untracked 
|  73|0x000000008d500000, 0x000000008d500000, 0x000000008d600000|  0%| F|  |TAMS 0x000000008d500000, 0x000000008d500000| Untracked 
|  74|0x000000008d600000, 0x000000008d600000, 0x000000008d700000|  0%| F|  |TAMS 0x000000008d600000, 0x000000008d600000| Untracked 
|  75|0x000000008d700000, 0x000000008d700000, 0x000000008d800000|  0%| F|  |TAMS 0x000000008d700000, 0x000000008d700000| Untracked 
|  76|0x000000008d800000, 0x000000008d800000, 0x000000008d900000|  0%| F|  |TAMS 0x000000008d800000, 0x000000008d800000| Untracked 
|  77|0x000000008d900000, 0x000000008d900000, 0x000000008da00000|  0%| F|  |TAMS 0x000000008d900000, 0x000000008d900000| Untracked 
|  78|0x000000008da00000, 0x000000008da00000, 0x000000008db00000|  0%| F|  |TAMS 0x000000008da00000, 0x000000008da00000| Untracked 
|  79|0x000000008db00000, 0x000000008db00000, 0x000000008dc00000|  0%| F|  |TAMS 0x000000008db00000, 0x000000008db00000| Untracked 
|  80|0x000000008dc00000, 0x000000008dc00000, 0x000000008dd00000|  0%| F|  |TAMS 0x000000008dc00000, 0x000000008dc00000| Untracked 
|  81|0x000000008dd00000, 0x000000008dd00000, 0x000000008de00000|  0%| F|  |TAMS 0x000000008dd00000, 0x000000008dd00000| Untracked 
|  82|0x000000008de00000, 0x000000008de00000, 0x000000008df00000|  0%| F|  |TAMS 0x000000008de00000, 0x000000008de00000| Untracked 
|  83|0x000000008df00000, 0x000000008df00000, 0x000000008e000000|  0%| F|  |TAMS 0x000000008df00000, 0x000000008df00000| Untracked 
|  84|0x000000008e000000, 0x000000008e000000, 0x000000008e100000|  0%| F|  |TAMS 0x000000008e000000, 0x000000008e000000| Untracked 
|  85|0x000000008e100000, 0x000000008e100000, 0x000000008e200000|  0%| F|  |TAMS 0x000000008e100000, 0x000000008e100000| Untracked 
|  86|0x000000008e200000, 0x000000008e200000, 0x000000008e300000|  0%| F|  |TAMS 0x000000008e200000, 0x000000008e200000| Untracked 
|  87|0x000000008e300000, 0x000000008e300000, 0x000000008e400000|  0%| F|  |TAMS 0x000000008e300000, 0x000000008e300000| Untracked 
|  88|0x000000008e400000, 0x000000008e400000, 0x000000008e500000|  0%| F|  |TAMS 0x000000008e400000, 0x000000008e400000| Untracked 
|  89|0x000000008e500000, 0x000000008e500000, 0x000000008e600000|  0%| F|  |TAMS 0x000000008e500000, 0x000000008e500000| Untracked 
|  90|0x000000008e600000, 0x000000008e600000, 0x000000008e700000|  0%| F|  |TAMS 0x000000008e600000, 0x000000008e600000| Untracked 
|  91|0x000000008e700000, 0x000000008e700000, 0x000000008e800000|  0%| F|  |TAMS 0x000000008e700000, 0x000000008e700000| Untracked 
|  92|0x000000008e800000, 0x000000008e800000, 0x000000008e900000|  0%| F|  |TAMS 0x000000008e800000, 0x000000008e800000| Untracked 
|  93|0x000000008e900000, 0x000000008e900000, 0x000000008ea00000|  0%| F|  |TAMS 0x000000008e900000, 0x000000008e900000| Untracked 
|  94|0x000000008ea00000, 0x000000008ea00000, 0x000000008eb00000|  0%| F|  |TAMS 0x000000008ea00000, 0x000000008ea00000| Untracked 
|  95|0x000000008eb00000, 0x000000008eb00000, 0x000000008ec00000|  0%| F|  |TAMS 0x000000008eb00000, 0x000000008eb00000| Untracked 
|  96|0x000000008ec00000, 0x000000008ec00000, 0x000000008ed00000|  0%| F|  |TAMS 0x000000008ec00000, 0x000000008ec00000| Untracked 
|  97|0x000000008ed00000, 0x000000008ed00000, 0x000000008ee00000|  0%| F|  |TAMS 0x000000008ed00000, 0x000000008ed00000| Untracked 
|  98|0x000000008ee00000, 0x000000008ee00000, 0x000000008ef00000|  0%| F|  |TAMS 0x000000008ee00000, 0x000000008ee00000| Untracked 
|  99|0x000000008ef00000, 0x000000008ef00000, 0x000000008f000000|  0%| F|  |TAMS 0x000000008ef00000, 0x000000008ef00000| Untracked 
| 100|0x000000008f000000, 0x000000008f000000, 0x000000008f100000|  0%| F|  |TAMS 0x000000008f000000, 0x000000008f000000| Untracked 
| 101|0x000000008f100000, 0x000000008f100000, 0x000000008f200000|  0%| F|  |TAMS 0x000000008f100000, 0x000000008f100000| Untracked 
| 102|0x000000008f200000, 0x000000008f200000, 0x000000008f300000|  0%| F|  |TAMS 0x000000008f200000, 0x000000008f200000| Untracked 
| 103|0x000000008f300000, 0x000000008f300000, 0x000000008f400000|  0%| F|  |TAMS 0x000000008f300000, 0x000000008f300000| Untracked 
| 104|0x000000008f400000, 0x000000008f400000, 0x000000008f500000|  0%| F|  |TAMS 0x000000008f400000, 0x000000008f400000| Untracked 
| 105|0x000000008f500000, 0x000000008f500000, 0x000000008f600000|  0%| F|  |TAMS 0x000000008f500000, 0x000000008f500000| Untracked 
| 106|0x000000008f600000, 0x000000008f600000, 0x000000008f700000|  0%| F|  |TAMS 0x000000008f600000, 0x000000008f600000| Untracked 
| 107|0x000000008f700000, 0x000000008f700000, 0x000000008f800000|  0%| F|  |TAMS 0x000000008f700000, 0x000000008f700000| Untracked 
| 108|0x000000008f800000, 0x000000008f800000, 0x000000008f900000|  0%| F|  |TAMS 0x000000008f800000, 0x000000008f800000| Untracked 
| 109|0x000000008f900000, 0x000000008f9058a8, 0x000000008fa00000|  2%| E|  |TAMS 0x000000008f900000, 0x000000008f900000| Complete 

Card table byte_map: [0x000001fc71550000,0x000001fc71910000] _byte_map_base: 0x000001fc7110a000

Marking Bits (Prev, Next): (CMBitMap*) 0x000001fc6b449930, (CMBitMap*) 0x000001fc6b449970
 Prev Bits: [0x000001fc71cd0000, 0x000001fc73aa0000)
 Next Bits: [0x000001fc73aa0000, 0x000001fc75870000)

Polling page: 0x000001fc693c0000

Metaspace:

Usage:
  Non-class:     44.97 MB used.
      Class:      6.88 MB used.
       Both:     51.85 MB used.

Virtual space:
  Non-class space:       48.00 MB reserved,      45.31 MB ( 94%) committed,  6 nodes.
      Class space:        1.00 GB reserved,       7.12 MB ( <1%) committed,  1 nodes.
             Both:        1.05 GB reserved,      52.44 MB (  5%) committed. 

Chunk freelists:
   Non-Class:  2.72 MB
       Class:  933.00 KB
        Both:  3.63 MB

MaxMetaspaceSize: unlimited
CompressedClassSpaceSize: 1.00 GB
Initial GC threshold: 21.00 MB
Current GC threshold: 87.44 MB
CDS: off
MetaspaceReclaimPolicy: balanced
 - commit_granule_bytes: 65536.
 - commit_granule_words: 8192.
 - virtual_space_node_default_size: 1048576.
 - enlarge_chunks_in_place: 1.
 - new_chunks_are_fully_committed: 0.
 - uncommit_free_chunks: 1.
 - use_allocation_guard: 0.
 - handle_deallocations: 1.


Internal statistics:

num_allocs_failed_limit: 3.
num_arena_births: 480.
num_arena_deaths: 146.
num_vsnodes_births: 7.
num_vsnodes_deaths: 0.
num_space_committed: 839.
num_space_uncommitted: 0.
num_chunks_returned_to_freelist: 160.
num_chunks_taken_from_freelist: 2159.
num_chunk_merges: 57.
num_chunk_splits: 1549.
num_chunks_enlarged: 1246.
num_purges: 10.
num_inconsistent_stats: 0.

CodeCache: size=49152Kb used=12513Kb max_used=14201Kb free=36638Kb
 bounds [0x000001fc6e080000, 0x000001fc6ee60000, 0x000001fc71080000]
 total_blobs=7212 nmethods=6613 adapters=526
 compilation: enabled
              stopped_count=0, restarted_count=0
 full_count=0

Compilation events (20 events):
Event: 174.808 Thread 0x000001fc7ad97e90 nmethod 6606 0x000001fc6ee5a310 code [0x000001fc6ee5a4a0, 0x000001fc6ee5a578]
Event: 174.808 Thread 0x000001fc78d3a400 nmethod 6607 0x000001fc6ee5a610 code [0x000001fc6ee5a7a0, 0x000001fc6ee5a878]
Event: 174.808 Thread 0x000001fc7ad97e90 6611       1       java.lang.AbstractStringBuilder::inflate (42 bytes)
Event: 174.808 Thread 0x000001fc78d3a400 6609       1       ch.qos.logback.classic.pattern.ThrowableProxyConverter::printStackLine (23 bytes)
Event: 174.809 Thread 0x000001fc7ad97e90 nmethod 6611 0x000001fc6ee5a910 code [0x000001fc6ee5aac0, 0x000001fc6ee5ac98]
Event: 174.809 Thread 0x000001fc7ae17570 nmethod 6608 0x000001fc6ee5ad90 code [0x000001fc6ee5af60, 0x000001fc6ee5b178]
Event: 174.809 Thread 0x000001fc7ad97e90 6610       1       ch.qos.logback.classic.pattern.ThrowableProxyConverter::extraData (1 bytes)
Event: 174.809 Thread 0x000001fc7ad97e90 nmethod 6610 0x000001fc6ee5b310 code [0x000001fc6ee5b4a0, 0x000001fc6ee5b558]
Event: 174.809 Thread 0x000001fc78d3a400 nmethod 6609 0x000001fc6ee5b610 code [0x000001fc6ee5b7e0, 0x000001fc6ee5b9a8]
Event: 174.813 Thread 0x000001fc7b2a6350 nmethod 6605 0x000001fc6ee5bb90 code [0x000001fc6ee5bfc0, 0x000001fc6ee5d3b8]
Event: 174.834 Thread 0x000001fc7b2a6350 6612       1       org.springframework.ide.vscode.commons.protocol.java.Classpath::isProjectJavaSource (20 bytes)
Event: 174.835 Thread 0x000001fc78d3a400 6613       1       java.util.Spliterators$IteratorSpliterator::characteristics (5 bytes)
Event: 174.835 Thread 0x000001fc78d3a400 nmethod 6613 0x000001fc6ee5dd10 code [0x000001fc6ee5dea0, 0x000001fc6ee5df78]
Event: 174.835 Thread 0x000001fc7b2a6350 nmethod 6612 0x000001fc6ee5e010 code [0x000001fc6ee5e1a0, 0x000001fc6ee5e308]
Event: 253.822 Thread 0x000001fc78d3a400 6614       1       java.io.OutputStream::flush (1 bytes)
Event: 253.897 Thread 0x000001fc78d3a400 nmethod 6614 0x000001fc6ed8b210 code [0x000001fc6ed8b3a0, 0x000001fc6ed8b458]
Event: 318.979 Thread 0x000001fc78d3a400 6615       1       java.util.concurrent.locks.AbstractQueuedSynchronizer$Node::<init> (5 bytes)
Event: 318.983 Thread 0x000001fc78d3a400 nmethod 6615 0x000001fc6ed8af10 code [0x000001fc6ed8b0a0, 0x000001fc6ed8b158]
Event: 339.845 Thread 0x000001fc78d3a400 6616       1       java.lang.Integer::toString (8 bytes)
Event: 340.080 Thread 0x000001fc78d3a400 nmethod 6616 0x000001fc6ed8ac10 code [0x000001fc6ed8ada0, 0x000001fc6ed8ae88]

GC Heap History (20 events):
Event: 243.140 GC heap before
{Heap before GC invocations=57 (full 7):
 garbage-first heap   total 133120K, used 35970K [0x0000000088c00000, 0x0000000100000000)
  region size 1024K, 1 young (1024K), 0 survivors (0K)
 Metaspace       used 53212K, committed 53696K, reserved 1097728K
  class space    used 7071K, committed 7296K, reserved 1048576K
}
Event: 243.234 GC heap after
{Heap after GC invocations=58 (full 8):
 garbage-first heap   total 122880K, used 33702K [0x0000000088c00000, 0x0000000100000000)
  region size 1024K, 0 young (0K), 0 survivors (0K)
 Metaspace       used 53129K, committed 53696K, reserved 1097728K
  class space    used 7050K, committed 7296K, reserved 1048576K
}
Event: 253.822 GC heap before
{Heap before GC invocations=58 (full 8):
 garbage-first heap   total 122880K, used 33702K [0x0000000088c00000, 0x0000000100000000)
  region size 1024K, 1 young (1024K), 0 survivors (0K)
 Metaspace       used 53129K, committed 53696K, reserved 1097728K
  class space    used 7050K, committed 7296K, reserved 1048576K
}
Event: 253.897 GC heap after
{Heap after GC invocations=59 (full 9):
 garbage-first heap   total 119808K, used 33702K [0x0000000088c00000, 0x0000000100000000)
  region size 1024K, 0 young (0K), 0 survivors (0K)
 Metaspace       used 53129K, committed 53696K, reserved 1097728K
  class space    used 7050K, committed 7296K, reserved 1048576K
}
Event: 264.839 GC heap before
{Heap before GC invocations=59 (full 9):
 garbage-first heap   total 119808K, used 33702K [0x0000000088c00000, 0x0000000100000000)
  region size 1024K, 1 young (1024K), 0 survivors (0K)
 Metaspace       used 53129K, committed 53696K, reserved 1097728K
  class space    used 7050K, committed 7296K, reserved 1048576K
}
Event: 264.946 GC heap after
{Heap after GC invocations=60 (full 10):
 garbage-first heap   total 112640K, used 33311K [0x0000000088c00000, 0x0000000100000000)
  region size 1024K, 0 young (0K), 0 survivors (0K)
 Metaspace       used 53127K, committed 53696K, reserved 1097728K
  class space    used 7050K, committed 7296K, reserved 1048576K
}
Event: 275.960 GC heap before
{Heap before GC invocations=60 (full 10):
 garbage-first heap   total 112640K, used 33311K [0x0000000088c00000, 0x0000000100000000)
  region size 1024K, 1 young (1024K), 0 survivors (0K)
 Metaspace       used 53127K, committed 53696K, reserved 1097728K
  class space    used 7050K, committed 7296K, reserved 1048576K
}
Event: 276.054 GC heap after
{Heap after GC invocations=61 (full 11):
 garbage-first heap   total 112640K, used 32693K [0x0000000088c00000, 0x0000000100000000)
  region size 1024K, 0 young (0K), 0 survivors (0K)
 Metaspace       used 53094K, committed 53696K, reserved 1097728K
  class space    used 7044K, committed 7296K, reserved 1048576K
}
Event: 286.575 GC heap before
{Heap before GC invocations=61 (full 11):
 garbage-first heap   total 112640K, used 32693K [0x0000000088c00000, 0x0000000100000000)
  region size 1024K, 1 young (1024K), 0 survivors (0K)
 Metaspace       used 53094K, committed 53696K, reserved 1097728K
  class space    used 7044K, committed 7296K, reserved 1048576K
}
Event: 286.657 GC heap after
{Heap after GC invocations=62 (full 12):
 garbage-first heap   total 112640K, used 32693K [0x0000000088c00000, 0x0000000100000000)
  region size 1024K, 0 young (0K), 0 survivors (0K)
 Metaspace       used 53094K, committed 53696K, reserved 1097728K
  class space    used 7044K, committed 7296K, reserved 1048576K
}
Event: 297.315 GC heap before
{Heap before GC invocations=62 (full 12):
 garbage-first heap   total 112640K, used 32693K [0x0000000088c00000, 0x0000000100000000)
  region size 1024K, 1 young (1024K), 0 survivors (0K)
 Metaspace       used 53094K, committed 53696K, reserved 1097728K
  class space    used 7044K, committed 7296K, reserved 1048576K
}
Event: 297.398 GC heap after
{Heap after GC invocations=63 (full 13):
 garbage-first heap   total 112640K, used 32693K [0x0000000088c00000, 0x0000000100000000)
  region size 1024K, 0 young (0K), 0 survivors (0K)
 Metaspace       used 53094K, committed 53696K, reserved 1097728K
  class space    used 7044K, committed 7296K, reserved 1048576K
}
Event: 308.078 GC heap before
{Heap before GC invocations=63 (full 13):
 garbage-first heap   total 112640K, used 32693K [0x0000000088c00000, 0x0000000100000000)
  region size 1024K, 1 young (1024K), 0 survivors (0K)
 Metaspace       used 53094K, committed 53696K, reserved 1097728K
  class space    used 7044K, committed 7296K, reserved 1048576K
}
Event: 308.181 GC heap after
{Heap after GC invocations=64 (full 14):
 garbage-first heap   total 112640K, used 32693K [0x0000000088c00000, 0x0000000100000000)
  region size 1024K, 0 young (0K), 0 survivors (0K)
 Metaspace       used 53094K, committed 53696K, reserved 1097728K
  class space    used 7044K, committed 7296K, reserved 1048576K
}
Event: 319.084 GC heap before
{Heap before GC invocations=64 (full 14):
 garbage-first heap   total 112640K, used 32693K [0x0000000088c00000, 0x0000000100000000)
  region size 1024K, 1 young (1024K), 0 survivors (0K)
 Metaspace       used 53094K, committed 53696K, reserved 1097728K
  class space    used 7044K, committed 7296K, reserved 1048576K
}
Event: 319.195 GC heap after
{Heap after GC invocations=65 (full 15):
 garbage-first heap   total 112640K, used 32693K [0x0000000088c00000, 0x0000000100000000)
  region size 1024K, 0 young (0K), 0 survivors (0K)
 Metaspace       used 53094K, committed 53696K, reserved 1097728K
  class space    used 7044K, committed 7296K, reserved 1048576K
}
Event: 329.732 GC heap before
{Heap before GC invocations=65 (full 15):
 garbage-first heap   total 112640K, used 32693K [0x0000000088c00000, 0x0000000100000000)
  region size 1024K, 1 young (1024K), 0 survivors (0K)
 Metaspace       used 53094K, committed 53696K, reserved 1097728K
  class space    used 7044K, committed 7296K, reserved 1048576K
}
Event: 329.832 GC heap after
{Heap after GC invocations=66 (full 16):
 garbage-first heap   total 112640K, used 32693K [0x0000000088c00000, 0x0000000100000000)
  region size 1024K, 0 young (0K), 0 survivors (0K)
 Metaspace       used 53094K, committed 53696K, reserved 1097728K
  class space    used 7044K, committed 7296K, reserved 1048576K
}
Event: 341.073 GC heap before
{Heap before GC invocations=66 (full 16):
 garbage-first heap   total 112640K, used 32693K [0x0000000088c00000, 0x0000000100000000)
  region size 1024K, 1 young (1024K), 0 survivors (0K)
 Metaspace       used 53094K, committed 53696K, reserved 1097728K
  class space    used 7044K, committed 7296K, reserved 1048576K
}
Event: 341.180 GC heap after
{Heap after GC invocations=67 (full 17):
 garbage-first heap   total 112640K, used 32693K [0x0000000088c00000, 0x0000000100000000)
  region size 1024K, 0 young (0K), 0 survivors (0K)
 Metaspace       used 53094K, committed 53696K, reserved 1097728K
  class space    used 7044K, committed 7296K, reserved 1048576K
}

Deoptimization events (20 events):
Event: 56.685 Thread 0x000001fc78d2b030 DEOPT PACKING pc=0x000001fc6e414e17 sp=0x0000006225fff2a0
Event: 56.685 Thread 0x000001fc78d2b030 DEOPT UNPACKING pc=0x000001fc6e0d2b43 sp=0x0000006225ffe6f8 mode 3
Event: 57.094 Thread 0x000001fc78d2b500 DEOPT PACKING pc=0x000001fc6e6feaab sp=0x00000062260fe730
Event: 57.094 Thread 0x000001fc78d2b500 DEOPT UNPACKING pc=0x000001fc6e0d2b43 sp=0x00000062260fdc78 mode 3
Event: 76.117 Thread 0x000001fc7ac2e960 DEOPT PACKING pc=0x000001fc6e7fd0ee sp=0x00000062277fd1d0
Event: 76.117 Thread 0x000001fc7ac2e960 DEOPT UNPACKING pc=0x000001fc6e0d2b43 sp=0x00000062277fc6c8 mode 3
Event: 171.488 Thread 0x000001fc78d2b500 DEOPT PACKING pc=0x000001fc6e423042 sp=0x00000062260fd7e0
Event: 171.488 Thread 0x000001fc78d2b500 DEOPT UNPACKING pc=0x000001fc6e0d2b43 sp=0x00000062260fcce8 mode 3
Event: 173.297 Thread 0x000001fc78d2b500 DEOPT PACKING pc=0x000001fc6edda0f4 sp=0x00000062260fe040
Event: 173.297 Thread 0x000001fc78d2b500 DEOPT UNPACKING pc=0x000001fc6e0d2b43 sp=0x00000062260fd538 mode 0
Event: 173.297 Thread 0x000001fc78d2b500 DEOPT PACKING pc=0x000001fc6edb10f4 sp=0x00000062260fe110
Event: 173.298 Thread 0x000001fc78d2b500 DEOPT UNPACKING pc=0x000001fc6e0d2b43 sp=0x00000062260fd5e8 mode 0
Event: 173.298 Thread 0x000001fc78d2b500 DEOPT PACKING pc=0x000001fc6edadda4 sp=0x00000062260fe1c0
Event: 173.298 Thread 0x000001fc78d2b500 DEOPT UNPACKING pc=0x000001fc6e0d2b43 sp=0x00000062260fd740 mode 0
Event: 173.337 Thread 0x000001fc78d2b500 DEOPT PACKING pc=0x000001fc6ee061ac sp=0x00000062260fe4c0
Event: 173.337 Thread 0x000001fc78d2b500 DEOPT UNPACKING pc=0x000001fc6e0d2b43 sp=0x00000062260fd950 mode 0
Event: 174.314 Thread 0x000001fc78d2b500 DEOPT PACKING pc=0x000001fc6ee54fd5 sp=0x00000062260fef60
Event: 174.314 Thread 0x000001fc78d2b500 DEOPT UNPACKING pc=0x000001fc6e0d2b43 sp=0x00000062260fe408 mode 3
Event: 174.719 Thread 0x000001fc78d2bea0 DEOPT PACKING pc=0x000001fc6e50acd4 sp=0x0000006225efeff0
Event: 174.719 Thread 0x000001fc78d2bea0 DEOPT UNPACKING pc=0x000001fc6e0d2b43 sp=0x0000006225efe498 mode 0

Classes unloaded (20 events):
Event: 243.165 Thread 0x000001fc7832ba10 Unloading class 0x000000010034d800 'java/lang/invoke/LambdaForm$MH+0x000000010034d800'
Event: 243.165 Thread 0x000001fc7832ba10 Unloading class 0x000000010034d400 'java/lang/invoke/LambdaForm$MH+0x000000010034d400'
Event: 243.165 Thread 0x000001fc7832ba10 Unloading class 0x000000010034d000 'java/lang/invoke/LambdaForm$MH+0x000000010034d000'
Event: 243.165 Thread 0x000001fc7832ba10 Unloading class 0x0000000100207000 'java/lang/invoke/LambdaForm$MH+0x0000000100207000'
Event: 243.165 Thread 0x000001fc7832ba10 Unloading class 0x0000000100206c00 'java/lang/invoke/LambdaForm$MH+0x0000000100206c00'
Event: 243.165 Thread 0x000001fc7832ba10 Unloading class 0x0000000100206800 'java/lang/invoke/LambdaForm$MH+0x0000000100206800'
Event: 243.165 Thread 0x000001fc7832ba10 Unloading class 0x0000000100206400 'java/lang/invoke/LambdaForm$MH+0x0000000100206400'
Event: 243.165 Thread 0x000001fc7832ba10 Unloading class 0x0000000100206000 'java/lang/invoke/LambdaForm$MH+0x0000000100206000'
Event: 243.165 Thread 0x000001fc7832ba10 Unloading class 0x0000000100205800 'java/lang/invoke/LambdaForm$MH+0x0000000100205800'
Event: 264.894 Thread 0x000001fc7832ba10 Unloading class 0x00000001006b4000 'jdk/internal/reflect/GeneratedMethodAccessor30'
Event: 276.007 Thread 0x000001fc7832ba10 Unloading class 0x0000000100718800 'jdk/internal/reflect/GeneratedConstructorAccessor28'
Event: 276.007 Thread 0x000001fc7832ba10 Unloading class 0x0000000100718400 'jdk/internal/reflect/GeneratedConstructorAccessor27'
Event: 276.007 Thread 0x000001fc7832ba10 Unloading class 0x0000000100718000 'jdk/internal/reflect/GeneratedConstructorAccessor26'
Event: 276.007 Thread 0x000001fc7832ba10 Unloading class 0x0000000100715c00 'jdk/internal/reflect/GeneratedConstructorAccessor25'
Event: 276.007 Thread 0x000001fc7832ba10 Unloading class 0x0000000100715800 'jdk/internal/reflect/GeneratedConstructorAccessor24'
Event: 276.007 Thread 0x000001fc7832ba10 Unloading class 0x0000000100715400 'jdk/internal/reflect/GeneratedConstructorAccessor23'
Event: 276.007 Thread 0x000001fc7832ba10 Unloading class 0x0000000100715000 'jdk/internal/reflect/GeneratedConstructorAccessor22'
Event: 276.007 Thread 0x000001fc7832ba10 Unloading class 0x0000000100714c00 'jdk/internal/reflect/GeneratedConstructorAccessor21'
Event: 276.007 Thread 0x000001fc7832ba10 Unloading class 0x0000000100714800 'jdk/internal/reflect/GeneratedConstructorAccessor20'
Event: 276.007 Thread 0x000001fc7832ba10 Unloading class 0x0000000100714400 'jdk/internal/reflect/GeneratedConstructorAccessor19'

Classes redefined (0 events):
No events

Internal exceptions (20 events):
Event: 170.192 Thread 0x000001fc7a9a6ef0 Exception <a 'sun/nio/fs/WindowsException'{0x000000009da519a0}> (0x000000009da519a0) 
thrown [s\src\hotspot\share\prims\jni.cpp, line 516]
Event: 170.192 Thread 0x000001fc7a9a6ef0 Exception <a 'sun/nio/fs/WindowsException'{0x000000009da51d80}> (0x000000009da51d80) 
thrown [s\src\hotspot\share\prims\jni.cpp, line 516]
Event: 170.192 Thread 0x000001fc7a9a6ef0 Exception <a 'sun/nio/fs/WindowsException'{0x000000009da527d0}> (0x000000009da527d0) 
thrown [s\src\hotspot\share\prims\jni.cpp, line 516]
Event: 170.192 Thread 0x000001fc7a9a6ef0 Exception <a 'sun/nio/fs/WindowsException'{0x000000009da52be0}> (0x000000009da52be0) 
thrown [s\src\hotspot\share\prims\jni.cpp, line 516]
Event: 170.194 Thread 0x000001fc7a9a6ef0 Exception <a 'sun/nio/fs/WindowsException'{0x000000009da53608}> (0x000000009da53608) 
thrown [s\src\hotspot\share\prims\jni.cpp, line 516]
Event: 170.194 Thread 0x000001fc7a9a6ef0 Exception <a 'sun/nio/fs/WindowsException'{0x000000009da539e8}> (0x000000009da539e8) 
thrown [s\src\hotspot\share\prims\jni.cpp, line 516]
Event: 170.195 Thread 0x000001fc7a9a6ef0 Exception <a 'sun/nio/fs/WindowsException'{0x000000009da543e8}> (0x000000009da543e8) 
thrown [s\src\hotspot\share\prims\jni.cpp, line 516]
Event: 170.195 Thread 0x000001fc7a9a6ef0 Exception <a 'sun/nio/fs/WindowsException'{0x000000009da54798}> (0x000000009da54798) 
thrown [s\src\hotspot\share\prims\jni.cpp, line 516]
Event: 170.195 Thread 0x000001fc7a9a6ef0 Exception <a 'sun/nio/fs/WindowsException'{0x000000009da551a0}> (0x000000009da551a0) 
thrown [s\src\hotspot\share\prims\jni.cpp, line 516]
Event: 170.196 Thread 0x000001fc7a9a6ef0 Exception <a 'sun/nio/fs/WindowsException'{0x000000009da55560}> (0x000000009da55560) 
thrown [s\src\hotspot\share\prims\jni.cpp, line 516]
Event: 170.196 Thread 0x000001fc7a9a6ef0 Exception <a 'sun/nio/fs/WindowsException'{0x000000009da55f60}> (0x000000009da55f60) 
thrown [s\src\hotspot\share\prims\jni.cpp, line 516]
Event: 170.196 Thread 0x000001fc7a9a6ef0 Exception <a 'sun/nio/fs/WindowsException'{0x000000009da56310}> (0x000000009da56310) 
thrown [s\src\hotspot\share\prims\jni.cpp, line 516]
Event: 170.196 Thread 0x000001fc7a9a6ef0 Exception <a 'sun/nio/fs/WindowsException'{0x000000009da56d18}> (0x000000009da56d18) 
thrown [s\src\hotspot\share\prims\jni.cpp, line 516]
Event: 170.197 Thread 0x000001fc7a9a6ef0 Exception <a 'sun/nio/fs/WindowsException'{0x000000009da570d8}> (0x000000009da570d8) 
thrown [s\src\hotspot\share\prims\jni.cpp, line 516]
Event: 170.197 Thread 0x000001fc7a9a6ef0 Exception <a 'sun/nio/fs/WindowsException'{0x000000009da57b00}> (0x000000009da57b00) 
thrown [s\src\hotspot\share\prims\jni.cpp, line 516]
Event: 170.197 Thread 0x000001fc7a9a6ef0 Exception <a 'sun/nio/fs/WindowsException'{0x000000009da57ee0}> (0x000000009da57ee0) 
thrown [s\src\hotspot\share\prims\jni.cpp, line 516]
Event: 170.197 Thread 0x000001fc7a9a6ef0 Exception <a 'sun/nio/fs/WindowsException'{0x000000009da58918}> (0x000000009da58918) 
thrown [s\src\hotspot\share\prims\jni.cpp, line 516]
Event: 170.197 Thread 0x000001fc7a9a6ef0 Exception <a 'sun/nio/fs/WindowsException'{0x000000009da58d08}> (0x000000009da58d08) 
thrown [s\src\hotspot\share\prims\jni.cpp, line 516]
Event: 170.198 Thread 0x000001fc7a9a6ef0 Exception <a 'sun/nio/fs/WindowsException'{0x000000009da59738}> (0x000000009da59738) 
thrown [s\src\hotspot\share\prims\jni.cpp, line 516]
Event: 170.198 Thread 0x000001fc7a9a6ef0 Exception <a 'sun/nio/fs/WindowsException'{0x000000009da59b28}> (0x000000009da59b28) 
thrown [s\src\hotspot\share\prims\jni.cpp, line 516]

VM Operations (20 events):
Event: 243.235 Executing VM operation: G1CollectFull done
Event: 253.822 Executing VM operation: G1CollectFull
Event: 253.897 Executing VM operation: G1CollectFull done
Event: 264.838 Executing VM operation: G1CollectFull
Event: 264.946 Executing VM operation: G1CollectFull done
Event: 275.960 Executing VM operation: G1CollectFull
Event: 276.054 Executing VM operation: G1CollectFull done
Event: 286.575 Executing VM operation: G1CollectFull
Event: 286.657 Executing VM operation: G1CollectFull done
Event: 297.314 Executing VM operation: G1CollectFull
Event: 297.398 Executing VM operation: G1CollectFull done
Event: 308.078 Executing VM operation: G1CollectFull
Event: 308.182 Executing VM operation: G1CollectFull done
Event: 319.014 Executing VM operation: G1CollectFull
Event: 319.195 Executing VM operation: G1CollectFull done
Event: 329.731 Executing VM operation: G1CollectFull
Event: 329.832 Executing VM operation: G1CollectFull done
Event: 341.073 Executing VM operation: G1CollectFull
Event: 341.180 Executing VM operation: G1CollectFull done
Event: 352.260 Executing VM operation: G1CollectFull

Events (20 events):
Event: 171.405 loading class java/util/concurrent/ConcurrentHashMap$TreeBin
Event: 171.405 loading class java/util/concurrent/ConcurrentHashMap$TreeBin done
Event: 171.465 loading class java/util/regex/Pattern$1
Event: 171.465 loading class java/util/regex/Pattern$1 done
Event: 171.572 loading class java/util/stream/Collectors$Partition$1
Event: 171.572 loading class java/util/stream/Collectors$Partition$1 done
Event: 172.113 Thread 0x000001fc7b2a6350 Thread added: 0x000001fc7b2a6350
Event: 172.319 loading class sun/reflect/generics/tree/BooleanSignature
Event: 172.319 loading class sun/reflect/generics/tree/BooleanSignature done
Event: 174.709 Thread 0x000001fc7ce7d9c0 Thread added: 0x000001fc7ce7d9c0
Event: 174.715 Thread 0x000001fc7ab89cd0 Thread added: 0x000001fc7ab89cd0
Event: 174.827 Thread 0x000001fc7a9a53b0 Thread added: 0x000001fc7a9a53b0
Event: 179.850 Thread 0x000001fc7ae17570 Thread exited: 0x000001fc7ae17570
Event: 179.850 Thread 0x000001fc7ad97e90 Thread exited: 0x000001fc7ad97e90
Event: 179.850 Thread 0x000001fc7b2a6350 Thread exited: 0x000001fc7b2a6350
Event: 188.974 Thread 0x000001fc7a9a53b0 Thread exited: 0x000001fc7a9a53b0
Event: 190.985 Thread 0x000001fc7ab8a1a0 Thread added: 0x000001fc7ab8a1a0
Event: 234.721 Thread 0x000001fc78d2b500 Thread exited: 0x000001fc78d2b500
Event: 251.003 Thread 0x000001fc7ab8a1a0 Thread exited: 0x000001fc7ab8a1a0
Event: 294.734 Thread 0x000001fc7ac32320 Thread exited: 0x000001fc7ac32320


Dynamic libraries:
0x00007ff6d7100000 - 0x00007ff6d710e000 	c:\Users\wmaluc\.vscode\extensions\redhat.java-1.12.0-win32-x64\jre\17.0.4.1-win32-x86_64\bin\java.exe
0x00007ff82a450000 - 0x00007ff82a648000 	C:\WINDOWS\SYSTEM32\ntdll.dll
0x00007ffff6d70000 - 0x00007ffff6d87000 	C:\Program Files\Avast Software\Avast\aswhook.dll
0x00007ff829640000 - 0x00007ff8296ff000 	C:\WINDOWS\System32\KERNEL32.DLL
0x00007ff8281c0000 - 0x00007ff828492000 	C:\WINDOWS\System32\KERNELBASE.dll
0x00007ff827da0000 - 0x00007ff827ea0000 	C:\WINDOWS\System32\ucrtbase.dll
0x00007ff81afc0000 - 0x00007ff81afd8000 	c:\Users\wmaluc\.vscode\extensions\redhat.java-1.12.0-win32-x64\jre\17.0.4.1-win32-x86_64\bin\jli.dll
0x00007ff81ad20000 - 0x00007ff81ad39000 	c:\Users\wmaluc\.vscode\extensions\redhat.java-1.12.0-win32-x64\jre\17.0.4.1-win32-x86_64\bin\VCRUNTIME140.dll
0x00007ff8291f0000 - 0x00007ff82938d000 	C:\WINDOWS\System32\USER32.dll
0x00007ff827b50000 - 0x00007ff827b72000 	C:\WINDOWS\System32\win32u.dll
0x00007ff818260000 - 0x00007ff8184fa000 	C:\WINDOWS\WinSxS\amd64_microsoft.windows.common-controls_6595b64144ccf1df_6.0.19041.1110_none_60b5254171f9507e\COMCTL32.dll
0x00007ff828b80000 - 0x00007ff828bab000 	C:\WINDOWS\System32\GDI32.dll
0x00007ff828ae0000 - 0x00007ff828b7e000 	C:\WINDOWS\System32\msvcrt.dll
0x00007ff828000000 - 0x00007ff82810f000 	C:\WINDOWS\System32\gdi32full.dll
0x00007ff827f60000 - 0x00007ff827ffd000 	C:\WINDOWS\System32\msvcp_win.dll
0x00007ff828e10000 - 0x00007ff828e42000 	C:\WINDOWS\System32\IMM32.DLL
0x00007ff821b50000 - 0x00007ff821b5c000 	c:\Users\wmaluc\.vscode\extensions\redhat.java-1.12.0-win32-x64\jre\17.0.4.1-win32-x86_64\bin\vcruntime140_1.dll
0x00007ff804b70000 - 0x00007ff804c01000 	c:\Users\wmaluc\.vscode\extensions\redhat.java-1.12.0-win32-x64\jre\17.0.4.1-win32-x86_64\bin\msvcp140.dll
0x00007fffcbb90000 - 0x00007fffcc7d6000 	c:\Users\wmaluc\.vscode\extensions\redhat.java-1.12.0-win32-x64\jre\17.0.4.1-win32-x86_64\bin\server\jvm.dll
0x00007ff828830000 - 0x00007ff8288de000 	C:\WINDOWS\System32\ADVAPI32.dll
0x00007ff828ef0000 - 0x00007ff828f8c000 	C:\WINDOWS\System32\sechost.dll
0x00007ff8290c0000 - 0x00007ff8291e5000 	C:\WINDOWS\System32\RPCRT4.dll
0x00007ff829630000 - 0x00007ff829638000 	C:\WINDOWS\System32\PSAPI.DLL
0x00007ff819870000 - 0x00007ff819897000 	C:\WINDOWS\SYSTEM32\WINMM.dll
0x00007ff811030000 - 0x00007ff811039000 	C:\WINDOWS\SYSTEM32\WSOCK32.dll
0x00007ff8207f0000 - 0x00007ff8207fa000 	C:\WINDOWS\SYSTEM32\VERSION.dll
0x00007ff829050000 - 0x00007ff8290bb000 	C:\WINDOWS\System32\WS2_32.dll
0x00007ff825a10000 - 0x00007ff825a22000 	C:\WINDOWS\SYSTEM32\kernel.appcore.dll
0x00007ff81c480000 - 0x00007ff81c48a000 	c:\Users\wmaluc\.vscode\extensions\redhat.java-1.12.0-win32-x64\jre\17.0.4.1-win32-x86_64\bin\jimage.dll
0x00007ff8203d0000 - 0x00007ff8205b4000 	C:\WINDOWS\SYSTEM32\DBGHELP.DLL
0x00007ff81bef0000 - 0x00007ff81bf1c000 	C:\WINDOWS\SYSTEM32\dbgcore.DLL
0x00007ff827ed0000 - 0x00007ff827f52000 	C:\WINDOWS\System32\bcryptPrimitives.dll
0x00007ff81a830000 - 0x00007ff81a855000 	c:\Users\wmaluc\.vscode\extensions\redhat.java-1.12.0-win32-x64\jre\17.0.4.1-win32-x86_64\bin\java.dll
0x00007ff8199b0000 - 0x00007ff8199c8000 	c:\Users\wmaluc\.vscode\extensions\redhat.java-1.12.0-win32-x64\jre\17.0.4.1-win32-x86_64\bin\zip.dll
0x00007ff829c40000 - 0x00007ff82a383000 	C:\WINDOWS\System32\SHELL32.dll
0x00007ff825c10000 - 0x00007ff8263a2000 	C:\WINDOWS\SYSTEM32\windows.storage.dll
0x00007ff8284d0000 - 0x00007ff828824000 	C:\WINDOWS\System32\combase.dll
0x00007ff8275b0000 - 0x00007ff8275e0000 	C:\WINDOWS\SYSTEM32\Wldp.dll
0x00007ff828d60000 - 0x00007ff828e0d000 	C:\WINDOWS\System32\SHCORE.dll
0x00007ff828ff0000 - 0x00007ff829045000 	C:\WINDOWS\System32\shlwapi.dll
0x00007ff827a90000 - 0x00007ff827aaf000 	C:\WINDOWS\SYSTEM32\profapi.dll
0x00007ff819460000 - 0x00007ff819479000 	C:\Users\wmaluc\.vscode\extensions\redhat.java-1.12.0-win32-x64\jre\17.0.4.1-win32-x86_64\bin\net.dll
0x00007ff818870000 - 0x00007ff81897c000 	C:\WINDOWS\SYSTEM32\WINHTTP.dll
0x00007ff827310000 - 0x00007ff82737a000 	C:\WINDOWS\system32\mswsock.dll
0x00007ff818b70000 - 0x00007ff818b85000 	C:\Users\wmaluc\.vscode\extensions\redhat.java-1.12.0-win32-x64\jre\17.0.4.1-win32-x86_64\bin\nio.dll
0x00007ff81b860000 - 0x00007ff81b870000 	c:\Users\wmaluc\.vscode\extensions\redhat.java-1.12.0-win32-x64\jre\17.0.4.1-win32-x86_64\bin\verify.dll
0x00007ff81a470000 - 0x00007ff81a479000 	C:\Users\wmaluc\.vscode\extensions\redhat.java-1.12.0-win32-x64\jre\17.0.4.1-win32-x86_64\bin\management.dll
0x00007ff819480000 - 0x00007ff81948b000 	C:\Users\wmaluc\.vscode\extensions\redhat.java-1.12.0-win32-x64\jre\17.0.4.1-win32-x86_64\bin\management_ext.dll
0x00007ff8091b0000 - 0x00007ff8091c7000 	C:\WINDOWS\system32\napinsp.dll
0x00007ff809190000 - 0x00007ff8091ab000 	C:\WINDOWS\system32\pnrpnsp.dll
0x00007ff822a20000 - 0x00007ff822a35000 	C:\WINDOWS\system32\wshbth.dll
0x00007ff8234f0000 - 0x00007ff82350d000 	C:\WINDOWS\system32\NLAapi.dll
0x00007ff826fb0000 - 0x00007ff826feb000 	C:\WINDOWS\SYSTEM32\IPHLPAPI.DLL
0x00007ff827000000 - 0x00007ff8270ca000 	C:\WINDOWS\SYSTEM32\DNSAPI.dll
0x00007ff8284c0000 - 0x00007ff8284c8000 	C:\WINDOWS\System32\NSI.dll
0x00007ff809170000 - 0x00007ff809182000 	C:\WINDOWS\System32\winrnr.dll
0x00007ff812b00000 - 0x00007ff812b0a000 	C:\Windows\System32\rasadhlp.dll
0x00007ff816eb0000 - 0x00007ff816f30000 	C:\WINDOWS\System32\fwpuclnt.dll
0x00007ff827ea0000 - 0x00007ff827ec7000 	C:\WINDOWS\System32\bcrypt.dll
0x00007ff827510000 - 0x00007ff827528000 	C:\WINDOWS\SYSTEM32\CRYPTSP.dll
0x00007ff826b50000 - 0x00007ff826b84000 	C:\WINDOWS\system32\rsaenh.dll
0x00007ff827a50000 - 0x00007ff827a7e000 	C:\WINDOWS\SYSTEM32\USERENV.dll
0x00007ff827500000 - 0x00007ff82750c000 	C:\WINDOWS\SYSTEM32\CRYPTBASE.dll
0x00007ff81c760000 - 0x00007ff81c777000 	C:\WINDOWS\SYSTEM32\dhcpcsvc6.DLL
0x00007ff81ddf0000 - 0x00007ff81de0d000 	C:\WINDOWS\SYSTEM32\dhcpcsvc.DLL

dbghelp: loaded successfully - version: 4.0.5 - missing functions: none
symbol engine: initialized successfully - sym options: 0x614 - pdb path: .;c:\Users\wmaluc\.vscode\extensions\redhat.java-1.12.0-win32-x64\jre\17.0.4.1-win32-x86_64\bin;C:\WINDOWS\SYSTEM32;C:\Program Files\Avast Software\Avast;C:\WINDOWS\WinSxS\amd64_microsoft.windows.common-controls_6595b64144ccf1df_6.0.19041.1110_none_60b5254171f9507e;c:\Users\wmaluc\.vscode\extensions\redhat.java-1.12.0-win32-x64\jre\17.0.4.1-win32-x86_64\bin\server

VM Arguments:
jvm_args: -Dsts.lsp.client=vscode -Dsts.log.file=/dev/null -XX:TieredStopAtLevel=1 -Xlog:jni+resolve=off -Dspring.config.location=file:c:\Users\wmaluc\.vscode\extensions\pivotal.vscode-spring-boot-1.40.0\language-server\BOOT-INF\classes\application.properties 
java_command: org.springframework.ide.vscode.boot.app.BootLanguageServerBootApp
java_class_path (initial): c:\Users\wmaluc\.vscode\extensions\pivotal.vscode-spring-boot-1.40.0\language-server\BOOT-INF\classes;c:\Users\wmaluc\.vscode\extensions\pivotal.vscode-spring-boot-1.40.0\language-server\BOOT-INF\lib\annotations-23.0.0.jar;c:\Users\wmaluc\.vscode\extensions\pivotal.vscode-spring-boot-1.40.0\language-server\BOOT-INF\lib\ant-1.10.12.jar;c:\Users\wmaluc\.vscode\extensions\pivotal.vscode-spring-boot-1.40.0\language-server\BOOT-INF\lib\ant-launcher-1.10.12.jar;c:\Users\wmaluc\.vscode\extensions\pivotal.vscode-spring-boot-1.40.0\language-server\BOOT-INF\lib\antlr-runtime-3.5.2.jar;c:\Users\wmaluc\.vscode\extensions\pivotal.vscode-spring-boot-1.40.0\language-server\BOOT-INF\lib\antlr4-4.9.3.jar;c:\Users\wmaluc\.vscode\extensions\pivotal.vscode-spring-boot-1.40.0\language-server\BOOT-INF\lib\antlr4-runtime-4.9.3.jar;c:\Users\wmaluc\.vscode\extensions\pivotal.vscode-spring-boot-1.40.0\language-server\BOOT-INF\lib\asm-9.3.jar;c:\Users\wmaluc\.vscode\extensions\pivotal.vscode-spring-boot-1.40.0\language-server\BOOT-INF\lib\asm-analysis-9.3.jar;c:\Users\wmaluc\.vscode\extensions\pivotal.vscode-spring-boot-1.40.0\language-server\BOOT-INF\lib\asm-tree-9.3.jar;c:\Users\wmaluc\.vscode\extensions\pivotal.vscode-spring-boot-1.40.0\language-server\BOOT-INF\lib\asm-util-9.3.jar;c:\Users\wmaluc\.vscode\extensions\pivotal.vscode-spring-boot-1.40.0\language-server\BOOT-INF\lib\byte-buddy-1.12.13.jar;c:\Users\wmaluc\.vscode\extensions\pivotal.vscode-spring-boot-1.40.0\language-server\BOOT-INF\lib\caffeine-2.9.3.jar;c:\Users\wmaluc\.vscode\extensions\pivotal.vscode-spring-boot-1.40.0\language-server\BOOT-INF\lib\checker-qual-3.12.0.jar;c:\Users\wmaluc\.vscode\extensions\pivotal.vscode-spring-boot-1.40.0\language-server\BOOT-INF\lib\classgraph-4.8.149.jar;c:\Users\wmaluc\.vscode\extensions\pivotal.vscode-spring-boot-1.40.0\language-server\BOOT-INF\lib\commons-codec-1.15.jar;c:\Users\wmaluc\.vscode\extensions\pivotal.vscode-spring-boot-1.40.0\language-server\BOOT-
Launcher Type: SUN_STANDARD

[Global flags]
     intx CICompilerCount                          = 4                                         {product} {ergonomic}
     uint ConcGCThreads                            = 2                                         {product} {ergonomic}
     uint G1ConcRefinementThreads                  = 8                                         {product} {ergonomic}
   size_t G1HeapRegionSize                         = 1048576                                   {product} {ergonomic}
    uintx GCDrainStackTargetSize                   = 64                                        {product} {ergonomic}
   size_t InitialHeapSize                          = 125829120                                 {product} {ergonomic}
   size_t MarkStackSize                            = 4194304                                   {product} {ergonomic}
   size_t MaxHeapSize                              = 2000683008                                {product} {ergonomic}
   size_t MaxNewSize                               = 1199570944                                {product} {ergonomic}
   size_t MinHeapDeltaBytes                        = 1048576                                   {product} {ergonomic}
   size_t MinHeapSize                              = 8388608                                   {product} {ergonomic}
    uintx NonProfiledCodeHeapSize                  = 0                                      {pd product} {ergonomic}
     bool ProfileInterpreter                       = false                                  {pd product} {command line}
    uintx ProfiledCodeHeapSize                     = 0                                      {pd product} {ergonomic}
   size_t SoftMaxHeapSize                          = 2000683008                             {manageable} {ergonomic}
     intx TieredStopAtLevel                        = 1                                         {product} {command line}
     bool UseCompressedClassPointers               = true                           {product lp64_product} {ergonomic}
     bool UseCompressedOops                        = true                           {product lp64_product} {ergonomic}
     bool UseG1GC                                  = true                                      {product} {ergonomic}
     bool UseLargePagesIndividualAllocation        = false                                  {pd product} {ergonomic}

Logging:
Log output configuration:
 #0: stdout all=warning,jni+resolve=off uptime,level,tags
 #1: stderr all=off uptime,level,tags

Environment Variables:
JAVA_HOME=C:\Program Files\Eclipse Adoptium\jdk-17.0.4.101-hotspot\
PATH=C:\Users\wmaluc\AppData\Local\cloud-code\installer\google-cloud-sdk\bin;C:\Python311\Scripts\;C:\Python311\;C:\Python310\Scripts\;C:\Python310\;C:\Program Files\Eclipse Adoptium\jdk-17.0.4.101-hotspot\bin;C:\Program Files\Eclipse Adoptium\jdk-11.0.15.10-hotspot\bin;C:\Program Files\Common Files\Oracle\Java\javapath;C:\WINDOWS\system32;C:\WINDOWS;C:\WINDOWS\System32\Wbem;C:\WINDOWS\System32\WindowsPowerShell\v1.0\;C:\WINDOWS\System32\OpenSSH\;C:\Program Files (x86)\NVIDIA Corporation\PhysX\Common;C:\WINDOWS\system32;C:\WINDOWS;C:\WINDOWS\System32\Wbem;C:\WINDOWS\System32\WindowsPowerShell\v1.0\;C:\WINDOWS\System32\OpenSSH\;C:\Program Files\Git\cmd;C:\ProgramData\chocolatey\bin;C:\Program Files\nodejs\;C:\Program Files\MySQL\MySQL Shell 8.0\bin\;C:\Users\wmaluc\AppData\Local\Programs\Python\Python39\Scripts\;C:\Users\wmaluc\AppData\Local\Programs\Python\Python39\;C:\Users\wmaluc\AppData\Local\Microsoft\WindowsApps;C:\Program Files\JetBrains\PyCharm Community Edition 2022.1.1\bin;;C:\Users\wmaluc\AppData\Local\Programs\Microsoft VS Code\bin;C:\Program Files\apache-maven-3.8.6\bin;C:\Users\wmaluc\AppData\Local\GitHubDesktop\bin;C:\Users\wmaluc\AppData\Roaming\npm;C:\Users\wmaluc\AppData\Local\Google\Cloud SDK\google-cloud-sdk\bin;C:\Program Files (x86)\Google\Cloud SDK\google-cloud-sdk\bin;C:\Program Files\Google\Cloud SDK\google-cloud-sdk\bin
USERNAME=wmaluc
OS=Windows_NT
PROCESSOR_IDENTIFIER=Intel64 Family 6 Model 58 Stepping 9, GenuineIntel
TMP=C:\Users\wmaluc\AppData\Local\Temp
TEMP=C:\Users\wmaluc\AppData\Local\Temp



---------------  S Y S T E M  ---------------

OS:
 Windows 10 , 64 bit Build 19041 (10.0.19041.2251)
OS uptime: 6 days 16:19 hours

CPU: total 8 (initial active 8) (4 cores per cpu, 2 threads per core) family 6 model 58 stepping 9 microcode 0x21, cx8, cmov, fxsr, ht, mmx, sse, sse2, sse3, ssse3, sse4.1, sse4.2, popcnt, tsc, tscinvbit, avx, aes, erms, clmul, vzeroupper, clflush

Memory: 4k page, system-wide physical 7629M (454M free)
TotalPageFile size 19849M (AvailPageFile size 369M)
current process WorkingSet (physical memory assigned to process): 119M, peak: 571M
current process commit charge ("private bytes"): 273M, peak: 628M

vm_info: OpenJDK 64-Bit Server VM (17.0.4.1+1) for windows-amd64 JRE (17.0.4.1+1), built on Aug 17 2022 07:42:43 by "temurin" with MS VC++ 16.7 (VS2019)

END.
