#
# There is insufficient memory for the Java Runtime Environment to continue.
# Native memory allocation (mmap) failed to map 376438784 bytes for G1 virtual space
# Possible reasons:
#   The system is out of physical RAM or swap space
#   The process is running with CompressedOops enabled, and the Java Heap may be blocking the growth of the native heap
# Possible solutions:
#   Reduce memory load on the system
#   Increase physical memory or swap space
#   Check if swap backing store is full
#   Decrease Java heap size (-Xmx/-Xms)
#   Decrease number of Java threads
#   Decrease Java thread stack sizes (-Xss)
#   Set larger code cache with -XX:ReservedCodeCacheSize=
#   JVM is running with Unscaled Compressed Oops mode in which the Java heap is
#     placed in the first 4GB address space. The Java Heap base address is the
#     maximum limit for the native heap growth. Please use -XX:HeapBaseMinAddress
#     to set the Java Heap base and to place the Java Heap above 4GB virtual address.
# This output file may be truncated or incomplete.
#
#  Out of Memory Error (os_windows.cpp:3541), pid=2680, tid=4276
#
# JRE version: OpenJDK Runtime Environment Temurin-17.0.4.1+1 (17.0.4.1+1) (build 17.0.4.1+1)
# Java VM: OpenJDK 64-Bit Server VM Temurin-17.0.4.1+1 (17.0.4.1+1, mixed mode, emulated-client, tiered, compressed oops, compressed class ptrs, g1 gc, windows-amd64)
# No core dump will be written. Minidumps are not enabled by default on client versions of Windows
#

---------------  S U M M A R Y ------------

Command Line: -Dsts.lsp.client=vscode -Dsts.log.file=/dev/null -XX:TieredStopAtLevel=1 -Xlog:jni+resolve=off -Dspring.config.location=file:c:\Users\wmaluc\.vscode\extensions\pivotal.vscode-spring-boot-1.40.0\language-server\BOOT-INF\classes\application.properties org.springframework.ide.vscode.boot.app.BootLanguageServerBootApp

Host: Intel(R) Core(TM) i7-3610QM CPU @ 2.30GHz, 8 cores, 7G,  Windows 10 , 64 bit Build 19041 (10.0.19041.2251)
Time: Sat Nov 19 10:39:30 2022 Hora est. Pacífico, Sudamérica elapsed time: 15.997977 seconds (0d 0h 0m 15s)

---------------  T H R E A D  ---------------

Current thread (0x000001b340ce4bc0):  VMThread "VM Thread" [stack: 0x0000005223d00000,0x0000005223e00000] [id=4276]

Stack: [0x0000005223d00000,0x0000005223e00000]
Native frames: (J=compiled Java code, j=interpreted, Vv=VM code, C=native code)
V  [jvm.dll+0x67731a]
V  [jvm.dll+0x832284]
V  [jvm.dll+0x833a2e]
V  [jvm.dll+0x834093]
V  [jvm.dll+0x245775]
V  [jvm.dll+0x674209]
V  [jvm.dll+0x668a92]
V  [jvm.dll+0x30471b]
V  [jvm.dll+0x30bc66]
V  [jvm.dll+0x35ba9e]
V  [jvm.dll+0x35bccf]
V  [jvm.dll+0x2db5b8]
V  [jvm.dll+0x2d986c]
V  [jvm.dll+0x2d8e3c]
V  [jvm.dll+0x31cd9b]
V  [jvm.dll+0x83853b]
V  [jvm.dll+0x839274]
V  [jvm.dll+0x83978c]
V  [jvm.dll+0x839b64]
V  [jvm.dll+0x839c30]
V  [jvm.dll+0x7e240a]
V  [jvm.dll+0x6761a5]
C  [ucrtbase.dll+0x21bb2]
C  [KERNEL32.DLL+0x174b4]
C  [ntdll.dll+0x526a1]

VM_Operation (0x0000005226afe240): G1CollectForAllocation, mode: safepoint, requested by thread 0x000001b343170570


---------------  P R O C E S S  ---------------

Threads class SMR info:
_java_thread_list=0x000001b3434b7800, length=41, elements={
0x000001b340cfd750, 0x000001b340cfe550, 0x000001b340d1da40, 0x000001b340d1e700,
0x000001b34181b020, 0x000001b341825900, 0x000001b3418281d0, 0x000001b341828ad0,
0x000001b340c84b60, 0x000001b341924570, 0x000001b341a49100, 0x000001b341a51440,
0x000001b342f41a10, 0x000001b342f41ee0, 0x000001b342f423b0, 0x000001b342f42880,
0x000001b342f41070, 0x000001b342f41540, 0x000001b34316def0, 0x000001b34316c6e0,
0x000001b34316f230, 0x000001b34316f700, 0x000001b34316a530, 0x000001b34316e3c0,
0x000001b34316a060, 0x000001b34316bd40, 0x000001b34316aed0, 0x000001b34316b3a0,
0x000001b34316b870, 0x000001b34316c210, 0x000001b34316fbd0, 0x000001b343170f10,
0x000001b34316aa00, 0x000001b3431700a0, 0x000001b34316cbb0, 0x000001b34316d080,
0x000001b343170570, 0x000001b34316da20, 0x000001b34316e890, 0x000001b34316ed60,
0x000001b345847fb0
}

Java Threads: ( => current thread )
  0x000001b340cfd750 JavaThread "Reference Handler" daemon [_thread_blocked, id=17848, stack(0x0000005223e00000,0x0000005223f00000)]
  0x000001b340cfe550 JavaThread "Finalizer" daemon [_thread_blocked, id=20560, stack(0x0000005223f00000,0x0000005224000000)]
  0x000001b340d1da40 JavaThread "Signal Dispatcher" daemon [_thread_blocked, id=16204, stack(0x0000005224000000,0x0000005224100000)]
  0x000001b340d1e700 JavaThread "Attach Listener" daemon [_thread_blocked, id=6216, stack(0x0000005224100000,0x0000005224200000)]
  0x000001b34181b020 JavaThread "Service Thread" daemon [_thread_blocked, id=7864, stack(0x0000005224200000,0x0000005224300000)]
  0x000001b341825900 JavaThread "Monitor Deflation Thread" daemon [_thread_blocked, id=13700, stack(0x0000005224300000,0x0000005224400000)]
  0x000001b3418281d0 JavaThread "C1 CompilerThread0" daemon [_thread_blocked, id=7356, stack(0x0000005224400000,0x0000005224500000)]
  0x000001b341828ad0 JavaThread "Sweeper thread" daemon [_thread_blocked, id=16848, stack(0x0000005224500000,0x0000005224600000)]
  0x000001b340c84b60 JavaThread "C1 CompilerThread1" daemon [_thread_blocked, id=12452, stack(0x0000005224600000,0x0000005224700000)]
  0x000001b341924570 JavaThread "C1 CompilerThread2" daemon [_thread_blocked, id=8416, stack(0x0000005224700000,0x0000005224800000)]
  0x000001b341a49100 JavaThread "Notification Thread" daemon [_thread_blocked, id=22200, stack(0x0000005224800000,0x0000005224900000)]
  0x000001b341a51440 JavaThread "Common-Cleaner" daemon [_thread_blocked, id=12692, stack(0x0000005224a00000,0x0000005224b00000)]
  0x000001b342f41a10 JavaThread "boundedElastic-evictor-1" daemon [_thread_blocked, id=15452, stack(0x0000005225300000,0x0000005225400000)]
  0x000001b342f41ee0 JavaThread "pool-9-thread-1" [_thread_blocked, id=8784, stack(0x0000005224b00000,0x0000005224c00000)]
  0x000001b342f423b0 JavaThread "LanguageServerApp-lifecycle" [_thread_blocked, id=1608, stack(0x0000005225500000,0x0000005225600000)]
  0x000001b342f42880 JavaThread "DestroyJavaVM" [_thread_blocked, id=17392, stack(0x0000005223700000,0x0000005223800000)]
  0x000001b342f41070 JavaThread "pool-10-thread-1" [_thread_blocked, id=19840, stack(0x0000005225600000,0x0000005225700000)]
  0x000001b342f41540 JavaThread "Simple-Language-Server main thread" daemon [_thread_blocked, id=8548, stack(0x0000005225700000,0x0000005225800000)]
  0x000001b34316def0 JavaThread "ForkJoinPool.commonPool-worker-1" daemon [_thread_blocked, id=18344, stack(0x0000005225800000,0x0000005225900000)]
  0x000001b34316c6e0 JavaThread "pool-7-thread-1" [_thread_blocked, id=19172, stack(0x0000005225900000,0x0000005225a00000)]
  0x000001b34316f230 JavaThread "parallel-1" daemon [_thread_blocked, id=4608, stack(0x0000005225a00000,0x0000005225b00000)]
  0x000001b34316f700 JavaThread "pool-4-thread-1" [_thread_blocked, id=16224, stack(0x0000005225b00000,0x0000005225c00000)]
  0x000001b34316a530 JavaThread "ForkJoinPool.commonPool-worker-2" daemon [_thread_blocked, id=19684, stack(0x0000005225c00000,0x0000005225d00000)]
  0x000001b34316e3c0 JavaThread "pool-4-thread-2" [_thread_blocked, id=15920, stack(0x0000005225d00000,0x0000005225e00000)]
  0x000001b34316a060 JavaThread "Reconciler-1" daemon [_thread_blocked, id=20200, stack(0x0000005225e00000,0x0000005225f00000)]
  0x000001b34316bd40 JavaThread "parallel-2" daemon [_thread_blocked, id=18380, stack(0x0000005225f00000,0x0000005226000000)]
  0x000001b34316aed0 JavaThread "ClassGraph-worker-0" daemon [_thread_blocked, id=17196, stack(0x0000005226000000,0x0000005226100000)]
  0x000001b34316b3a0 JavaThread "ClassGraph-worker-1" daemon [_thread_blocked, id=8684, stack(0x0000005226100000,0x0000005226200000)]
  0x000001b34316b870 JavaThread "ClassGraph-worker-2" daemon [_thread_blocked, id=452, stack(0x0000005226200000,0x0000005226300000)]
  0x000001b34316c210 JavaThread "ClassGraph-worker-3" daemon [_thread_blocked, id=14728, stack(0x0000005226300000,0x0000005226400000)]
  0x000001b34316fbd0 JavaThread "ClassGraph-worker-4" daemon [_thread_blocked, id=20392, stack(0x0000005226400000,0x0000005226500000)]
  0x000001b343170f10 JavaThread "ClassGraph-worker-5" daemon [_thread_blocked, id=1720, stack(0x0000005226500000,0x0000005226600000)]
  0x000001b34316aa00 JavaThread "ClassGraph-worker-6" daemon [_thread_blocked, id=19644, stack(0x0000005226600000,0x0000005226700000)]
  0x000001b3431700a0 JavaThread "ClassGraph-worker-7" daemon [_thread_blocked, id=15780, stack(0x0000005226700000,0x0000005226800000)]
  0x000001b34316cbb0 JavaThread "ClassGraph-worker-8" daemon [_thread_blocked, id=20436, stack(0x0000005226800000,0x0000005226900000)]
  0x000001b34316d080 JavaThread "ClassGraph-worker-9" daemon [_thread_blocked, id=3656, stack(0x0000005226900000,0x0000005226a00000)]
  0x000001b343170570 JavaThread "ClassGraph-worker-10" daemon [_thread_blocked, id=10040, stack(0x0000005226a00000,0x0000005226b00000)]
  0x000001b34316da20 JavaThread "ClassGraph-worker-11" daemon [_thread_blocked, id=22444, stack(0x0000005226b00000,0x0000005226c00000)]
  0x000001b34316e890 JavaThread "ClassGraph-worker-12" daemon [_thread_blocked, id=9948, stack(0x0000005226c00000,0x0000005226d00000)]
  0x000001b34316ed60 JavaThread "ClassGraph-worker-13" daemon [_thread_blocked, id=3436, stack(0x0000005226d00000,0x0000005226e00000)]
  0x000001b345847fb0 JavaThread "C1 CompilerThread3" daemon [_thread_blocked, id=18748, stack(0x0000005227000000,0x0000005227100000)]

Other Threads:
=>0x000001b340ce4bc0 VMThread "VM Thread" [stack: 0x0000005223d00000,0x0000005223e00000] [id=4276]
  0x000001b333e2f170 WatcherThread [stack: 0x0000005224900000,0x0000005224a00000] [id=19724]
  0x000001b333df59a0 GCTaskThread "GC Thread#0" [stack: 0x0000005223800000,0x0000005223900000] [id=1132]
  0x000001b34233d440 GCTaskThread "GC Thread#1" [stack: 0x0000005224c00000,0x0000005224d00000] [id=20536]
  0x000001b3423b5080 GCTaskThread "GC Thread#2" [stack: 0x0000005224d00000,0x0000005224e00000] [id=22456]
  0x000001b3423b5330 GCTaskThread "GC Thread#3" [stack: 0x0000005224e00000,0x0000005224f00000] [id=7000]
  0x000001b3423b55e0 GCTaskThread "GC Thread#4" [stack: 0x0000005224f00000,0x0000005225000000] [id=6204]
  0x000001b3423b5890 GCTaskThread "GC Thread#5" [stack: 0x0000005225000000,0x0000005225100000] [id=21840]
  0x000001b342d73040 GCTaskThread "GC Thread#6" [stack: 0x0000005225100000,0x0000005225200000] [id=9416]
  0x000001b342d732f0 GCTaskThread "GC Thread#7" [stack: 0x0000005225200000,0x0000005225300000] [id=8716]
  0x000001b333e23350 ConcurrentGCThread "G1 Main Marker" [stack: 0x0000005223900000,0x0000005223a00000] [id=14956]
  0x000001b333e23c70 ConcurrentGCThread "G1 Conc#0" [stack: 0x0000005223a00000,0x0000005223b00000] [id=5576]
  0x000001b342ed6920 ConcurrentGCThread "G1 Conc#1" [stack: 0x0000005225400000,0x0000005225500000] [id=19672]
  0x000001b340b530d0 ConcurrentGCThread "G1 Refine#0" [stack: 0x0000005223b00000,0x0000005223c00000] [id=15820]
  0x000001b343654e80 ConcurrentGCThread "G1 Refine#1" [stack: 0x0000005226e00000,0x0000005226f00000] [id=972]
  0x000001b3434ebae0 ConcurrentGCThread "G1 Refine#2" [stack: 0x0000005226f00000,0x0000005227000000] [id=13032]
  0x000001b340b53900 ConcurrentGCThread "G1 Service" [stack: 0x0000005223c00000,0x0000005223d00000] [id=14564]

Threads with active compile tasks:

VM state: at safepoint (normal execution)

VM Mutex/Monitor currently owned by a thread:  ([mutex/lock_event])
[0x000001b331bb7cb0] Threads_lock - owner thread: 0x000001b340ce4bc0
[0x000001b333d9abf0] Heap_lock - owner thread: 0x000001b343170570

Heap address: 0x0000000088c00000, size: 1908 MB, Compressed Oops mode: 32-bit

CDS archive(s) not mapped
Compressed class space mapped at: 0x0000000100000000-0x0000000140000000, reserved size: 1073741824
Narrow klass base: 0x0000000000000000, Narrow klass shift: 3, Narrow klass range: 0x140000000

GC Precious Log:
 CPUs: 8 total, 8 available
 Memory: 7629M
 Large Page Support: Disabled
 NUMA Support: Disabled
 Compressed Oops: Enabled (32-bit)
 Heap Region Size: 1M
 Heap Min Capacity: 8M
 Heap Initial Capacity: 120M
 Heap Max Capacity: 1908M
 Pre-touch: Disabled
 Parallel Workers: 8
 Concurrent Workers: 2
 Concurrent Refinement Workers: 8
 Periodic GC: Disabled

Heap:
 garbage-first heap   total 218112K, used 77241K [0x0000000088c00000, 0x0000000100000000)
  region size 1024K, 11 young (11264K), 11 survivors (11264K)
 Metaspace       used 38122K, committed 38464K, reserved 1089536K
  class space    used 4824K, committed 4928K, reserved 1048576K

Heap Regions: E=young(eden), S=young(survivor), O=old, HS=humongous(starts), HC=humongous(continues), CS=collection set, F=free, OA=open archive, CA=closed archive, TAMS=top-at-mark-start (previous, next)
|   0|0x0000000088c00000, 0x0000000088d00000, 0x0000000088d00000|100%| O|  |TAMS 0x0000000088d00000, 0x0000000088c00000| Untracked 
|   1|0x0000000088d00000, 0x0000000088e00000, 0x0000000088e00000|100%| O|  |TAMS 0x0000000088e00000, 0x0000000088d00000| Untracked 
|   2|0x0000000088e00000, 0x0000000088f00000, 0x0000000088f00000|100%| O|  |TAMS 0x0000000088f00000, 0x0000000088e00000| Untracked 
|   3|0x0000000088f00000, 0x0000000089000000, 0x0000000089000000|100%| O|  |TAMS 0x0000000089000000, 0x0000000088f00000| Untracked 
|   4|0x0000000089000000, 0x0000000089100000, 0x0000000089100000|100%| O|  |TAMS 0x0000000089100000, 0x0000000089000000| Untracked 
|   5|0x0000000089100000, 0x0000000089200000, 0x0000000089200000|100%| O|  |TAMS 0x0000000089200000, 0x0000000089100000| Untracked 
|   6|0x0000000089200000, 0x0000000089300000, 0x0000000089300000|100%| O|  |TAMS 0x0000000089300000, 0x0000000089200000| Untracked 
|   7|0x0000000089300000, 0x0000000089400000, 0x0000000089400000|100%| O|  |TAMS 0x0000000089400000, 0x0000000089300000| Untracked 
|   8|0x0000000089400000, 0x0000000089500000, 0x0000000089500000|100%| O|  |TAMS 0x0000000089500000, 0x0000000089400000| Untracked 
|   9|0x0000000089500000, 0x0000000089600000, 0x0000000089600000|100%| O|  |TAMS 0x0000000089600000, 0x0000000089500000| Untracked 
|  10|0x0000000089600000, 0x0000000089700000, 0x0000000089700000|100%| O|  |TAMS 0x0000000089700000, 0x0000000089600000| Untracked 
|  11|0x0000000089700000, 0x0000000089800000, 0x0000000089800000|100%| O|  |TAMS 0x0000000089800000, 0x0000000089700000| Untracked 
|  12|0x0000000089800000, 0x0000000089900000, 0x0000000089900000|100%| O|  |TAMS 0x0000000089900000, 0x0000000089800000| Untracked 
|  13|0x0000000089900000, 0x0000000089a00000, 0x0000000089a00000|100%| O|  |TAMS 0x0000000089a00000, 0x0000000089900000| Untracked 
|  14|0x0000000089a00000, 0x0000000089b00000, 0x0000000089b00000|100%| O|  |TAMS 0x0000000089b00000, 0x0000000089a00000| Untracked 
|  15|0x0000000089b00000, 0x0000000089c00000, 0x0000000089c00000|100%| O|  |TAMS 0x0000000089c00000, 0x0000000089b00000| Untracked 
|  16|0x0000000089c00000, 0x0000000089d00000, 0x0000000089d00000|100%| O|  |TAMS 0x0000000089d00000, 0x0000000089c00000| Untracked 
|  17|0x0000000089d00000, 0x0000000089e00000, 0x0000000089e00000|100%| O|  |TAMS 0x0000000089e00000, 0x0000000089d00000| Untracked 
|  18|0x0000000089e00000, 0x0000000089f00000, 0x0000000089f00000|100%| O|  |TAMS 0x0000000089f00000, 0x0000000089e00000| Untracked 
|  19|0x0000000089f00000, 0x000000008a000000, 0x000000008a000000|100%| O|  |TAMS 0x000000008a000000, 0x0000000089f00000| Untracked 
|  20|0x000000008a000000, 0x000000008a100000, 0x000000008a100000|100%| O|  |TAMS 0x000000008a100000, 0x000000008a000000| Untracked 
|  21|0x000000008a100000, 0x000000008a200000, 0x000000008a200000|100%| O|  |TAMS 0x000000008a200000, 0x000000008a100000| Untracked 
|  22|0x000000008a200000, 0x000000008a300000, 0x000000008a300000|100%| O|  |TAMS 0x000000008a300000, 0x000000008a200000| Untracked 
|  23|0x000000008a300000, 0x000000008a400000, 0x000000008a400000|100%| O|  |TAMS 0x000000008a400000, 0x000000008a300000| Untracked 
|  24|0x000000008a400000, 0x000000008a500000, 0x000000008a500000|100%| O|  |TAMS 0x000000008a500000, 0x000000008a400000| Untracked 
|  25|0x000000008a500000, 0x000000008a600000, 0x000000008a600000|100%| O|  |TAMS 0x000000008a600000, 0x000000008a500000| Untracked 
|  26|0x000000008a600000, 0x000000008a700000, 0x000000008a700000|100%| O|  |TAMS 0x000000008a700000, 0x000000008a600000| Untracked 
|  27|0x000000008a700000, 0x000000008a800000, 0x000000008a800000|100%| O|  |TAMS 0x000000008a800000, 0x000000008a700000| Untracked 
|  28|0x000000008a800000, 0x000000008a900000, 0x000000008a900000|100%| O|  |TAMS 0x000000008a900000, 0x000000008a800000| Untracked 
|  29|0x000000008a900000, 0x000000008aa00000, 0x000000008aa00000|100%| O|  |TAMS 0x000000008aa00000, 0x000000008a900000| Untracked 
|  30|0x000000008aa00000, 0x000000008ab00000, 0x000000008ab00000|100%| O|  |TAMS 0x000000008ab00000, 0x000000008aa00000| Untracked 
|  31|0x000000008ab00000, 0x000000008ac00000, 0x000000008ac00000|100%| O|  |TAMS 0x000000008ac00000, 0x000000008ab00000| Untracked 
|  32|0x000000008ac00000, 0x000000008ad00000, 0x000000008ad00000|100%| O|  |TAMS 0x000000008ad00000, 0x000000008ac00000| Untracked 
|  33|0x000000008ad00000, 0x000000008ae00000, 0x000000008ae00000|100%| O|  |TAMS 0x000000008ae00000, 0x000000008ad00000| Untracked 
|  34|0x000000008ae00000, 0x000000008af00000, 0x000000008af00000|100%| O|  |TAMS 0x000000008af00000, 0x000000008ae00000| Untracked 
|  35|0x000000008af00000, 0x000000008b000000, 0x000000008b000000|100%| O|  |TAMS 0x000000008b000000, 0x000000008af00000| Untracked 
|  36|0x000000008b000000, 0x000000008b100000, 0x000000008b100000|100%| O|  |TAMS 0x000000008b100000, 0x000000008b000000| Untracked 
|  37|0x000000008b100000, 0x000000008b200000, 0x000000008b200000|100%| O|  |TAMS 0x000000008b200000, 0x000000008b100000| Untracked 
|  38|0x000000008b200000, 0x000000008b300000, 0x000000008b300000|100%| O|  |TAMS 0x000000008b300000, 0x000000008b200000| Untracked 
|  39|0x000000008b300000, 0x000000008b400000, 0x000000008b400000|100%| O|  |TAMS 0x000000008b400000, 0x000000008b300000| Untracked 
|  40|0x000000008b400000, 0x000000008b500000, 0x000000008b500000|100%| O|  |TAMS 0x000000008b400000, 0x000000008b400000| Untracked 
|  41|0x000000008b500000, 0x000000008b600000, 0x000000008b600000|100%| O|  |TAMS 0x000000008b500000, 0x000000008b500000| Untracked 
|  42|0x000000008b600000, 0x000000008b700000, 0x000000008b700000|100%| O|  |TAMS 0x000000008b600000, 0x000000008b600000| Untracked 
|  43|0x000000008b700000, 0x000000008b800000, 0x000000008b800000|100%| O|  |TAMS 0x000000008b700000, 0x000000008b700000| Untracked 
|  44|0x000000008b800000, 0x000000008b900000, 0x000000008b900000|100%| O|  |TAMS 0x000000008b800000, 0x000000008b800000| Untracked 
|  45|0x000000008b900000, 0x000000008ba00000, 0x000000008ba00000|100%| O|  |TAMS 0x000000008b900000, 0x000000008b900000| Untracked 
|  46|0x000000008ba00000, 0x000000008bb00000, 0x000000008bb00000|100%|HS|  |TAMS 0x000000008ba00000, 0x000000008ba00000| Complete 
|  47|0x000000008bb00000, 0x000000008bc00000, 0x000000008bc00000|100%|HS|  |TAMS 0x000000008bb00000, 0x000000008bb00000| Complete 
|  48|0x000000008bc00000, 0x000000008bd00000, 0x000000008bd00000|100%| O|  |TAMS 0x000000008bc00000, 0x000000008bc00000| Untracked 
|  49|0x000000008bd00000, 0x000000008be00000, 0x000000008be00000|100%| O|  |TAMS 0x000000008bd00000, 0x000000008bd00000| Untracked 
|  50|0x000000008be00000, 0x000000008bf00000, 0x000000008bf00000|100%| O|  |TAMS 0x000000008be00000, 0x000000008be00000| Untracked 
|  51|0x000000008bf00000, 0x000000008c000000, 0x000000008c000000|100%| O|  |TAMS 0x000000008bf00000, 0x000000008bf00000| Untracked 
|  52|0x000000008c000000, 0x000000008c100000, 0x000000008c100000|100%| O|  |TAMS 0x000000008c000000, 0x000000008c000000| Untracked 
|  53|0x000000008c100000, 0x000000008c200000, 0x000000008c200000|100%| O|  |TAMS 0x000000008c100000, 0x000000008c100000| Untracked 
|  54|0x000000008c200000, 0x000000008c300000, 0x000000008c300000|100%| O|  |TAMS 0x000000008c200000, 0x000000008c200000| Untracked 
|  55|0x000000008c300000, 0x000000008c400000, 0x000000008c400000|100%| O|  |TAMS 0x000000008c300000, 0x000000008c300000| Untracked 
|  56|0x000000008c400000, 0x000000008c500000, 0x000000008c500000|100%| O|  |TAMS 0x000000008c400000, 0x000000008c400000| Untracked 
|  57|0x000000008c500000, 0x000000008c600000, 0x000000008c600000|100%| O|  |TAMS 0x000000008c500000, 0x000000008c500000| Untracked 
|  58|0x000000008c600000, 0x000000008c700000, 0x000000008c700000|100%| O|  |TAMS 0x000000008c600000, 0x000000008c600000| Untracked 
|  59|0x000000008c700000, 0x000000008c800000, 0x000000008c800000|100%| O|  |TAMS 0x000000008c700000, 0x000000008c700000| Untracked 
|  60|0x000000008c800000, 0x000000008c900000, 0x000000008c900000|100%| O|  |TAMS 0x000000008c800000, 0x000000008c800000| Untracked 
|  61|0x000000008c900000, 0x000000008ca00000, 0x000000008ca00000|100%| O|  |TAMS 0x000000008c900000, 0x000000008c900000| Untracked 
|  62|0x000000008ca00000, 0x000000008cb00000, 0x000000008cb00000|100%| O|  |TAMS 0x000000008ca00000, 0x000000008ca00000| Untracked 
|  63|0x000000008cb00000, 0x000000008cc00000, 0x000000008cc00000|100%| O|  |TAMS 0x000000008cb00000, 0x000000008cb00000| Untracked 
|  64|0x000000008cc00000, 0x000000008cc6e600, 0x000000008cd00000| 43%| O|  |TAMS 0x000000008cc00000, 0x000000008cc00000| Untracked 
|  65|0x000000008cd00000, 0x000000008cd00000, 0x000000008ce00000|  0%| F|  |TAMS 0x000000008cd00000, 0x000000008cd00000| Untracked 
|  66|0x000000008ce00000, 0x000000008ce00000, 0x000000008cf00000|  0%| F|  |TAMS 0x000000008ce00000, 0x000000008ce00000| Untracked 
|  67|0x000000008cf00000, 0x000000008cf00000, 0x000000008d000000|  0%| F|  |TAMS 0x000000008cf00000, 0x000000008cf00000| Untracked 
|  68|0x000000008d000000, 0x000000008d000000, 0x000000008d100000|  0%| F|  |TAMS 0x000000008d000000, 0x000000008d000000| Untracked 
|  69|0x000000008d100000, 0x000000008d100000, 0x000000008d200000|  0%| F|  |TAMS 0x000000008d100000, 0x000000008d100000| Untracked 
|  70|0x000000008d200000, 0x000000008d200000, 0x000000008d300000|  0%| F|  |TAMS 0x000000008d200000, 0x000000008d200000| Untracked 
|  71|0x000000008d300000, 0x000000008d300000, 0x000000008d400000|  0%| F|  |TAMS 0x000000008d300000, 0x000000008d300000| Untracked 
|  72|0x000000008d400000, 0x000000008d400000, 0x000000008d500000|  0%| F|  |TAMS 0x000000008d400000, 0x000000008d400000| Untracked 
|  73|0x000000008d500000, 0x000000008d500000, 0x000000008d600000|  0%| F|  |TAMS 0x000000008d500000, 0x000000008d500000| Untracked 
|  74|0x000000008d600000, 0x000000008d600000, 0x000000008d700000|  0%| F|  |TAMS 0x000000008d600000, 0x000000008d600000| Untracked 
|  75|0x000000008d700000, 0x000000008d700000, 0x000000008d800000|  0%| F|  |TAMS 0x000000008d700000, 0x000000008d700000| Untracked 
|  76|0x000000008d800000, 0x000000008d800000, 0x000000008d900000|  0%| F|  |TAMS 0x000000008d800000, 0x000000008d800000| Untracked 
|  77|0x000000008d900000, 0x000000008d900000, 0x000000008da00000|  0%| F|  |TAMS 0x000000008d900000, 0x000000008d900000| Untracked 
|  78|0x000000008da00000, 0x000000008da00000, 0x000000008db00000|  0%| F|  |TAMS 0x000000008da00000, 0x000000008da00000| Untracked 
|  79|0x000000008db00000, 0x000000008db00000, 0x000000008dc00000|  0%| F|  |TAMS 0x000000008db00000, 0x000000008db00000| Untracked 
|  80|0x000000008dc00000, 0x000000008dc00000, 0x000000008dd00000|  0%| F|  |TAMS 0x000000008dc00000, 0x000000008dc00000| Untracked 
|  81|0x000000008dd00000, 0x000000008dd00000, 0x000000008de00000|  0%| F|  |TAMS 0x000000008dd00000, 0x000000008dd00000| Untracked 
|  82|0x000000008de00000, 0x000000008de00000, 0x000000008df00000|  0%| F|  |TAMS 0x000000008de00000, 0x000000008de00000| Untracked 
|  83|0x000000008df00000, 0x000000008df00000, 0x000000008e000000|  0%| F|  |TAMS 0x000000008df00000, 0x000000008df00000| Untracked 
|  84|0x000000008e000000, 0x000000008e000000, 0x000000008e100000|  0%| F|  |TAMS 0x000000008e000000, 0x000000008e000000| Untracked 
|  85|0x000000008e100000, 0x000000008e100000, 0x000000008e200000|  0%| F|  |TAMS 0x000000008e100000, 0x000000008e100000| Untracked 
|  86|0x000000008e200000, 0x000000008e200000, 0x000000008e300000|  0%| F|  |TAMS 0x000000008e200000, 0x000000008e200000| Untracked 
|  87|0x000000008e300000, 0x000000008e300000, 0x000000008e400000|  0%| F|  |TAMS 0x000000008e300000, 0x000000008e300000| Untracked 
|  88|0x000000008e400000, 0x000000008e400000, 0x000000008e500000|  0%| F|  |TAMS 0x000000008e400000, 0x000000008e400000| Untracked 
|  89|0x000000008e500000, 0x000000008e500000, 0x000000008e600000|  0%| F|  |TAMS 0x000000008e500000, 0x000000008e500000| Untracked 
|  90|0x000000008e600000, 0x000000008e600000, 0x000000008e700000|  0%| F|  |TAMS 0x000000008e600000, 0x000000008e600000| Untracked 
|  91|0x000000008e700000, 0x000000008e700000, 0x000000008e800000|  0%| F|  |TAMS 0x000000008e700000, 0x000000008e700000| Untracked 
|  92|0x000000008e800000, 0x000000008e800000, 0x000000008e900000|  0%| F|  |TAMS 0x000000008e800000, 0x000000008e800000| Untracked 
|  93|0x000000008e900000, 0x000000008e900000, 0x000000008ea00000|  0%| F|  |TAMS 0x000000008e900000, 0x000000008e900000| Untracked 
|  94|0x000000008ea00000, 0x000000008ea00000, 0x000000008eb00000|  0%| F|  |TAMS 0x000000008ea00000, 0x000000008ea00000| Untracked 
|  95|0x000000008eb00000, 0x000000008eb00000, 0x000000008ec00000|  0%| F|  |TAMS 0x000000008eb00000, 0x000000008eb00000| Untracked 
|  96|0x000000008ec00000, 0x000000008ec00000, 0x000000008ed00000|  0%| F|  |TAMS 0x000000008ec00000, 0x000000008ec00000| Untracked 
|  97|0x000000008ed00000, 0x000000008ed00000, 0x000000008ee00000|  0%| F|  |TAMS 0x000000008ed00000, 0x000000008ed00000| Untracked 
|  98|0x000000008ee00000, 0x000000008ee00000, 0x000000008ef00000|  0%| F|  |TAMS 0x000000008ee00000, 0x000000008ee00000| Untracked 
|  99|0x000000008ef00000, 0x000000008ef00000, 0x000000008f000000|  0%| F|  |TAMS 0x000000008ef00000, 0x000000008ef00000| Untracked 
| 100|0x000000008f000000, 0x000000008f000000, 0x000000008f100000|  0%| F|  |TAMS 0x000000008f000000, 0x000000008f000000| Untracked 
| 101|0x000000008f100000, 0x000000008f100000, 0x000000008f200000|  0%| F|  |TAMS 0x000000008f100000, 0x000000008f100000| Untracked 
| 102|0x000000008f200000, 0x000000008f200000, 0x000000008f300000|  0%| F|  |TAMS 0x000000008f200000, 0x000000008f200000| Untracked 
| 103|0x000000008f300000, 0x000000008f300000, 0x000000008f400000|  0%| F|  |TAMS 0x000000008f300000, 0x000000008f300000| Untracked 
| 104|0x000000008f400000, 0x000000008f400000, 0x000000008f500000|  0%| F|  |TAMS 0x000000008f400000, 0x000000008f400000| Untracked 
| 105|0x000000008f500000, 0x000000008f600000, 0x000000008f600000|100%| S|CS|TAMS 0x000000008f500000, 0x000000008f500000| Complete 
| 106|0x000000008f600000, 0x000000008f700000, 0x000000008f700000|100%| S|CS|TAMS 0x000000008f600000, 0x000000008f600000| Complete 
| 107|0x000000008f700000, 0x000000008f800000, 0x000000008f800000|100%| S|CS|TAMS 0x000000008f700000, 0x000000008f700000| Complete 
| 108|0x000000008f800000, 0x000000008f900000, 0x000000008f900000|100%| S|CS|TAMS 0x000000008f800000, 0x000000008f800000| Complete 
| 109|0x000000008f900000, 0x000000008fa00000, 0x000000008fa00000|100%| S|CS|TAMS 0x000000008f900000, 0x000000008f900000| Complete 
| 110|0x000000008fa00000, 0x000000008fb00000, 0x000000008fb00000|100%| S|CS|TAMS 0x000000008fa00000, 0x000000008fa00000| Complete 
| 111|0x000000008fb00000, 0x000000008fc00000, 0x000000008fc00000|100%| S|CS|TAMS 0x000000008fb00000, 0x000000008fb00000| Complete 
| 112|0x000000008fc00000, 0x000000008fd00000, 0x000000008fd00000|100%| S|CS|TAMS 0x000000008fc00000, 0x000000008fc00000| Complete 
| 113|0x000000008fd00000, 0x000000008fe00000, 0x000000008fe00000|100%| S|CS|TAMS 0x000000008fd00000, 0x000000008fd00000| Complete 
| 114|0x000000008fe00000, 0x000000008ff00000, 0x000000008ff00000|100%| S|CS|TAMS 0x000000008fe00000, 0x000000008fe00000| Complete 
| 115|0x000000008ff00000, 0x0000000090000000, 0x0000000090000000|100%| S|CS|TAMS 0x000000008ff00000, 0x000000008ff00000| Complete 
| 116|0x0000000090000000, 0x0000000090000000, 0x0000000090100000|  0%| F|  |TAMS 0x0000000090000000, 0x0000000090000000| Untracked 
| 117|0x0000000090100000, 0x0000000090100000, 0x0000000090200000|  0%| F|  |TAMS 0x0000000090100000, 0x0000000090100000| Untracked 
| 118|0x0000000090200000, 0x0000000090200000, 0x0000000090300000|  0%| F|  |TAMS 0x0000000090200000, 0x0000000090200000| Untracked 
| 119|0x0000000090300000, 0x0000000090300000, 0x0000000090400000|  0%| F|  |TAMS 0x0000000090300000, 0x0000000090300000| Untracked 
| 120|0x0000000090400000, 0x0000000090400000, 0x0000000090500000|  0%| F|  |TAMS 0x0000000090400000, 0x0000000090400000| Untracked 
| 121|0x0000000090500000, 0x0000000090500000, 0x0000000090600000|  0%| F|  |TAMS 0x0000000090500000, 0x0000000090500000| Untracked 
| 122|0x0000000090600000, 0x0000000090600000, 0x0000000090700000|  0%| F|  |TAMS 0x0000000090600000, 0x0000000090600000| Untracked 
| 123|0x0000000090700000, 0x0000000090700000, 0x0000000090800000|  0%| F|  |TAMS 0x0000000090700000, 0x0000000090700000| Untracked 
| 124|0x0000000090800000, 0x0000000090800000, 0x0000000090900000|  0%| F|  |TAMS 0x0000000090800000, 0x0000000090800000| Untracked 
| 125|0x0000000090900000, 0x0000000090900000, 0x0000000090a00000|  0%| F|  |TAMS 0x0000000090900000, 0x0000000090900000| Untracked 
| 126|0x0000000090a00000, 0x0000000090a00000, 0x0000000090b00000|  0%| F|  |TAMS 0x0000000090a00000, 0x0000000090a00000| Untracked 
| 127|0x0000000090b00000, 0x0000000090b00000, 0x0000000090c00000|  0%| F|  |TAMS 0x0000000090b00000, 0x0000000090b00000| Untracked 
| 128|0x0000000090c00000, 0x0000000090c00000, 0x0000000090d00000|  0%| F|  |TAMS 0x0000000090c00000, 0x0000000090c00000| Untracked 
| 129|0x0000000090d00000, 0x0000000090d00000, 0x0000000090e00000|  0%| F|  |TAMS 0x0000000090d00000, 0x0000000090d00000| Untracked 
| 130|0x0000000090e00000, 0x0000000090e00000, 0x0000000090f00000|  0%| F|  |TAMS 0x0000000090e00000, 0x0000000090e00000| Untracked 
| 131|0x0000000090f00000, 0x0000000090f00000, 0x0000000091000000|  0%| F|  |TAMS 0x0000000090f00000, 0x0000000090f00000| Untracked 
| 132|0x0000000091000000, 0x0000000091000000, 0x0000000091100000|  0%| F|  |TAMS 0x0000000091000000, 0x0000000091000000| Untracked 
| 133|0x0000000091100000, 0x0000000091100000, 0x0000000091200000|  0%| F|  |TAMS 0x0000000091100000, 0x0000000091100000| Untracked 
| 134|0x0000000091200000, 0x0000000091200000, 0x0000000091300000|  0%| F|  |TAMS 0x0000000091200000, 0x0000000091200000| Untracked 
| 135|0x0000000091300000, 0x0000000091300000, 0x0000000091400000|  0%| F|  |TAMS 0x0000000091300000, 0x0000000091300000| Untracked 
| 136|0x0000000091400000, 0x0000000091400000, 0x0000000091500000|  0%| F|  |TAMS 0x0000000091400000, 0x0000000091400000| Untracked 
| 137|0x0000000091500000, 0x0000000091500000, 0x0000000091600000|  0%| F|  |TAMS 0x0000000091500000, 0x0000000091500000| Untracked 
| 138|0x0000000091600000, 0x0000000091600000, 0x0000000091700000|  0%| F|  |TAMS 0x0000000091600000, 0x0000000091600000| Untracked 
| 139|0x0000000091700000, 0x0000000091700000, 0x0000000091800000|  0%| F|  |TAMS 0x0000000091700000, 0x0000000091700000| Untracked 
| 140|0x0000000091800000, 0x0000000091800000, 0x0000000091900000|  0%| F|  |TAMS 0x0000000091800000, 0x0000000091800000| Untracked 
| 141|0x0000000091900000, 0x0000000091900000, 0x0000000091a00000|  0%| F|  |TAMS 0x0000000091900000, 0x0000000091900000| Untracked 
| 142|0x0000000091a00000, 0x0000000091a00000, 0x0000000091b00000|  0%| F|  |TAMS 0x0000000091a00000, 0x0000000091a00000| Untracked 
| 143|0x0000000091b00000, 0x0000000091b00000, 0x0000000091c00000|  0%| F|  |TAMS 0x0000000091b00000, 0x0000000091b00000| Untracked 
| 144|0x0000000091c00000, 0x0000000091c00000, 0x0000000091d00000|  0%| F|  |TAMS 0x0000000091c00000, 0x0000000091c00000| Untracked 
| 145|0x0000000091d00000, 0x0000000091d00000, 0x0000000091e00000|  0%| F|  |TAMS 0x0000000091d00000, 0x0000000091d00000| Untracked 
| 146|0x0000000091e00000, 0x0000000091e00000, 0x0000000091f00000|  0%| F|  |TAMS 0x0000000091e00000, 0x0000000091e00000| Untracked 
| 147|0x0000000091f00000, 0x0000000091f00000, 0x0000000092000000|  0%| F|  |TAMS 0x0000000091f00000, 0x0000000091f00000| Untracked 
| 148|0x0000000092000000, 0x0000000092000000, 0x0000000092100000|  0%| F|  |TAMS 0x0000000092000000, 0x0000000092000000| Untracked 
| 149|0x0000000092100000, 0x0000000092100000, 0x0000000092200000|  0%| F|  |TAMS 0x0000000092100000, 0x0000000092100000| Untracked 
| 150|0x0000000092200000, 0x0000000092200000, 0x0000000092300000|  0%| F|  |TAMS 0x0000000092200000, 0x0000000092200000| Untracked 
| 151|0x0000000092300000, 0x0000000092300000, 0x0000000092400000|  0%| F|  |TAMS 0x0000000092300000, 0x0000000092300000| Untracked 
| 152|0x0000000092400000, 0x0000000092400000, 0x0000000092500000|  0%| F|  |TAMS 0x0000000092400000, 0x0000000092400000| Untracked 
| 153|0x0000000092500000, 0x0000000092500000, 0x0000000092600000|  0%| F|  |TAMS 0x0000000092500000, 0x0000000092500000| Untracked 
| 154|0x0000000092600000, 0x0000000092600000, 0x0000000092700000|  0%| F|  |TAMS 0x0000000092600000, 0x0000000092600000| Untracked 
| 155|0x0000000092700000, 0x0000000092700000, 0x0000000092800000|  0%| F|  |TAMS 0x0000000092700000, 0x0000000092700000| Untracked 
| 156|0x0000000092800000, 0x0000000092800000, 0x0000000092900000|  0%| F|  |TAMS 0x0000000092800000, 0x0000000092800000| Untracked 
| 157|0x0000000092900000, 0x0000000092900000, 0x0000000092a00000|  0%| F|  |TAMS 0x0000000092900000, 0x0000000092900000| Untracked 
| 158|0x0000000092a00000, 0x0000000092a00000, 0x0000000092b00000|  0%| F|  |TAMS 0x0000000092a00000, 0x0000000092a00000| Untracked 
| 159|0x0000000092b00000, 0x0000000092b00000, 0x0000000092c00000|  0%| F|  |TAMS 0x0000000092b00000, 0x0000000092b00000| Untracked 
| 160|0x0000000092c00000, 0x0000000092c00000, 0x0000000092d00000|  0%| F|  |TAMS 0x0000000092c00000, 0x0000000092c00000| Untracked 
| 161|0x0000000092d00000, 0x0000000092d00000, 0x0000000092e00000|  0%| F|  |TAMS 0x0000000092d00000, 0x0000000092d00000| Untracked 
| 162|0x0000000092e00000, 0x0000000092e00000, 0x0000000092f00000|  0%| F|  |TAMS 0x0000000092e00000, 0x0000000092e00000| Untracked 
| 163|0x0000000092f00000, 0x0000000092f00000, 0x0000000093000000|  0%| F|  |TAMS 0x0000000092f00000, 0x0000000092f00000| Untracked 
| 164|0x0000000093000000, 0x0000000093000000, 0x0000000093100000|  0%| F|  |TAMS 0x0000000093000000, 0x0000000093000000| Untracked 
| 165|0x0000000093100000, 0x0000000093100000, 0x0000000093200000|  0%| F|  |TAMS 0x0000000093100000, 0x0000000093100000| Untracked 
| 166|0x0000000093200000, 0x0000000093200000, 0x0000000093300000|  0%| F|  |TAMS 0x0000000093200000, 0x0000000093200000| Untracked 
| 167|0x0000000093300000, 0x0000000093300000, 0x0000000093400000|  0%| F|  |TAMS 0x0000000093300000, 0x0000000093300000| Untracked 
| 168|0x0000000093400000, 0x0000000093400000, 0x0000000093500000|  0%| F|  |TAMS 0x0000000093400000, 0x0000000093400000| Untracked 
| 169|0x0000000093500000, 0x0000000093500000, 0x0000000093600000|  0%| F|  |TAMS 0x0000000093500000, 0x0000000093500000| Untracked 
| 170|0x0000000093600000, 0x0000000093600000, 0x0000000093700000|  0%| F|  |TAMS 0x0000000093600000, 0x0000000093600000| Untracked 
| 171|0x0000000093700000, 0x0000000093700000, 0x0000000093800000|  0%| F|  |TAMS 0x0000000093700000, 0x0000000093700000| Untracked 
| 172|0x0000000093800000, 0x0000000093800000, 0x0000000093900000|  0%| F|  |TAMS 0x0000000093800000, 0x0000000093800000| Untracked 
| 173|0x0000000093900000, 0x0000000093900000, 0x0000000093a00000|  0%| F|  |TAMS 0x0000000093900000, 0x0000000093900000| Untracked 
| 174|0x0000000093a00000, 0x0000000093a00000, 0x0000000093b00000|  0%| F|  |TAMS 0x0000000093a00000, 0x0000000093a00000| Untracked 
| 175|0x0000000093b00000, 0x0000000093b00000, 0x0000000093c00000|  0%| F|  |TAMS 0x0000000093b00000, 0x0000000093b00000| Untracked 
| 176|0x0000000093c00000, 0x0000000093c00000, 0x0000000093d00000|  0%| F|  |TAMS 0x0000000093c00000, 0x0000000093c00000| Untracked 
| 177|0x0000000093d00000, 0x0000000093d00000, 0x0000000093e00000|  0%| F|  |TAMS 0x0000000093d00000, 0x0000000093d00000| Untracked 
| 178|0x0000000093e00000, 0x0000000093e00000, 0x0000000093f00000|  0%| F|  |TAMS 0x0000000093e00000, 0x0000000093e00000| Untracked 
| 179|0x0000000093f00000, 0x0000000093f00000, 0x0000000094000000|  0%| F|  |TAMS 0x0000000093f00000, 0x0000000093f00000| Untracked 
| 180|0x0000000094000000, 0x0000000094000000, 0x0000000094100000|  0%| F|  |TAMS 0x0000000094000000, 0x0000000094000000| Untracked 
| 181|0x0000000094100000, 0x0000000094100000, 0x0000000094200000|  0%| F|  |TAMS 0x0000000094100000, 0x0000000094100000| Untracked 
| 182|0x0000000094200000, 0x0000000094200000, 0x0000000094300000|  0%| F|  |TAMS 0x0000000094200000, 0x0000000094200000| Untracked 
| 183|0x0000000094300000, 0x0000000094300000, 0x0000000094400000|  0%| F|  |TAMS 0x0000000094300000, 0x0000000094300000| Untracked 
| 184|0x0000000094400000, 0x0000000094400000, 0x0000000094500000|  0%| F|  |TAMS 0x0000000094400000, 0x0000000094400000| Untracked 
| 185|0x0000000094500000, 0x0000000094500000, 0x0000000094600000|  0%| F|  |TAMS 0x0000000094500000, 0x0000000094500000| Untracked 
| 186|0x0000000094600000, 0x0000000094600000, 0x0000000094700000|  0%| F|  |TAMS 0x0000000094600000, 0x0000000094600000| Untracked 
| 187|0x0000000094700000, 0x0000000094700000, 0x0000000094800000|  0%| F|  |TAMS 0x0000000094700000, 0x0000000094700000| Untracked 
| 188|0x0000000094800000, 0x0000000094800000, 0x0000000094900000|  0%| F|  |TAMS 0x0000000094800000, 0x0000000094800000| Untracked 
| 189|0x0000000094900000, 0x0000000094900000, 0x0000000094a00000|  0%| F|  |TAMS 0x0000000094900000, 0x0000000094900000| Untracked 
| 190|0x0000000094a00000, 0x0000000094a00000, 0x0000000094b00000|  0%| F|  |TAMS 0x0000000094a00000, 0x0000000094a00000| Untracked 
| 191|0x0000000094b00000, 0x0000000094b00000, 0x0000000094c00000|  0%| F|  |TAMS 0x0000000094b00000, 0x0000000094b00000| Untracked 
| 192|0x0000000094c00000, 0x0000000094c00000, 0x0000000094d00000|  0%| F|  |TAMS 0x0000000094c00000, 0x0000000094c00000| Untracked 
| 193|0x0000000094d00000, 0x0000000094d00000, 0x0000000094e00000|  0%| F|  |TAMS 0x0000000094d00000, 0x0000000094d00000| Untracked 
| 194|0x0000000094e00000, 0x0000000094e00000, 0x0000000094f00000|  0%| F|  |TAMS 0x0000000094e00000, 0x0000000094e00000| Untracked 
| 195|0x0000000094f00000, 0x0000000094f00000, 0x0000000095000000|  0%| F|  |TAMS 0x0000000094f00000, 0x0000000094f00000| Untracked 
| 196|0x0000000095000000, 0x0000000095000000, 0x0000000095100000|  0%| F|  |TAMS 0x0000000095000000, 0x0000000095000000| Untracked 
| 197|0x0000000095100000, 0x0000000095100000, 0x0000000095200000|  0%| F|  |TAMS 0x0000000095100000, 0x0000000095100000| Untracked 
| 198|0x0000000095200000, 0x0000000095200000, 0x0000000095300000|  0%| F|  |TAMS 0x0000000095200000, 0x0000000095200000| Untracked 
| 199|0x0000000095300000, 0x0000000095300000, 0x0000000095400000|  0%| F|  |TAMS 0x0000000095300000, 0x0000000095300000| Untracked 
| 200|0x0000000095400000, 0x0000000095400000, 0x0000000095500000|  0%| F|  |TAMS 0x0000000095400000, 0x0000000095400000| Untracked 
| 201|0x0000000095500000, 0x0000000095500000, 0x0000000095600000|  0%| F|  |TAMS 0x0000000095500000, 0x0000000095500000| Untracked 
| 202|0x0000000095600000, 0x0000000095600000, 0x0000000095700000|  0%| F|  |TAMS 0x0000000095600000, 0x0000000095600000| Untracked 
| 203|0x0000000095700000, 0x0000000095700000, 0x0000000095800000|  0%| F|  |TAMS 0x0000000095700000, 0x0000000095700000| Untracked 
| 204|0x0000000095800000, 0x0000000095800000, 0x0000000095900000|  0%| F|  |TAMS 0x0000000095800000, 0x0000000095800000| Untracked 
| 205|0x0000000095900000, 0x0000000095900000, 0x0000000095a00000|  0%| F|  |TAMS 0x0000000095900000, 0x0000000095900000| Untracked 
| 206|0x0000000095a00000, 0x0000000095a00000, 0x0000000095b00000|  0%| F|  |TAMS 0x0000000095a00000, 0x0000000095a00000| Untracked 
| 207|0x0000000095b00000, 0x0000000095b00000, 0x0000000095c00000|  0%| F|  |TAMS 0x0000000095b00000, 0x0000000095b00000| Untracked 
| 208|0x0000000095c00000, 0x0000000095c00000, 0x0000000095d00000|  0%| F|  |TAMS 0x0000000095c00000, 0x0000000095c00000| Untracked 
| 209|0x0000000095d00000, 0x0000000095d00000, 0x0000000095e00000|  0%| F|  |TAMS 0x0000000095d00000, 0x0000000095d00000| Untracked 
| 210|0x0000000095e00000, 0x0000000095e00000, 0x0000000095f00000|  0%| F|  |TAMS 0x0000000095e00000, 0x0000000095e00000| Untracked 
| 211|0x0000000095f00000, 0x0000000095f00000, 0x0000000096000000|  0%| F|  |TAMS 0x0000000095f00000, 0x0000000095f00000| Untracked 
| 212|0x0000000096000000, 0x0000000096000000, 0x0000000096100000|  0%| F|  |TAMS 0x0000000096000000, 0x0000000096000000| Untracked 

Card table byte_map: [0x000001b339f00000,0x000001b33a2c0000] _byte_map_base: 0x000001b339aba000

Marking Bits (Prev, Next): (CMBitMap*) 0x000001b333df6f10, (CMBitMap*) 0x000001b333df6ed0
 Prev Bits: [0x000001b33c450000, 0x000001b33e220000)
 Next Bits: [0x000001b33a680000, 0x000001b33c450000)

Polling page: 0x000001b331f10000

Metaspace:

Usage:
  Non-class:     32.52 MB used.
      Class:      4.71 MB used.
       Both:     37.23 MB used.

Virtual space:
  Non-class space:       40.00 MB reserved,      32.75 MB ( 82%) committed,  5 nodes.
      Class space:        1.00 GB reserved,       4.81 MB ( <1%) committed,  1 nodes.
             Both:        1.04 GB reserved,      37.56 MB (  4%) committed. 

Chunk freelists:
   Non-Class:  3.23 MB
       Class:  3.12 MB
        Both:  6.36 MB

MaxMetaspaceSize: unlimited
CompressedClassSpaceSize: 1.00 GB
Initial GC threshold: 21.00 MB
Current GC threshold: 60.88 MB
CDS: off
MetaspaceReclaimPolicy: balanced
 - commit_granule_bytes: 65536.
 - commit_granule_words: 8192.
 - virtual_space_node_default_size: 1048576.
 - enlarge_chunks_in_place: 1.
 - new_chunks_are_fully_committed: 0.
 - uncommit_free_chunks: 1.
 - use_allocation_guard: 0.
 - handle_deallocations: 1.


Internal statistics:

num_allocs_failed_limit: 5.
num_arena_births: 342.
num_arena_deaths: 0.
num_vsnodes_births: 6.
num_vsnodes_deaths: 0.
num_space_committed: 601.
num_space_uncommitted: 0.
num_chunks_returned_to_freelist: 5.
num_chunks_taken_from_freelist: 1453.
num_chunk_merges: 5.
num_chunk_splits: 1000.
num_chunks_enlarged: 776.
num_purges: 0.
num_inconsistent_stats: 0.

CodeCache: size=49152Kb used=9181Kb max_used=9181Kb free=39970Kb
 bounds [0x000001b336a30000, 0x000001b337330000, 0x000001b339a30000]
 total_blobs=4291 nmethods=3761 adapters=454
 compilation: enabled
              stopped_count=0, restarted_count=0
 full_count=0

Compilation events (20 events):
Event: 15.591 Thread 0x000001b3418281d0 3752   !   1       sun.net.www.ParseUtil::decode (317 bytes)
Event: 15.598 Thread 0x000001b3418281d0 nmethod 3752 0x000001b337320910 code [0x000001b337320cc0, 0x000001b337322018]
Event: 15.619 Thread 0x000001b345847fb0 3753       1       java.util.LinkedHashMap::<init> (16 bytes)
Event: 15.619 Thread 0x000001b345847fb0 nmethod 3753 0x000001b337322e10 code [0x000001b337322fa0, 0x000001b337323088]
Event: 15.620 Thread 0x000001b345847fb0 3754       1       java.util.jar.Attributes::clone (9 bytes)
Event: 15.620 Thread 0x000001b341924570 3755       1       java.util.jar.Attributes::<init> (17 bytes)
Event: 15.620 Thread 0x000001b345847fb0 nmethod 3754 0x000001b337323110 code [0x000001b3373232c0, 0x000001b3373234e8]
Event: 15.620 Thread 0x000001b341924570 nmethod 3755 0x000001b337323610 code [0x000001b3373237a0, 0x000001b337323968]
Event: 15.653 Thread 0x000001b345847fb0 3756   !   1       sun.security.jca.ProviderConfig::getProvider (322 bytes)
Event: 15.656 Thread 0x000001b345847fb0 nmethod 3756 0x000001b337323a10 code [0x000001b337323d20, 0x000001b3373247a8]
Event: 15.672 Thread 0x000001b3418281d0 3757       1       java.lang.Throwable::<init> (34 bytes)
Event: 15.672 Thread 0x000001b340c84b60 3758   !   1       sun.security.x509.X500Name::asX500Principal (51 bytes)
Event: 15.673 Thread 0x000001b3418281d0 nmethod 3757 0x000001b337325090 code [0x000001b337325240, 0x000001b3373254c8]
Event: 15.673 Thread 0x000001b340c84b60 nmethod 3758 0x000001b337325590 code [0x000001b337325760, 0x000001b337325b68]
Event: 15.681 Thread 0x000001b340c84b60 3759       1       sun.security.util.SignatureFileVerifier::updateSigners (132 bytes)
Event: 15.682 Thread 0x000001b340c84b60 nmethod 3759 0x000001b337325d90 code [0x000001b337325fc0, 0x000001b337326538]
Event: 15.683 Thread 0x000001b340c84b60 3760       1       java.util.Hashtable::rehash (142 bytes)
Event: 15.684 Thread 0x000001b340c84b60 nmethod 3760 0x000001b337326890 code [0x000001b337326a80, 0x000001b337326ee8]
Event: 15.725 Thread 0x000001b345847fb0 3761       1       java.util.Locale::getLanguage (8 bytes)
Event: 15.725 Thread 0x000001b345847fb0 nmethod 3761 0x000001b337327410 code [0x000001b3373275a0, 0x000001b337327678]

GC Heap History (20 events):
Event: 13.527 GC heap after
{Heap after GC invocations=12 (full 0):
 garbage-first heap   total 87040K, used 27256K [0x0000000088c00000, 0x0000000100000000)
  region size 1024K, 2 young (2048K), 2 survivors (2048K)
 Metaspace       used 35808K, committed 36160K, reserved 1081344K
  class space    used 4642K, committed 4800K, reserved 1048576K
}
Event: 13.790 GC heap before
{Heap before GC invocations=13 (full 0):
 garbage-first heap   total 87040K, used 62072K [0x0000000088c00000, 0x0000000100000000)
  region size 1024K, 36 young (36864K), 2 survivors (2048K)
 Metaspace       used 36256K, committed 36608K, reserved 1081344K
  class space    used 4683K, committed 4864K, reserved 1048576K
}
Event: 13.799 GC heap after
{Heap after GC invocations=14 (full 0):
 garbage-first heap   total 87040K, used 32768K [0x0000000088c00000, 0x0000000100000000)
  region size 1024K, 5 young (5120K), 5 survivors (5120K)
 Metaspace       used 36256K, committed 36608K, reserved 1081344K
  class space    used 4683K, committed 4864K, reserved 1048576K
}
Event: 13.971 GC heap before
{Heap before GC invocations=14 (full 0):
 garbage-first heap   total 87040K, used 60416K [0x0000000088c00000, 0x0000000100000000)
  region size 1024K, 33 young (33792K), 5 survivors (5120K)
 Metaspace       used 36361K, committed 36736K, reserved 1081344K
  class space    used 4685K, committed 4864K, reserved 1048576K
}
Event: 13.987 GC heap after
{Heap after GC invocations=15 (full 0):
 garbage-first heap   total 87040K, used 41136K [0x0000000088c00000, 0x0000000100000000)
  region size 1024K, 5 young (5120K), 5 survivors (5120K)
 Metaspace       used 36361K, committed 36736K, reserved 1081344K
  class space    used 4685K, committed 4864K, reserved 1048576K
}
Event: 14.109 GC heap before
{Heap before GC invocations=15 (full 0):
 garbage-first heap   total 87040K, used 62640K [0x0000000088c00000, 0x0000000100000000)
  region size 1024K, 26 young (26624K), 5 survivors (5120K)
 Metaspace       used 36422K, committed 36800K, reserved 1081344K
  class space    used 4693K, committed 4864K, reserved 1048576K
}
Event: 14.119 GC heap after
{Heap after GC invocations=16 (full 0):
 garbage-first heap   total 87040K, used 46064K [0x0000000088c00000, 0x0000000100000000)
  region size 1024K, 4 young (4096K), 4 survivors (4096K)
 Metaspace       used 36422K, committed 36800K, reserved 1081344K
  class space    used 4693K, committed 4864K, reserved 1048576K
}
Event: 14.721 GC heap before
{Heap before GC invocations=16 (full 0):
 garbage-first heap   total 87040K, used 61424K [0x0000000088c00000, 0x0000000100000000)
  region size 1024K, 21 young (21504K), 4 survivors (4096K)
 Metaspace       used 36986K, committed 37312K, reserved 1081344K
  class space    used 4751K, committed 4928K, reserved 1048576K
}
Event: 14.733 GC heap after
{Heap after GC invocations=17 (full 0):
 garbage-first heap   total 87040K, used 49575K [0x0000000088c00000, 0x0000000100000000)
  region size 1024K, 3 young (3072K), 3 survivors (3072K)
 Metaspace       used 36986K, committed 37312K, reserved 1081344K
  class space    used 4751K, committed 4928K, reserved 1048576K
}
Event: 14.876 GC heap before
{Heap before GC invocations=18 (full 0):
 garbage-first heap   total 102400K, used 66983K [0x0000000088c00000, 0x0000000100000000)
  region size 1024K, 19 young (19456K), 3 survivors (3072K)
 Metaspace       used 37124K, committed 37440K, reserved 1081344K
  class space    used 4758K, committed 4928K, reserved 1048576K
}
Event: 14.890 GC heap after
{Heap after GC invocations=19 (full 0):
 garbage-first heap   total 102400K, used 59501K [0x0000000088c00000, 0x0000000100000000)
  region size 1024K, 3 young (3072K), 3 survivors (3072K)
 Metaspace       used 37124K, committed 37440K, reserved 1081344K
  class space    used 4758K, committed 4928K, reserved 1048576K
}
Event: 14.906 GC heap before
{Heap before GC invocations=19 (full 0):
 garbage-first heap   total 102400K, used 61549K [0x0000000088c00000, 0x0000000100000000)
  region size 1024K, 5 young (5120K), 3 survivors (3072K)
 Metaspace       used 37142K, committed 37504K, reserved 1081344K
  class space    used 4760K, committed 4928K, reserved 1048576K
}
Event: 14.917 GC heap after
{Heap after GC invocations=20 (full 0):
 garbage-first heap   total 218112K, used 60578K [0x0000000088c00000, 0x0000000100000000)
  region size 1024K, 1 young (1024K), 1 survivors (1024K)
 Metaspace       used 37142K, committed 37504K, reserved 1081344K
  class space    used 4760K, committed 4928K, reserved 1048576K
}
Event: 15.075 GC heap before
{Heap before GC invocations=20 (full 0):
 garbage-first heap   total 218112K, used 128162K [0x0000000088c00000, 0x0000000100000000)
  region size 1024K, 69 young (70656K), 1 survivors (1024K)
 Metaspace       used 37387K, committed 37696K, reserved 1089536K
  class space    used 4776K, committed 4928K, reserved 1048576K
}
Event: 15.108 GC heap after
{Heap after GC invocations=21 (full 0):
 garbage-first heap   total 218112K, used 66345K [0x0000000088c00000, 0x0000000100000000)
  region size 1024K, 7 young (7168K), 7 survivors (7168K)
 Metaspace       used 37387K, committed 37696K, reserved 1089536K
  class space    used 4776K, committed 4928K, reserved 1048576K
}
Event: 15.160 GC heap before
{Heap before GC invocations=21 (full 0):
 garbage-first heap   total 218112K, used 140073K [0x0000000088c00000, 0x0000000100000000)
  region size 1024K, 80 young (81920K), 7 survivors (7168K)
 Metaspace       used 37489K, committed 37824K, reserved 1089536K
  class space    used 4789K, committed 4928K, reserved 1048576K
}
Event: 15.190 GC heap after
{Heap after GC invocations=22 (full 0):
 garbage-first heap   total 218112K, used 69830K [0x0000000088c00000, 0x0000000100000000)
  region size 1024K, 4 young (4096K), 4 survivors (4096K)
 Metaspace       used 37489K, committed 37824K, reserved 1089536K
  class space    used 4789K, committed 4928K, reserved 1048576K
}
Event: 15.465 GC heap before
{Heap before GC invocations=22 (full 0):
 garbage-first heap   total 218112K, used 156870K [0x0000000088c00000, 0x0000000100000000)
  region size 1024K, 90 young (92160K), 4 survivors (4096K)
 Metaspace       used 37940K, committed 38208K, reserved 1089536K
  class space    used 4805K, committed 4928K, reserved 1048576K
}
Event: 15.472 GC heap after
{Heap after GC invocations=23 (full 0):
 garbage-first heap   total 218112K, used 72593K [0x0000000088c00000, 0x0000000100000000)
  region size 1024K, 7 young (7168K), 7 survivors (7168K)
 Metaspace       used 37940K, committed 38208K, reserved 1089536K
  class space    used 4805K, committed 4928K, reserved 1048576K
}
Event: 15.762 GC heap before
{Heap before GC invocations=23 (full 0):
 garbage-first heap   total 218112K, used 163729K [0x0000000088c00000, 0x0000000100000000)
  region size 1024K, 97 young (99328K), 7 survivors (7168K)
 Metaspace       used 38122K, committed 38464K, reserved 1089536K
  class space    used 4824K, committed 4928K, reserved 1048576K
}

Deoptimization events (12 events):
Event: 5.270 Thread 0x000001b333d9d770 DEOPT PACKING pc=0x000001b336f8d399 sp=0x00000052237fd640
Event: 5.270 Thread 0x000001b333d9d770 DEOPT UNPACKING pc=0x000001b336a82b43 sp=0x00000052237fcb20 mode 3
Event: 11.430 Thread 0x000001b333d9d770 DEOPT PACKING pc=0x000001b336dcbf99 sp=0x00000052237fca20
Event: 11.430 Thread 0x000001b333d9d770 DEOPT UNPACKING pc=0x000001b336a82b43 sp=0x00000052237fbf00 mode 3
Event: 12.791 Thread 0x000001b342f41540 DEOPT PACKING pc=0x000001b33712b935 sp=0x00000052257fd930
Event: 12.791 Thread 0x000001b342f41540 DEOPT UNPACKING pc=0x000001b336a82b43 sp=0x00000052257fce48 mode 3
Event: 12.970 Thread 0x000001b34316def0 DEOPT PACKING pc=0x000001b33714602b sp=0x00000052258fe700
Event: 12.970 Thread 0x000001b34316def0 DEOPT UNPACKING pc=0x000001b336a82b43 sp=0x00000052258fdc48 mode 3
Event: 13.143 Thread 0x000001b343170f10 DEOPT PACKING pc=0x000001b336f89d81 sp=0x00000052265febd0
Event: 13.143 Thread 0x000001b343170f10 DEOPT UNPACKING pc=0x000001b336a82b43 sp=0x00000052265fe060 mode 3
Event: 13.509 Thread 0x000001b343170570 DEOPT PACKING pc=0x000001b336f87597 sp=0x0000005226aff150
Event: 13.509 Thread 0x000001b343170570 DEOPT UNPACKING pc=0x000001b336a82b43 sp=0x0000005226afe5a8 mode 3

Classes unloaded (0 events):
No events

Classes redefined (0 events):
No events

Internal exceptions (20 events):
Event: 13.063 Thread 0x000001b34316b3a0 Exception <a 'sun/nio/fs/WindowsException'{0x000000008e7397d8}> (0x000000008e7397d8) 
thrown [s\src\hotspot\share\prims\jni.cpp, line 516]
Event: 13.063 Thread 0x000001b34316b3a0 Exception <a 'sun/nio/fs/WindowsException'{0x000000008e739bb8}> (0x000000008e739bb8) 
thrown [s\src\hotspot\share\prims\jni.cpp, line 516]
Event: 13.064 Thread 0x000001b34316b3a0 Exception <a 'sun/nio/fs/WindowsException'{0x000000008e73a608}> (0x000000008e73a608) 
thrown [s\src\hotspot\share\prims\jni.cpp, line 516]
Event: 13.064 Thread 0x000001b34316b3a0 Exception <a 'sun/nio/fs/WindowsException'{0x000000008e73aa18}> (0x000000008e73aa18) 
thrown [s\src\hotspot\share\prims\jni.cpp, line 516]
Event: 13.064 Thread 0x000001b34316b3a0 Exception <a 'sun/nio/fs/WindowsException'{0x000000008e73b440}> (0x000000008e73b440) 
thrown [s\src\hotspot\share\prims\jni.cpp, line 516]
Event: 13.064 Thread 0x000001b34316b3a0 Exception <a 'sun/nio/fs/WindowsException'{0x000000008e73b820}> (0x000000008e73b820) 
thrown [s\src\hotspot\share\prims\jni.cpp, line 516]
Event: 13.065 Thread 0x000001b34316b3a0 Exception <a 'sun/nio/fs/WindowsException'{0x000000008e73c220}> (0x000000008e73c220) 
thrown [s\src\hotspot\share\prims\jni.cpp, line 516]
Event: 13.065 Thread 0x000001b34316b3a0 Exception <a 'sun/nio/fs/WindowsException'{0x000000008e73c5d0}> (0x000000008e73c5d0) 
thrown [s\src\hotspot\share\prims\jni.cpp, line 516]
Event: 13.065 Thread 0x000001b34316b3a0 Exception <a 'sun/nio/fs/WindowsException'{0x000000008e73cfd8}> (0x000000008e73cfd8) 
thrown [s\src\hotspot\share\prims\jni.cpp, line 516]
Event: 13.066 Thread 0x000001b34316b3a0 Exception <a 'sun/nio/fs/WindowsException'{0x000000008e73d398}> (0x000000008e73d398) 
thrown [s\src\hotspot\share\prims\jni.cpp, line 516]
Event: 13.066 Thread 0x000001b34316b3a0 Exception <a 'sun/nio/fs/WindowsException'{0x000000008e73dd98}> (0x000000008e73dd98) 
thrown [s\src\hotspot\share\prims\jni.cpp, line 516]
Event: 13.067 Thread 0x000001b34316b3a0 Exception <a 'sun/nio/fs/WindowsException'{0x000000008e73e148}> (0x000000008e73e148) 
thrown [s\src\hotspot\share\prims\jni.cpp, line 516]
Event: 13.067 Thread 0x000001b34316b3a0 Exception <a 'sun/nio/fs/WindowsException'{0x000000008e73eb50}> (0x000000008e73eb50) 
thrown [s\src\hotspot\share\prims\jni.cpp, line 516]
Event: 13.067 Thread 0x000001b34316b3a0 Exception <a 'sun/nio/fs/WindowsException'{0x000000008e73ef10}> (0x000000008e73ef10) 
thrown [s\src\hotspot\share\prims\jni.cpp, line 516]
Event: 13.068 Thread 0x000001b34316b3a0 Exception <a 'sun/nio/fs/WindowsException'{0x000000008e73f938}> (0x000000008e73f938) 
thrown [s\src\hotspot\share\prims\jni.cpp, line 516]
Event: 13.068 Thread 0x000001b34316b3a0 Exception <a 'sun/nio/fs/WindowsException'{0x000000008e73fd18}> (0x000000008e73fd18) 
thrown [s\src\hotspot\share\prims\jni.cpp, line 516]
Event: 13.068 Thread 0x000001b34316b3a0 Exception <a 'sun/nio/fs/WindowsException'{0x000000008e740750}> (0x000000008e740750) 
thrown [s\src\hotspot\share\prims\jni.cpp, line 516]
Event: 13.069 Thread 0x000001b34316b3a0 Exception <a 'sun/nio/fs/WindowsException'{0x000000008e740b40}> (0x000000008e740b40) 
thrown [s\src\hotspot\share\prims\jni.cpp, line 516]
Event: 13.069 Thread 0x000001b34316b3a0 Exception <a 'sun/nio/fs/WindowsException'{0x000000008e741570}> (0x000000008e741570) 
thrown [s\src\hotspot\share\prims\jni.cpp, line 516]
Event: 13.070 Thread 0x000001b34316b3a0 Exception <a 'sun/nio/fs/WindowsException'{0x000000008e741960}> (0x000000008e741960) 
thrown [s\src\hotspot\share\prims\jni.cpp, line 516]

VM Operations (20 events):
Event: 15.071 Executing VM operation: G1CollectForAllocation done
Event: 15.071 Executing VM operation: G1CollectForAllocation
Event: 15.071 Executing VM operation: G1CollectForAllocation done
Event: 15.072 Executing VM operation: G1CollectForAllocation
Event: 15.108 Executing VM operation: G1CollectForAllocation done
Event: 15.123 Executing VM operation: HandshakeAllThreads
Event: 15.124 Executing VM operation: HandshakeAllThreads done
Event: 15.125 Executing VM operation: HandshakeAllThreads
Event: 15.125 Executing VM operation: HandshakeAllThreads done
Event: 15.159 Executing VM operation: G1CollectForAllocation
Event: 15.160 Executing VM operation: G1CollectForAllocation done
Event: 15.160 Executing VM operation: G1CollectForAllocation
Event: 15.190 Executing VM operation: G1CollectForAllocation done
Event: 15.414 Executing VM operation: G1CollectForAllocation
Event: 15.450 Executing VM operation: G1CollectForAllocation done
Event: 15.450 Executing VM operation: G1CollectForAllocation
Event: 15.472 Executing VM operation: G1CollectForAllocation done
Event: 15.758 Executing VM operation: G1CollectForAllocation
Event: 15.762 Executing VM operation: G1CollectForAllocation done
Event: 15.762 Executing VM operation: G1CollectForAllocation

Events (20 events):
Event: 15.586 loading class java/util/ImmutableCollections$Access$1
Event: 15.586 loading class jdk/internal/access/JavaUtilCollectionAccess
Event: 15.586 loading class jdk/internal/access/JavaUtilCollectionAccess done
Event: 15.586 loading class java/util/ImmutableCollections$Access$1 done
Event: 15.588 loading class java/util/ResourceBundle$CacheKey
Event: 15.588 loading class java/util/ResourceBundle$CacheKey done
Event: 15.588 loading class java/util/ResourceBundle$KeyElementReference
Event: 15.588 loading class java/util/ResourceBundle$CacheKeyReference
Event: 15.588 loading class java/util/ResourceBundle$CacheKeyReference done
Event: 15.589 loading class java/util/ResourceBundle$KeyElementReference done
Event: 15.590 loading class java/util/ResourceBundle$Control$2
Event: 15.590 loading class java/util/ResourceBundle$Control$2 done
Event: 15.684 loading class java/util/PropertyResourceBundle
Event: 15.685 loading class java/util/PropertyResourceBundle done
Event: 15.685 loading class sun/util/PropertyResourceBundleCharset
Event: 15.685 loading class sun/util/PropertyResourceBundleCharset done
Event: 15.685 loading class sun/util/PropertyResourceBundleCharset$PropertiesFileDecoder
Event: 15.685 loading class sun/util/PropertyResourceBundleCharset$PropertiesFileDecoder done
Event: 15.711 loading class java/util/ResourceBundle$BundleReference
Event: 15.721 loading class java/util/ResourceBundle$BundleReference done


Dynamic libraries:
0x00007ff6d7100000 - 0x00007ff6d710e000 	c:\Users\wmaluc\.vscode\extensions\redhat.java-1.12.0-win32-x64\jre\17.0.4.1-win32-x86_64\bin\java.exe
0x00007ff82a450000 - 0x00007ff82a648000 	C:\WINDOWS\SYSTEM32\ntdll.dll
0x00007ffff6d70000 - 0x00007ffff6d87000 	C:\Program Files\Avast Software\Avast\aswhook.dll
0x00007ff829640000 - 0x00007ff8296ff000 	C:\WINDOWS\System32\KERNEL32.DLL
0x00007ff8281c0000 - 0x00007ff828492000 	C:\WINDOWS\System32\KERNELBASE.dll
0x00007ff827da0000 - 0x00007ff827ea0000 	C:\WINDOWS\System32\ucrtbase.dll
0x00007ff81ad20000 - 0x00007ff81ad39000 	c:\Users\wmaluc\.vscode\extensions\redhat.java-1.12.0-win32-x64\jre\17.0.4.1-win32-x86_64\bin\VCRUNTIME140.dll
0x00007ff81afc0000 - 0x00007ff81afd8000 	c:\Users\wmaluc\.vscode\extensions\redhat.java-1.12.0-win32-x64\jre\17.0.4.1-win32-x86_64\bin\jli.dll
0x00007ff8291f0000 - 0x00007ff82938d000 	C:\WINDOWS\System32\USER32.dll
0x00007ff827b50000 - 0x00007ff827b72000 	C:\WINDOWS\System32\win32u.dll
0x00007ff818260000 - 0x00007ff8184fa000 	C:\WINDOWS\WinSxS\amd64_microsoft.windows.common-controls_6595b64144ccf1df_6.0.19041.1110_none_60b5254171f9507e\COMCTL32.dll
0x00007ff828b80000 - 0x00007ff828bab000 	C:\WINDOWS\System32\GDI32.dll
0x00007ff828ae0000 - 0x00007ff828b7e000 	C:\WINDOWS\System32\msvcrt.dll
0x00007ff828000000 - 0x00007ff82810f000 	C:\WINDOWS\System32\gdi32full.dll
0x00007ff827f60000 - 0x00007ff827ffd000 	C:\WINDOWS\System32\msvcp_win.dll
0x00007ff828e10000 - 0x00007ff828e42000 	C:\WINDOWS\System32\IMM32.DLL
0x00007ff821b50000 - 0x00007ff821b5c000 	c:\Users\wmaluc\.vscode\extensions\redhat.java-1.12.0-win32-x64\jre\17.0.4.1-win32-x86_64\bin\vcruntime140_1.dll
0x00007ff804b70000 - 0x00007ff804c01000 	c:\Users\wmaluc\.vscode\extensions\redhat.java-1.12.0-win32-x64\jre\17.0.4.1-win32-x86_64\bin\msvcp140.dll
0x00007fffcbb90000 - 0x00007fffcc7d6000 	c:\Users\wmaluc\.vscode\extensions\redhat.java-1.12.0-win32-x64\jre\17.0.4.1-win32-x86_64\bin\server\jvm.dll
0x00007ff828830000 - 0x00007ff8288de000 	C:\WINDOWS\System32\ADVAPI32.dll
0x00007ff828ef0000 - 0x00007ff828f8c000 	C:\WINDOWS\System32\sechost.dll
0x00007ff8290c0000 - 0x00007ff8291e5000 	C:\WINDOWS\System32\RPCRT4.dll
0x00007ff829630000 - 0x00007ff829638000 	C:\WINDOWS\System32\PSAPI.DLL
0x00007ff811030000 - 0x00007ff811039000 	C:\WINDOWS\SYSTEM32\WSOCK32.dll
0x00007ff819870000 - 0x00007ff819897000 	C:\WINDOWS\SYSTEM32\WINMM.dll
0x00007ff8207f0000 - 0x00007ff8207fa000 	C:\WINDOWS\SYSTEM32\VERSION.dll
0x00007ff829050000 - 0x00007ff8290bb000 	C:\WINDOWS\System32\WS2_32.dll
0x00007ff825a10000 - 0x00007ff825a22000 	C:\WINDOWS\SYSTEM32\kernel.appcore.dll
0x00007ff81c480000 - 0x00007ff81c48a000 	c:\Users\wmaluc\.vscode\extensions\redhat.java-1.12.0-win32-x64\jre\17.0.4.1-win32-x86_64\bin\jimage.dll
0x00007ff8203d0000 - 0x00007ff8205b4000 	C:\WINDOWS\SYSTEM32\DBGHELP.DLL
0x00007ff81bef0000 - 0x00007ff81bf1c000 	C:\WINDOWS\SYSTEM32\dbgcore.DLL
0x00007ff827ed0000 - 0x00007ff827f52000 	C:\WINDOWS\System32\bcryptPrimitives.dll
0x00007ff81a830000 - 0x00007ff81a855000 	c:\Users\wmaluc\.vscode\extensions\redhat.java-1.12.0-win32-x64\jre\17.0.4.1-win32-x86_64\bin\java.dll
0x00007ff8199b0000 - 0x00007ff8199c8000 	c:\Users\wmaluc\.vscode\extensions\redhat.java-1.12.0-win32-x64\jre\17.0.4.1-win32-x86_64\bin\zip.dll
0x00007ff829c40000 - 0x00007ff82a383000 	C:\WINDOWS\System32\SHELL32.dll
0x00007ff825c10000 - 0x00007ff8263a2000 	C:\WINDOWS\SYSTEM32\windows.storage.dll
0x00007ff8284d0000 - 0x00007ff828824000 	C:\WINDOWS\System32\combase.dll
0x00007ff8275b0000 - 0x00007ff8275e0000 	C:\WINDOWS\SYSTEM32\Wldp.dll
0x00007ff828d60000 - 0x00007ff828e0d000 	C:\WINDOWS\System32\SHCORE.dll
0x00007ff828ff0000 - 0x00007ff829045000 	C:\WINDOWS\System32\shlwapi.dll
0x00007ff827a90000 - 0x00007ff827aaf000 	C:\WINDOWS\SYSTEM32\profapi.dll
0x00007ff819460000 - 0x00007ff819479000 	C:\Users\wmaluc\.vscode\extensions\redhat.java-1.12.0-win32-x64\jre\17.0.4.1-win32-x86_64\bin\net.dll
0x00007ff818870000 - 0x00007ff81897c000 	C:\WINDOWS\SYSTEM32\WINHTTP.dll
0x00007ff827310000 - 0x00007ff82737a000 	C:\WINDOWS\system32\mswsock.dll
0x00007ff818b70000 - 0x00007ff818b85000 	C:\Users\wmaluc\.vscode\extensions\redhat.java-1.12.0-win32-x64\jre\17.0.4.1-win32-x86_64\bin\nio.dll
0x00007ff81b860000 - 0x00007ff81b870000 	c:\Users\wmaluc\.vscode\extensions\redhat.java-1.12.0-win32-x64\jre\17.0.4.1-win32-x86_64\bin\verify.dll
0x00007ff81adb0000 - 0x00007ff81adb9000 	C:\Users\wmaluc\.vscode\extensions\redhat.java-1.12.0-win32-x64\jre\17.0.4.1-win32-x86_64\bin\management.dll
0x00007ff81ada0000 - 0x00007ff81adab000 	C:\Users\wmaluc\.vscode\extensions\redhat.java-1.12.0-win32-x64\jre\17.0.4.1-win32-x86_64\bin\management_ext.dll
0x00007ff8091b0000 - 0x00007ff8091c7000 	C:\WINDOWS\system32\napinsp.dll
0x00007ff809190000 - 0x00007ff8091ab000 	C:\WINDOWS\system32\pnrpnsp.dll
0x00007ff822a20000 - 0x00007ff822a35000 	C:\WINDOWS\system32\wshbth.dll
0x00007ff8234f0000 - 0x00007ff82350d000 	C:\WINDOWS\system32\NLAapi.dll
0x00007ff826fb0000 - 0x00007ff826feb000 	C:\WINDOWS\SYSTEM32\IPHLPAPI.DLL
0x00007ff827000000 - 0x00007ff8270ca000 	C:\WINDOWS\SYSTEM32\DNSAPI.dll
0x00007ff8284c0000 - 0x00007ff8284c8000 	C:\WINDOWS\System32\NSI.dll
0x00007ff809170000 - 0x00007ff809182000 	C:\WINDOWS\System32\winrnr.dll
0x00007ff812b00000 - 0x00007ff812b0a000 	C:\Windows\System32\rasadhlp.dll
0x00007ff816eb0000 - 0x00007ff816f30000 	C:\WINDOWS\System32\fwpuclnt.dll
0x00007ff827ea0000 - 0x00007ff827ec7000 	C:\WINDOWS\System32\bcrypt.dll
0x00007ff827510000 - 0x00007ff827528000 	C:\WINDOWS\SYSTEM32\CRYPTSP.dll
0x00007ff826b50000 - 0x00007ff826b84000 	C:\WINDOWS\system32\rsaenh.dll
0x00007ff827a50000 - 0x00007ff827a7e000 	C:\WINDOWS\SYSTEM32\USERENV.dll
0x00007ff827500000 - 0x00007ff82750c000 	C:\WINDOWS\SYSTEM32\CRYPTBASE.dll
0x00007ff81c760000 - 0x00007ff81c777000 	C:\WINDOWS\SYSTEM32\dhcpcsvc6.DLL
0x00007ff81ddf0000 - 0x00007ff81de0d000 	C:\WINDOWS\SYSTEM32\dhcpcsvc.DLL

dbghelp: loaded successfully - version: 4.0.5 - missing functions: none
symbol engine: initialized successfully - sym options: 0x614 - pdb path: .;c:\Users\wmaluc\.vscode\extensions\redhat.java-1.12.0-win32-x64\jre\17.0.4.1-win32-x86_64\bin;C:\WINDOWS\SYSTEM32;C:\Program Files\Avast Software\Avast;C:\WINDOWS\WinSxS\amd64_microsoft.windows.common-controls_6595b64144ccf1df_6.0.19041.1110_none_60b5254171f9507e;c:\Users\wmaluc\.vscode\extensions\redhat.java-1.12.0-win32-x64\jre\17.0.4.1-win32-x86_64\bin\server

VM Arguments:
jvm_args: -Dsts.lsp.client=vscode -Dsts.log.file=/dev/null -XX:TieredStopAtLevel=1 -Xlog:jni+resolve=off -Dspring.config.location=file:c:\Users\wmaluc\.vscode\extensions\pivotal.vscode-spring-boot-1.40.0\language-server\BOOT-INF\classes\application.properties 
java_command: org.springframework.ide.vscode.boot.app.BootLanguageServerBootApp
java_class_path (initial): c:\Users\wmaluc\.vscode\extensions\pivotal.vscode-spring-boot-1.40.0\language-server\BOOT-INF\classes;c:\Users\wmaluc\.vscode\extensions\pivotal.vscode-spring-boot-1.40.0\language-server\BOOT-INF\lib\annotations-23.0.0.jar;c:\Users\wmaluc\.vscode\extensions\pivotal.vscode-spring-boot-1.40.0\language-server\BOOT-INF\lib\ant-1.10.12.jar;c:\Users\wmaluc\.vscode\extensions\pivotal.vscode-spring-boot-1.40.0\language-server\BOOT-INF\lib\ant-launcher-1.10.12.jar;c:\Users\wmaluc\.vscode\extensions\pivotal.vscode-spring-boot-1.40.0\language-server\BOOT-INF\lib\antlr-runtime-3.5.2.jar;c:\Users\wmaluc\.vscode\extensions\pivotal.vscode-spring-boot-1.40.0\language-server\BOOT-INF\lib\antlr4-4.9.3.jar;c:\Users\wmaluc\.vscode\extensions\pivotal.vscode-spring-boot-1.40.0\language-server\BOOT-INF\lib\antlr4-runtime-4.9.3.jar;c:\Users\wmaluc\.vscode\extensions\pivotal.vscode-spring-boot-1.40.0\language-server\BOOT-INF\lib\asm-9.3.jar;c:\Users\wmaluc\.vscode\extensions\pivotal.vscode-spring-boot-1.40.0\language-server\BOOT-INF\lib\asm-analysis-9.3.jar;c:\Users\wmaluc\.vscode\extensions\pivotal.vscode-spring-boot-1.40.0\language-server\BOOT-INF\lib\asm-tree-9.3.jar;c:\Users\wmaluc\.vscode\extensions\pivotal.vscode-spring-boot-1.40.0\language-server\BOOT-INF\lib\asm-util-9.3.jar;c:\Users\wmaluc\.vscode\extensions\pivotal.vscode-spring-boot-1.40.0\language-server\BOOT-INF\lib\byte-buddy-1.12.13.jar;c:\Users\wmaluc\.vscode\extensions\pivotal.vscode-spring-boot-1.40.0\language-server\BOOT-INF\lib\caffeine-2.9.3.jar;c:\Users\wmaluc\.vscode\extensions\pivotal.vscode-spring-boot-1.40.0\language-server\BOOT-INF\lib\checker-qual-3.12.0.jar;c:\Users\wmaluc\.vscode\extensions\pivotal.vscode-spring-boot-1.40.0\language-server\BOOT-INF\lib\classgraph-4.8.149.jar;c:\Users\wmaluc\.vscode\extensions\pivotal.vscode-spring-boot-1.40.0\language-server\BOOT-INF\lib\commons-codec-1.15.jar;c:\Users\wmaluc\.vscode\extensions\pivotal.vscode-spring-boot-1.40.0\language-server\BOOT-
Launcher Type: SUN_STANDARD

[Global flags]
     intx CICompilerCount                          = 4                                         {product} {ergonomic}
     uint ConcGCThreads                            = 2                                         {product} {ergonomic}
     uint G1ConcRefinementThreads                  = 8                                         {product} {ergonomic}
   size_t G1HeapRegionSize                         = 1048576                                   {product} {ergonomic}
    uintx GCDrainStackTargetSize                   = 64                                        {product} {ergonomic}
   size_t InitialHeapSize                          = 125829120                                 {product} {ergonomic}
   size_t MarkStackSize                            = 4194304                                   {product} {ergonomic}
   size_t MaxHeapSize                              = 2000683008                                {product} {ergonomic}
   size_t MaxNewSize                               = 1199570944                                {product} {ergonomic}
   size_t MinHeapDeltaBytes                        = 1048576                                   {product} {ergonomic}
   size_t MinHeapSize                              = 8388608                                   {product} {ergonomic}
    uintx NonProfiledCodeHeapSize                  = 0                                      {pd product} {ergonomic}
     bool ProfileInterpreter                       = false                                  {pd product} {command line}
    uintx ProfiledCodeHeapSize                     = 0                                      {pd product} {ergonomic}
   size_t SoftMaxHeapSize                          = 2000683008                             {manageable} {ergonomic}
     intx TieredStopAtLevel                        = 1                                         {product} {command line}
     bool UseCompressedClassPointers               = true                           {product lp64_product} {ergonomic}
     bool UseCompressedOops                        = true                           {product lp64_product} {ergonomic}
     bool UseG1GC                                  = true                                      {product} {ergonomic}
     bool UseLargePagesIndividualAllocation        = false                                  {pd product} {ergonomic}

Logging:
Log output configuration:
 #0: stdout all=warning,jni+resolve=off uptime,level,tags
 #1: stderr all=off uptime,level,tags

Environment Variables:
JAVA_HOME=C:\Program Files\Eclipse Adoptium\jdk-17.0.4.101-hotspot\
PATH=C:\Users\wmaluc\AppData\Local\cloud-code\installer\google-cloud-sdk\bin;C:\Python311\Scripts\;C:\Python311\;C:\Python310\Scripts\;C:\Python310\;C:\Program Files\Eclipse Adoptium\jdk-17.0.4.101-hotspot\bin;C:\Program Files\Eclipse Adoptium\jdk-11.0.15.10-hotspot\bin;C:\Program Files\Common Files\Oracle\Java\javapath;C:\WINDOWS\system32;C:\WINDOWS;C:\WINDOWS\System32\Wbem;C:\WINDOWS\System32\WindowsPowerShell\v1.0\;C:\WINDOWS\System32\OpenSSH\;C:\Program Files (x86)\NVIDIA Corporation\PhysX\Common;C:\WINDOWS\system32;C:\WINDOWS;C:\WINDOWS\System32\Wbem;C:\WINDOWS\System32\WindowsPowerShell\v1.0\;C:\WINDOWS\System32\OpenSSH\;C:\Program Files\Git\cmd;C:\ProgramData\chocolatey\bin;C:\Program Files\nodejs\;C:\Program Files\MySQL\MySQL Shell 8.0\bin\;C:\Users\wmaluc\AppData\Local\Programs\Python\Python39\Scripts\;C:\Users\wmaluc\AppData\Local\Programs\Python\Python39\;C:\Users\wmaluc\AppData\Local\Microsoft\WindowsApps;C:\Program Files\JetBrains\PyCharm Community Edition 2022.1.1\bin;;C:\Users\wmaluc\AppData\Local\Programs\Microsoft VS Code\bin;C:\Program Files\apache-maven-3.8.6\bin;C:\Users\wmaluc\AppData\Local\GitHubDesktop\bin;C:\Users\wmaluc\AppData\Roaming\npm;C:\Users\wmaluc\AppData\Local\Google\Cloud SDK\google-cloud-sdk\bin;C:\Program Files (x86)\Google\Cloud SDK\google-cloud-sdk\bin;C:\Program Files\Google\Cloud SDK\google-cloud-sdk\bin
USERNAME=wmaluc
OS=Windows_NT
PROCESSOR_IDENTIFIER=Intel64 Family 6 Model 58 Stepping 9, GenuineIntel
TMP=C:\Users\wmaluc\AppData\Local\Temp
TEMP=C:\Users\wmaluc\AppData\Local\Temp



---------------  S Y S T E M  ---------------

OS:
 Windows 10 , 64 bit Build 19041 (10.0.19041.2251)
OS uptime: 6 days 16:21 hours

CPU: total 8 (initial active 8) (4 cores per cpu, 2 threads per core) family 6 model 58 stepping 9 microcode 0x21, cx8, cmov, fxsr, ht, mmx, sse, sse2, sse3, ssse3, sse4.1, sse4.2, popcnt, tsc, tscinvbit, avx, aes, erms, clmul, vzeroupper, clflush

Memory: 4k page, system-wide physical 7629M (987M free)
TotalPageFile size 19849M (AvailPageFile size 1062M)
current process WorkingSet (physical memory assigned to process): 308M, peak: 308M
current process commit charge ("private bytes"): 360M, peak: 719M

vm_info: OpenJDK 64-Bit Server VM (17.0.4.1+1) for windows-amd64 JRE (17.0.4.1+1), built on Aug 17 2022 07:42:43 by "temurin" with MS VC++ 16.7 (VS2019)

END.
